[0.007s] Invoking command in '/home/parallels/robot_ws/build/ired_bringup': CMAKE_PREFIX_PATH=/home/parallels/robot_ws/install/ired_msgs:/home/parallels/robot_ws/install/rplidar_ros:/home/parallels/robot_ws/install/ros2_laser_scan_matcher:/home/parallels/robot_ws/install/ired_rviz:/home/parallels/robot_ws/install/ired_navigation:/home/parallels/robot_ws/install/ired_bringup:/home/parallels/robot_ws/install/csm:/opt/ros/jazzy/opt/gz_sim_vendor:/opt/ros/jazzy/opt/gz_sensors_vendor:/opt/ros/jazzy/opt/gz_physics_vendor:/opt/ros/jazzy/opt/sdformat_vendor:/opt/ros/jazzy/opt/gz_gui_vendor:/opt/ros/jazzy/opt/gz_transport_vendor:/opt/ros/jazzy/opt/gz_rendering_vendor:/opt/ros/jazzy/opt/gz_plugin_vendor:/opt/ros/jazzy/opt/gz_fuel_tools_vendor:/opt/ros/jazzy/opt/gz_msgs_vendor:/opt/ros/jazzy/opt/gz_common_vendor:/opt/ros/jazzy/opt/gz_math_vendor:/opt/ros/jazzy/opt/gz_utils_vendor:/opt/ros/jazzy/opt/gz_tools_vendor:/opt/ros/jazzy/opt/gz_ogre_next_vendor:/opt/ros/jazzy/opt/gz_dartsim_vendor:/opt/ros/jazzy/opt/gz_cmake_vendor:/home/parallels/robot_ws/install/kim_description:/home/parallels/robot_ws/install/kim_kardashian:/home/parallels/robot_ws/install/ired_teleop:/opt/ros/jazzy DEBUGINFOD_URLS=https://debuginfod.ubuntu.com PYTHONPATH=/home/parallels/robot_ws/install/ired_msgs/lib/python3.12/site-packages:/home/parallels/robot_ws/build/kim_description:/home/parallels/robot_ws/install/kim_description/lib/python3.12/site-packages:/home/parallels/robot_ws/build/kim_kardashian:/home/parallels/robot_ws/install/kim_kardashian/lib/python3.12/site-packages:/home/parallels/robot_ws/build/ired_teleop:/home/parallels/robot_ws/install/ired_teleop/lib/python3.12/site-packages:/opt/ros/jazzy/lib/python3.12/site-packages /usr/bin/cmake --build /home/parallels/robot_ws/build/ired_bringup -- -j2 -l2
[0.040s] [ 18%] Built target forward_kinematics_node
[0.047s] [ 36%] Built target inverse_kinematics_node
[0.058s] [ 54%] Built target imu_node
[0.081s] [ 81%] Built target iredcr_modbus_node
[0.081s] [100%] Built target odom_node
[0.085s] Invoked command in '/home/parallels/robot_ws/build/ired_bringup' returned '0': CMAKE_PREFIX_PATH=/home/parallels/robot_ws/install/ired_msgs:/home/parallels/robot_ws/install/rplidar_ros:/home/parallels/robot_ws/install/ros2_laser_scan_matcher:/home/parallels/robot_ws/install/ired_rviz:/home/parallels/robot_ws/install/ired_navigation:/home/parallels/robot_ws/install/ired_bringup:/home/parallels/robot_ws/install/csm:/opt/ros/jazzy/opt/gz_sim_vendor:/opt/ros/jazzy/opt/gz_sensors_vendor:/opt/ros/jazzy/opt/gz_physics_vendor:/opt/ros/jazzy/opt/sdformat_vendor:/opt/ros/jazzy/opt/gz_gui_vendor:/opt/ros/jazzy/opt/gz_transport_vendor:/opt/ros/jazzy/opt/gz_rendering_vendor:/opt/ros/jazzy/opt/gz_plugin_vendor:/opt/ros/jazzy/opt/gz_fuel_tools_vendor:/opt/ros/jazzy/opt/gz_msgs_vendor:/opt/ros/jazzy/opt/gz_common_vendor:/opt/ros/jazzy/opt/gz_math_vendor:/opt/ros/jazzy/opt/gz_utils_vendor:/opt/ros/jazzy/opt/gz_tools_vendor:/opt/ros/jazzy/opt/gz_ogre_next_vendor:/opt/ros/jazzy/opt/gz_dartsim_vendor:/opt/ros/jazzy/opt/gz_cmake_vendor:/home/parallels/robot_ws/install/kim_description:/home/parallels/robot_ws/install/kim_kardashian:/home/parallels/robot_ws/install/ired_teleop:/opt/ros/jazzy DEBUGINFOD_URLS=https://debuginfod.ubuntu.com PYTHONPATH=/home/parallels/robot_ws/install/ired_msgs/lib/python3.12/site-packages:/home/parallels/robot_ws/build/kim_description:/home/parallels/robot_ws/install/kim_description/lib/python3.12/site-packages:/home/parallels/robot_ws/build/kim_kardashian:/home/parallels/robot_ws/install/kim_kardashian/lib/python3.12/site-packages:/home/parallels/robot_ws/build/ired_teleop:/home/parallels/robot_ws/install/ired_teleop/lib/python3.12/site-packages:/opt/ros/jazzy/lib/python3.12/site-packages /usr/bin/cmake --build /home/parallels/robot_ws/build/ired_bringup -- -j2 -l2
[0.085s] Invoking command in '/home/parallels/robot_ws/build/ired_bringup': CMAKE_PREFIX_PATH=/home/parallels/robot_ws/install/ired_msgs:/home/parallels/robot_ws/install/rplidar_ros:/home/parallels/robot_ws/install/ros2_laser_scan_matcher:/home/parallels/robot_ws/install/ired_rviz:/home/parallels/robot_ws/install/ired_navigation:/home/parallels/robot_ws/install/ired_bringup:/home/parallels/robot_ws/install/csm:/opt/ros/jazzy/opt/gz_sim_vendor:/opt/ros/jazzy/opt/gz_sensors_vendor:/opt/ros/jazzy/opt/gz_physics_vendor:/opt/ros/jazzy/opt/sdformat_vendor:/opt/ros/jazzy/opt/gz_gui_vendor:/opt/ros/jazzy/opt/gz_transport_vendor:/opt/ros/jazzy/opt/gz_rendering_vendor:/opt/ros/jazzy/opt/gz_plugin_vendor:/opt/ros/jazzy/opt/gz_fuel_tools_vendor:/opt/ros/jazzy/opt/gz_msgs_vendor:/opt/ros/jazzy/opt/gz_common_vendor:/opt/ros/jazzy/opt/gz_math_vendor:/opt/ros/jazzy/opt/gz_utils_vendor:/opt/ros/jazzy/opt/gz_tools_vendor:/opt/ros/jazzy/opt/gz_ogre_next_vendor:/opt/ros/jazzy/opt/gz_dartsim_vendor:/opt/ros/jazzy/opt/gz_cmake_vendor:/home/parallels/robot_ws/install/kim_description:/home/parallels/robot_ws/install/kim_kardashian:/home/parallels/robot_ws/install/ired_teleop:/opt/ros/jazzy DEBUGINFOD_URLS=https://debuginfod.ubuntu.com PYTHONPATH=/home/parallels/robot_ws/install/ired_msgs/lib/python3.12/site-packages:/home/parallels/robot_ws/build/kim_description:/home/parallels/robot_ws/install/kim_description/lib/python3.12/site-packages:/home/parallels/robot_ws/build/kim_kardashian:/home/parallels/robot_ws/install/kim_kardashian/lib/python3.12/site-packages:/home/parallels/robot_ws/build/ired_teleop:/home/parallels/robot_ws/install/ired_teleop/lib/python3.12/site-packages:/opt/ros/jazzy/lib/python3.12/site-packages /usr/bin/cmake --install /home/parallels/robot_ws/build/ired_bringup
[0.089s] -- Install configuration: ""
[0.089s] -- Up-to-date: /home/parallels/robot_ws/install/ired_bringup/lib/ired_bringup/forward_kinematics_node
[0.089s] -- Up-to-date: /home/parallels/robot_ws/install/ired_bringup/lib/ired_bringup/inverse_kinematics_node
[0.089s] -- Up-to-date: /home/parallels/robot_ws/install/ired_bringup/lib/ired_bringup/imu_node
[0.090s] -- Up-to-date: /home/parallels/robot_ws/install/ired_bringup/lib/ired_bringup/iredcr_modbus_node
[0.090s] -- Up-to-date: /home/parallels/robot_ws/install/ired_bringup/lib/ired_bringup/odom_node
[0.090s] -- Up-to-date: /home/parallels/robot_ws/install/ired_bringup/share/ired_bringup/launch
[0.090s] -- Up-to-date: /home/parallels/robot_ws/install/ired_bringup/share/ired_bringup/launch/bringup.launch.py
[0.090s] -- Up-to-date: /home/parallels/robot_ws/install/ired_bringup/share/ired_bringup/param
[0.090s] -- Up-to-date: /home/parallels/robot_ws/install/ired_bringup/share/ired_bringup/param/laser_scan_matcher.yaml
[0.090s] -- Up-to-date: /home/parallels/robot_ws/install/ired_bringup/share/ired_bringup/param/laser_config.yaml
[0.090s] -- Up-to-date: /home/parallels/robot_ws/install/ired_bringup/share/ired_bringup/param/ired.yaml
[0.090s] -- Up-to-date: /home/parallels/robot_ws/install/ired_bringup/share/ired_bringup/urdf
[0.090s] -- Up-to-date: /home/parallels/robot_ws/install/ired_bringup/share/ired_bringup/urdf/ired.urdf.xacro
[0.090s] -- Up-to-date: /home/parallels/robot_ws/install/ired_bringup/include/
[0.091s] -- Up-to-date: /home/parallels/robot_ws/install/ired_bringup/include//ired_bringup
[0.091s] -- Up-to-date: /home/parallels/robot_ws/install/ired_bringup/include//ired_bringup/ired_controller_define.hpp
[0.091s] -- Up-to-date: /home/parallels/robot_ws/install/ired_bringup/include//ired_bringup/imu.hpp
[0.091s] -- Up-to-date: /home/parallels/robot_ws/install/ired_bringup/include//ired_bringup/inverse_kinematics.hpp
[0.091s] -- Up-to-date: /home/parallels/robot_ws/install/ired_bringup/include//ired_bringup/ired_controller.hpp
[0.091s] -- Up-to-date: /home/parallels/robot_ws/install/ired_bringup/include//ired_bringup/odom.hpp
[0.091s] -- Up-to-date: /home/parallels/robot_ws/install/ired_bringup/include//ired_bringup/forward_kinematics.hpp
[0.091s] -- Up-to-date: /home/parallels/robot_ws/install/ired_bringup/include//modbus_rtu.hpp
[0.091s] -- Up-to-date: /home/parallels/robot_ws/install/ired_bringup/share/ament_index/resource_index/package_run_dependencies/ired_bringup
[0.091s] -- Up-to-date: /home/parallels/robot_ws/install/ired_bringup/share/ament_index/resource_index/parent_prefix_path/ired_bringup
[0.091s] -- Up-to-date: /home/parallels/robot_ws/install/ired_bringup/share/ired_bringup/environment/ament_prefix_path.sh
[0.091s] -- Up-to-date: /home/parallels/robot_ws/install/ired_bringup/share/ired_bringup/environment/ament_prefix_path.dsv
[0.091s] -- Up-to-date: /home/parallels/robot_ws/install/ired_bringup/share/ired_bringup/environment/path.sh
[0.091s] -- Up-to-date: /home/parallels/robot_ws/install/ired_bringup/share/ired_bringup/environment/path.dsv
[0.091s] -- Up-to-date: /home/parallels/robot_ws/install/ired_bringup/share/ired_bringup/local_setup.bash
[0.091s] -- Up-to-date: /home/parallels/robot_ws/install/ired_bringup/share/ired_bringup/local_setup.sh
[0.091s] -- Up-to-date: /home/parallels/robot_ws/install/ired_bringup/share/ired_bringup/local_setup.zsh
[0.091s] -- Up-to-date: /home/parallels/robot_ws/install/ired_bringup/share/ired_bringup/local_setup.dsv
[0.092s] -- Installing: /home/parallels/robot_ws/install/ired_bringup/share/ired_bringup/package.dsv
[0.092s] -- Up-to-date: /home/parallels/robot_ws/install/ired_bringup/share/ament_index/resource_index/packages/ired_bringup
[0.092s] -- Up-to-date: /home/parallels/robot_ws/install/ired_bringup/share/ired_bringup/cmake/ament_cmake_export_include_directories-extras.cmake
[0.092s] -- Up-to-date: /home/parallels/robot_ws/install/ired_bringup/share/ired_bringup/cmake/ament_cmake_export_dependencies-extras.cmake
[0.092s] -- Up-to-date: /home/parallels/robot_ws/install/ired_bringup/share/ired_bringup/cmake/ired_bringupConfig.cmake
[0.092s] -- Up-to-date: /home/parallels/robot_ws/install/ired_bringup/share/ired_bringup/cmake/ired_bringupConfig-version.cmake
[0.092s] -- Up-to-date: /home/parallels/robot_ws/install/ired_bringup/share/ired_bringup/package.xml
[0.092s] Invoked command in '/home/parallels/robot_ws/build/ired_bringup' returned '0': CMAKE_PREFIX_PATH=/home/parallels/robot_ws/install/ired_msgs:/home/parallels/robot_ws/install/rplidar_ros:/home/parallels/robot_ws/install/ros2_laser_scan_matcher:/home/parallels/robot_ws/install/ired_rviz:/home/parallels/robot_ws/install/ired_navigation:/home/parallels/robot_ws/install/ired_bringup:/home/parallels/robot_ws/install/csm:/opt/ros/jazzy/opt/gz_sim_vendor:/opt/ros/jazzy/opt/gz_sensors_vendor:/opt/ros/jazzy/opt/gz_physics_vendor:/opt/ros/jazzy/opt/sdformat_vendor:/opt/ros/jazzy/opt/gz_gui_vendor:/opt/ros/jazzy/opt/gz_transport_vendor:/opt/ros/jazzy/opt/gz_rendering_vendor:/opt/ros/jazzy/opt/gz_plugin_vendor:/opt/ros/jazzy/opt/gz_fuel_tools_vendor:/opt/ros/jazzy/opt/gz_msgs_vendor:/opt/ros/jazzy/opt/gz_common_vendor:/opt/ros/jazzy/opt/gz_math_vendor:/opt/ros/jazzy/opt/gz_utils_vendor:/opt/ros/jazzy/opt/gz_tools_vendor:/opt/ros/jazzy/opt/gz_ogre_next_vendor:/opt/ros/jazzy/opt/gz_dartsim_vendor:/opt/ros/jazzy/opt/gz_cmake_vendor:/home/parallels/robot_ws/install/kim_description:/home/parallels/robot_ws/install/kim_kardashian:/home/parallels/robot_ws/install/ired_teleop:/opt/ros/jazzy DEBUGINFOD_URLS=https://debuginfod.ubuntu.com PYTHONPATH=/home/parallels/robot_ws/install/ired_msgs/lib/python3.12/site-packages:/home/parallels/robot_ws/build/kim_description:/home/parallels/robot_ws/install/kim_description/lib/python3.12/site-packages:/home/parallels/robot_ws/build/kim_kardashian:/home/parallels/robot_ws/install/kim_kardashian/lib/python3.12/site-packages:/home/parallels/robot_ws/build/ired_teleop:/home/parallels/robot_ws/install/ired_teleop/lib/python3.12/site-packages:/opt/ros/jazzy/lib/python3.12/site-packages /usr/bin/cmake --install /home/parallels/robot_ws/build/ired_bringup
