[0.002s] Invoking command in '/home/parallels/robot_ws/build/ired_navigation': CMAKE_PREFIX_PATH=${CMAKE_PREFIX_PATH}:/home/parallels/robot_ws/install/kim_kardashian:/home/parallels/robot_ws/install/ired_teleop:/opt/ros/jazzy DEBUGINFOD_URLS=https://debuginfod.ubuntu.com /usr/bin/cmake /home/parallels/robot_ws/src/robot/ired_navigation -DCMAKE_INSTALL_PREFIX=/home/parallels/robot_ws/install/ired_navigation
[0.058s] -- The C compiler identification is GNU 13.3.0
[0.111s] -- The CXX compiler identification is GNU 13.3.0
[0.129s] -- Detecting C compiler ABI info
[0.216s] -- Detecting C compiler ABI info - done
[0.219s] -- Check for working C compiler: /usr/bin/cc - skipped
[0.220s] -- Detecting C compile features
[0.221s] -- Detecting C compile features - done
[0.229s] -- Detecting CXX compiler ABI info
[0.323s] -- Detecting CXX compiler ABI info - done
[0.333s] -- Check for working CXX compiler: /usr/bin/c++ - skipped
[0.333s] -- Detecting CXX compile features
[0.333s] -- Detecting CXX compile features - done
[0.337s] -- Found ament_cmake: 2.5.5 (/opt/ros/jazzy/share/ament_cmake/cmake)
[0.482s] -- Found Python3: /usr/bin/python3 (found version "3.12.3") found components: Interpreter 
[0.681s] -- Configuring done (0.7s)
[0.684s] -- Generating done (0.0s)
[0.685s] -- Build files have been written to: /home/parallels/robot_ws/build/ired_navigation
[0.691s] Invoked command in '/home/parallels/robot_ws/build/ired_navigation' returned '0': CMAKE_PREFIX_PATH=${CMAKE_PREFIX_PATH}:/home/parallels/robot_ws/install/kim_kardashian:/home/parallels/robot_ws/install/ired_teleop:/opt/ros/jazzy DEBUGINFOD_URLS=https://debuginfod.ubuntu.com /usr/bin/cmake /home/parallels/robot_ws/src/robot/ired_navigation -DCMAKE_INSTALL_PREFIX=/home/parallels/robot_ws/install/ired_navigation
[0.692s] Invoking command in '/home/parallels/robot_ws/build/ired_navigation': CMAKE_PREFIX_PATH=${CMAKE_PREFIX_PATH}:/home/parallels/robot_ws/install/kim_kardashian:/home/parallels/robot_ws/install/ired_teleop:/opt/ros/jazzy DEBUGINFOD_URLS=https://debuginfod.ubuntu.com /usr/bin/cmake --build /home/parallels/robot_ws/build/ired_navigation -- -j2 -l2
[0.739s] Invoked command in '/home/parallels/robot_ws/build/ired_navigation' returned '0': CMAKE_PREFIX_PATH=${CMAKE_PREFIX_PATH}:/home/parallels/robot_ws/install/kim_kardashian:/home/parallels/robot_ws/install/ired_teleop:/opt/ros/jazzy DEBUGINFOD_URLS=https://debuginfod.ubuntu.com /usr/bin/cmake --build /home/parallels/robot_ws/build/ired_navigation -- -j2 -l2
[0.739s] Invoking command in '/home/parallels/robot_ws/build/ired_navigation': CMAKE_PREFIX_PATH=${CMAKE_PREFIX_PATH}:/home/parallels/robot_ws/install/kim_kardashian:/home/parallels/robot_ws/install/ired_teleop:/opt/ros/jazzy DEBUGINFOD_URLS=https://debuginfod.ubuntu.com /usr/bin/cmake --install /home/parallels/robot_ws/build/ired_navigation
[0.746s] -- Install configuration: ""
[0.747s] -- Installing: /home/parallels/robot_ws/install/ired_navigation/share/ired_navigation/config
[0.747s] -- Installing: /home/parallels/robot_ws/install/ired_navigation/share/ired_navigation/config/ired_rplidar_2d.lua
[0.747s] -- Installing: /home/parallels/robot_ws/install/ired_navigation/share/ired_navigation/launch
[0.747s] -- Installing: /home/parallels/robot_ws/install/ired_navigation/share/ired_navigation/launch/occupancy_grid.launch.py
[0.748s] -- Installing: /home/parallels/robot_ws/install/ired_navigation/share/ired_navigation/launch/navigation.launch.py
[0.748s] -- Installing: /home/parallels/robot_ws/install/ired_navigation/share/ired_navigation/launch/slam.launch.py
[0.748s] -- Installing: /home/parallels/robot_ws/install/ired_navigation/share/ired_navigation/launch/save_map.launch.py
[0.748s] -- Installing: /home/parallels/robot_ws/install/ired_navigation/share/ired_navigation/maps
[0.749s] -- Installing: /home/parallels/robot_ws/install/ired_navigation/share/ired_navigation/maps/map.pgm
[0.749s] -- Installing: /home/parallels/robot_ws/install/ired_navigation/share/ired_navigation/maps/1
[0.749s] -- Installing: /home/parallels/robot_ws/install/ired_navigation/share/ired_navigation/maps/map.yaml
[0.749s] -- Installing: /home/parallels/robot_ws/install/ired_navigation/share/ired_navigation/param
[0.749s] -- Installing: /home/parallels/robot_ws/install/ired_navigation/share/ired_navigation/param/navigation.yaml
[0.749s] -- Installing: /home/parallels/robot_ws/install/ired_navigation/share/ament_index/resource_index/package_run_dependencies/ired_navigation
[0.749s] -- Installing: /home/parallels/robot_ws/install/ired_navigation/share/ament_index/resource_index/parent_prefix_path/ired_navigation
[0.749s] -- Installing: /home/parallels/robot_ws/install/ired_navigation/share/ired_navigation/environment/ament_prefix_path.sh
[0.749s] -- Installing: /home/parallels/robot_ws/install/ired_navigation/share/ired_navigation/environment/ament_prefix_path.dsv
[0.749s] -- Installing: /home/parallels/robot_ws/install/ired_navigation/share/ired_navigation/environment/path.sh
[0.749s] -- Installing: /home/parallels/robot_ws/install/ired_navigation/share/ired_navigation/environment/path.dsv
[0.749s] -- Installing: /home/parallels/robot_ws/install/ired_navigation/share/ired_navigation/local_setup.bash
[0.750s] -- Installing: /home/parallels/robot_ws/install/ired_navigation/share/ired_navigation/local_setup.sh
[0.750s] -- Installing: /home/parallels/robot_ws/install/ired_navigation/share/ired_navigation/local_setup.zsh
[0.750s] -- Installing: /home/parallels/robot_ws/install/ired_navigation/share/ired_navigation/local_setup.dsv
[0.750s] -- Installing: /home/parallels/robot_ws/install/ired_navigation/share/ired_navigation/package.dsv
[0.750s] -- Installing: /home/parallels/robot_ws/install/ired_navigation/share/ament_index/resource_index/packages/ired_navigation
[0.750s] -- Installing: /home/parallels/robot_ws/install/ired_navigation/share/ired_navigation/cmake/ired_navigationConfig.cmake
[0.750s] -- Installing: /home/parallels/robot_ws/install/ired_navigation/share/ired_navigation/cmake/ired_navigationConfig-version.cmake
[0.750s] -- Installing: /home/parallels/robot_ws/install/ired_navigation/share/ired_navigation/package.xml
[0.752s] Invoked command in '/home/parallels/robot_ws/build/ired_navigation' returned '0': CMAKE_PREFIX_PATH=${CMAKE_PREFIX_PATH}:/home/parallels/robot_ws/install/kim_kardashian:/home/parallels/robot_ws/install/ired_teleop:/opt/ros/jazzy DEBUGINFOD_URLS=https://debuginfod.ubuntu.com /usr/bin/cmake --install /home/parallels/robot_ws/build/ired_navigation
