[0.323s] Invoking command in '/home/parallels/robot_ws/src/robot/ired_teleop': DEBUGINFOD_URLS=https://debuginfod.ubuntu.com PYTHONPATH=/home/parallels/robot_ws/build/ired_teleop/prefix_override:/usr/lib/python3/dist-packages/colcon_core/task/python/colcon_distutils_commands:/home/parallels/robot_ws/install/ired_teleop/lib/python3.12/site-packages:${PYTHONPATH} /usr/bin/python3 -W ignore:setup.py install is deprecated -W ignore:easy_install command is deprecated setup.py egg_info --egg-base ../../../build/ired_teleop build --build-base /home/parallels/robot_ws/build/ired_teleop/build install --record /home/parallels/robot_ws/build/ired_teleop/install.log --single-version-externally-managed install_data
[0.418s] running egg_info
[0.425s] writing ../../../build/ired_teleop/ired_teleop.egg-info/PKG-INFO
[0.425s] writing dependency_links to ../../../build/ired_teleop/ired_teleop.egg-info/dependency_links.txt
[0.425s] writing entry points to ../../../build/ired_teleop/ired_teleop.egg-info/entry_points.txt
[0.425s] writing requirements to ../../../build/ired_teleop/ired_teleop.egg-info/requires.txt
[0.425s] writing top-level names to ../../../build/ired_teleop/ired_teleop.egg-info/top_level.txt
[0.438s] reading manifest file '../../../build/ired_teleop/ired_teleop.egg-info/SOURCES.txt'
[0.438s] writing manifest file '../../../build/ired_teleop/ired_teleop.egg-info/SOURCES.txt'
[0.438s] running build
[0.438s] running build_py
[0.440s] running install
[0.441s] running install_lib
[0.448s] running install_data
[0.448s] running install_egg_info
[0.455s] removing '/home/parallels/robot_ws/install/ired_teleop/lib/python3.12/site-packages/ired_teleop-2.0.1-py3.12.egg-info' (and everything under it)
[0.455s] Copying ../../../build/ired_teleop/ired_teleop.egg-info to /home/parallels/robot_ws/install/ired_teleop/lib/python3.12/site-packages/ired_teleop-2.0.1-py3.12.egg-info
[0.456s] running install_scripts
[0.503s] Installing teleop_keyboard script to /home/parallels/robot_ws/install/ired_teleop/lib/ired_teleop
[0.503s] writing list of installed files to '/home/parallels/robot_ws/build/ired_teleop/install.log'
[0.515s] Invoked command in '/home/parallels/robot_ws/src/robot/ired_teleop' returned '0': DEBUGINFOD_URLS=https://debuginfod.ubuntu.com PYTHONPATH=/home/parallels/robot_ws/build/ired_teleop/prefix_override:/usr/lib/python3/dist-packages/colcon_core/task/python/colcon_distutils_commands:/home/parallels/robot_ws/install/ired_teleop/lib/python3.12/site-packages:${PYTHONPATH} /usr/bin/python3 -W ignore:setup.py install is deprecated -W ignore:easy_install command is deprecated setup.py egg_info --egg-base ../../../build/ired_teleop build --build-base /home/parallels/robot_ws/build/ired_teleop/build install --record /home/parallels/robot_ws/build/ired_teleop/install.log --single-version-externally-managed install_data
