[100%] Built target laser_scan_matcher
-- Install configuration: ""
-- Up-to-date: /home/parallels/robot_ws/install/ros2_laser_scan_matcher/lib/ros2_laser_scan_matcher/laser_scan_matcher
-- Up-to-date: /home/parallels/robot_ws/install/ros2_laser_scan_matcher/share/ros2_laser_scan_matcher/launch
-- Up-to-date: /home/parallels/robot_ws/install/ros2_laser_scan_matcher/share/ros2_laser_scan_matcher/launch/laser_scan_matcher.launch.py
-- Up-to-date: /home/parallels/robot_ws/install/ros2_laser_scan_matcher/share/ros2_laser_scan_matcher/param
-- Up-to-date: /home/parallels/robot_ws/install/ros2_laser_scan_matcher/share/ros2_laser_scan_matcher/param/laser_scan_matcher.yaml
-- Up-to-date: /home/parallels/robot_ws/install/ros2_laser_scan_matcher/share/ament_index/resource_index/package_run_dependencies/ros2_laser_scan_matcher
-- Up-to-date: /home/parallels/robot_ws/install/ros2_laser_scan_matcher/share/ament_index/resource_index/parent_prefix_path/ros2_laser_scan_matcher
-- Up-to-date: /home/parallels/robot_ws/install/ros2_laser_scan_matcher/share/ros2_laser_scan_matcher/environment/ament_prefix_path.sh
-- Up-to-date: /home/parallels/robot_ws/install/ros2_laser_scan_matcher/share/ros2_laser_scan_matcher/environment/ament_prefix_path.dsv
-- Up-to-date: /home/parallels/robot_ws/install/ros2_laser_scan_matcher/share/ros2_laser_scan_matcher/environment/path.sh
-- Up-to-date: /home/parallels/robot_ws/install/ros2_laser_scan_matcher/share/ros2_laser_scan_matcher/environment/path.dsv
-- Up-to-date: /home/parallels/robot_ws/install/ros2_laser_scan_matcher/share/ros2_laser_scan_matcher/local_setup.bash
-- Up-to-date: /home/parallels/robot_ws/install/ros2_laser_scan_matcher/share/ros2_laser_scan_matcher/local_setup.sh
-- Up-to-date: /home/parallels/robot_ws/install/ros2_laser_scan_matcher/share/ros2_laser_scan_matcher/local_setup.zsh
-- Up-to-date: /home/parallels/robot_ws/install/ros2_laser_scan_matcher/share/ros2_laser_scan_matcher/local_setup.dsv
-- Installing: /home/parallels/robot_ws/install/ros2_laser_scan_matcher/share/ros2_laser_scan_matcher/package.dsv
-- Up-to-date: /home/parallels/robot_ws/install/ros2_laser_scan_matcher/share/ament_index/resource_index/packages/ros2_laser_scan_matcher
-- Up-to-date: /home/parallels/robot_ws/install/ros2_laser_scan_matcher/share/ros2_laser_scan_matcher/cmake/ros2_laser_scan_matcherConfig.cmake
-- Up-to-date: /home/parallels/robot_ws/install/ros2_laser_scan_matcher/share/ros2_laser_scan_matcher/cmake/ros2_laser_scan_matcherConfig-version.cmake
-- Up-to-date: /home/parallels/robot_ws/install/ros2_laser_scan_matcher/share/ros2_laser_scan_matcher/package.xml
