-- The C compiler identification is GNU 13.3.0
-- The CXX compiler identification is GNU 13.3.0
-- Detecting C compiler ABI info
-- Detecting C compiler ABI info - done
-- Check for working C compiler: /usr/bin/cc - skipped
-- Detecting C compile features
-- Detecting C compile features - done
-- Detecting CXX compiler ABI info
-- Detecting CXX compiler ABI info - done
-- Check for working CXX compiler: /usr/bin/c++ - skipped
-- Detecting CXX compile features
-- Detecting CXX compile features - done
-- Found ament_cmake: 2.5.5 (/opt/ros/jazzy/share/ament_cmake/cmake)
-- Found Python3: /usr/bin/python3 (found version "3.12.3") found components: Interpreter 
-- Found geometry_msgs: 5.3.6 (/opt/ros/jazzy/share/geometry_msgs/cmake)
-- Found rosidl_generator_c: 4.6.7 (/opt/ros/jazzy/share/rosidl_generator_c/cmake)
-- Found rosidl_generator_cpp: 4.6.7 (/opt/ros/jazzy/share/rosidl_generator_cpp/cmake)
-- Using all available rosidl_typesupport_c: rosidl_typesupport_fastrtps_c;rosidl_typesupport_introspection_c
-- Using all available rosidl_typesupport_cpp: rosidl_typesupport_fastrtps_cpp;rosidl_typesupport_introspection_cpp
-- Found ired_msgs: 2.0.1 (/home/parallels/robot_ws/install/ired_msgs/share/ired_msgs/cmake)
-- Found nav_msgs: 5.3.6 (/opt/ros/jazzy/share/nav_msgs/cmake)
-- Found rclcpp: 28.1.16 (/opt/ros/jazzy/share/rclcpp/cmake)
-- Found rmw_implementation_cmake: 7.3.3 (/opt/ros/jazzy/share/rmw_implementation_cmake/cmake)
-- Found rmw_fastrtps_cpp: 8.4.3 (/opt/ros/jazzy/share/rmw_fastrtps_cpp/cmake)
-- Found OpenSSL: /usr/lib/aarch64-linux-gnu/libcrypto.so (found version "3.0.13")  
-- Found FastRTPS: /opt/ros/jazzy/include (Required is at least version "2.13") 
-- Using RMW implementation 'rmw_fastrtps_cpp' as default
-- Found rclpy: 7.1.9 (/opt/ros/jazzy/share/rclpy/cmake)
-- Found sensor_msgs: 5.3.6 (/opt/ros/jazzy/share/sensor_msgs/cmake)
-- Found std_srvs: 5.3.6 (/opt/ros/jazzy/share/std_srvs/cmake)
-- Found tf2: 0.36.19 (/opt/ros/jazzy/share/tf2/cmake)
-- Found tf2_msgs: 0.36.19 (/opt/ros/jazzy/share/tf2_msgs/cmake)
-- Configuring done (1.2s)
-- Generating done (0.0s)
-- Build files have been written to: /home/parallels/robot_ws/build/ired_bringup
[  9%] [32mBuilding CXX object CMakeFiles/inverse_kinematics_node.dir/src/inverse_kinematics.cpp.o[0m
[ 18%] [32mBuilding CXX object CMakeFiles/forward_kinematics_node.dir/src/forward_kinematics.cpp.o[0m
[ 27%] [32m[1mLinking CXX executable inverse_kinematics_node[0m
[ 27%] Built target inverse_kinematics_node
[ 36%] [32mBuilding CXX object CMakeFiles/imu_node.dir/src/imu.cpp.o[0m
[ 45%] [32m[1mLinking CXX executable forward_kinematics_node[0m
[ 45%] Built target forward_kinematics_node
[ 54%] [32mBuilding CXX object CMakeFiles/iredcr_modbus_node.dir/src/ired_controller.cpp.o[0m
[ 63%] [32m[1mLinking CXX executable imu_node[0m
[ 63%] Built target imu_node
[ 72%] [32mBuilding CXX object CMakeFiles/odom_node.dir/src/odom.cpp.o[0m
[ 81%] [32mBuilding CXX object CMakeFiles/iredcr_modbus_node.dir/src/modbus_rtu.cpp.o[0m
[ 90%] [32m[1mLinking CXX executable iredcr_modbus_node[0m
[ 90%] Built target iredcr_modbus_node
[100%] [32m[1mLinking CXX executable odom_node[0m
[100%] Built target odom_node
-- Install configuration: ""
-- Installing: /home/parallels/robot_ws/install/ired_bringup/lib/ired_bringup/forward_kinematics_node
-- Set non-toolchain portion of runtime path of "/home/parallels/robot_ws/install/ired_bringup/lib/ired_bringup/forward_kinematics_node" to ""
-- Installing: /home/parallels/robot_ws/install/ired_bringup/lib/ired_bringup/inverse_kinematics_node
-- Set non-toolchain portion of runtime path of "/home/parallels/robot_ws/install/ired_bringup/lib/ired_bringup/inverse_kinematics_node" to ""
-- Installing: /home/parallels/robot_ws/install/ired_bringup/lib/ired_bringup/imu_node
-- Set non-toolchain portion of runtime path of "/home/parallels/robot_ws/install/ired_bringup/lib/ired_bringup/imu_node" to ""
-- Installing: /home/parallels/robot_ws/install/ired_bringup/lib/ired_bringup/iredcr_modbus_node
-- Set non-toolchain portion of runtime path of "/home/parallels/robot_ws/install/ired_bringup/lib/ired_bringup/iredcr_modbus_node" to ""
-- Installing: /home/parallels/robot_ws/install/ired_bringup/lib/ired_bringup/odom_node
-- Set non-toolchain portion of runtime path of "/home/parallels/robot_ws/install/ired_bringup/lib/ired_bringup/odom_node" to ""
-- Installing: /home/parallels/robot_ws/install/ired_bringup/share/ired_bringup/launch
-- Installing: /home/parallels/robot_ws/install/ired_bringup/share/ired_bringup/launch/bringup.launch.py
-- Installing: /home/parallels/robot_ws/install/ired_bringup/share/ired_bringup/param
-- Installing: /home/parallels/robot_ws/install/ired_bringup/share/ired_bringup/param/laser_scan_matcher.yaml
-- Installing: /home/parallels/robot_ws/install/ired_bringup/share/ired_bringup/param/laser_config.yaml
-- Installing: /home/parallels/robot_ws/install/ired_bringup/share/ired_bringup/param/ired.yaml
-- Installing: /home/parallels/robot_ws/install/ired_bringup/share/ired_bringup/urdf
-- Installing: /home/parallels/robot_ws/install/ired_bringup/share/ired_bringup/urdf/ired.urdf.xacro
-- Installing: /home/parallels/robot_ws/install/ired_bringup/include/
-- Installing: /home/parallels/robot_ws/install/ired_bringup/include//ired_bringup
-- Installing: /home/parallels/robot_ws/install/ired_bringup/include//ired_bringup/ired_controller_define.hpp
-- Installing: /home/parallels/robot_ws/install/ired_bringup/include//ired_bringup/imu.hpp
-- Installing: /home/parallels/robot_ws/install/ired_bringup/include//ired_bringup/inverse_kinematics.hpp
-- Installing: /home/parallels/robot_ws/install/ired_bringup/include//ired_bringup/ired_controller.hpp
-- Installing: /home/parallels/robot_ws/install/ired_bringup/include//ired_bringup/odom.hpp
-- Installing: /home/parallels/robot_ws/install/ired_bringup/include//ired_bringup/forward_kinematics.hpp
-- Installing: /home/parallels/robot_ws/install/ired_bringup/include//modbus_rtu.hpp
-- Installing: /home/parallels/robot_ws/install/ired_bringup/share/ament_index/resource_index/package_run_dependencies/ired_bringup
-- Installing: /home/parallels/robot_ws/install/ired_bringup/share/ament_index/resource_index/parent_prefix_path/ired_bringup
-- Installing: /home/parallels/robot_ws/install/ired_bringup/share/ired_bringup/environment/ament_prefix_path.sh
-- Installing: /home/parallels/robot_ws/install/ired_bringup/share/ired_bringup/environment/ament_prefix_path.dsv
-- Installing: /home/parallels/robot_ws/install/ired_bringup/share/ired_bringup/environment/path.sh
-- Installing: /home/parallels/robot_ws/install/ired_bringup/share/ired_bringup/environment/path.dsv
-- Installing: /home/parallels/robot_ws/install/ired_bringup/share/ired_bringup/local_setup.bash
-- Installing: /home/parallels/robot_ws/install/ired_bringup/share/ired_bringup/local_setup.sh
-- Installing: /home/parallels/robot_ws/install/ired_bringup/share/ired_bringup/local_setup.zsh
-- Installing: /home/parallels/robot_ws/install/ired_bringup/share/ired_bringup/local_setup.dsv
-- Installing: /home/parallels/robot_ws/install/ired_bringup/share/ired_bringup/package.dsv
-- Installing: /home/parallels/robot_ws/install/ired_bringup/share/ament_index/resource_index/packages/ired_bringup
-- Installing: /home/parallels/robot_ws/install/ired_bringup/share/ired_bringup/cmake/ament_cmake_export_include_directories-extras.cmake
-- Installing: /home/parallels/robot_ws/install/ired_bringup/share/ired_bringup/cmake/ament_cmake_export_dependencies-extras.cmake
-- Installing: /home/parallels/robot_ws/install/ired_bringup/share/ired_bringup/cmake/ired_bringupConfig.cmake
-- Installing: /home/parallels/robot_ws/install/ired_bringup/share/ired_bringup/cmake/ired_bringupConfig-version.cmake
-- Installing: /home/parallels/robot_ws/install/ired_bringup/share/ired_bringup/package.xml
