[0.013s] Invoking command in '/home/parallels/robot_ws/build/ired_bringup': CMAKE_PREFIX_PATH=/home/parallels/robot_ws/install/ired_msgs:/home/parallels/robot_ws/install/rplidar_ros:/home/parallels/robot_ws/install/ros2_laser_scan_matcher:/home/parallels/robot_ws/install/ired_rviz:/home/parallels/robot_ws/install/ired_navigation:/home/parallels/robot_ws/install/ired_bringup:/home/parallels/robot_ws/install/csm:/opt/ros/jazzy/opt/gz_sim_vendor:/opt/ros/jazzy/opt/gz_sensors_vendor:/opt/ros/jazzy/opt/gz_physics_vendor:/opt/ros/jazzy/opt/sdformat_vendor:/opt/ros/jazzy/opt/gz_gui_vendor:/opt/ros/jazzy/opt/gz_transport_vendor:/opt/ros/jazzy/opt/gz_rendering_vendor:/opt/ros/jazzy/opt/gz_plugin_vendor:/opt/ros/jazzy/opt/gz_fuel_tools_vendor:/opt/ros/jazzy/opt/gz_msgs_vendor:/opt/ros/jazzy/opt/gz_common_vendor:/opt/ros/jazzy/opt/gz_math_vendor:/opt/ros/jazzy/opt/gz_utils_vendor:/opt/ros/jazzy/opt/gz_tools_vendor:/opt/ros/jazzy/opt/gz_ogre_next_vendor:/opt/ros/jazzy/opt/gz_dartsim_vendor:/opt/ros/jazzy/opt/gz_cmake_vendor:/home/parallels/robot_ws/install/kim_kardashian:/home/parallels/robot_ws/install/ired_teleop:/opt/ros/jazzy DEBUGINFOD_URLS=https://debuginfod.ubuntu.com PYTHONPATH=/home/parallels/robot_ws/install/ired_msgs/lib/python3.12/site-packages:/home/parallels/robot_ws/build/kim_kardashian:/home/parallels/robot_ws/install/kim_kardashian/lib/python3.12/site-packages:/home/parallels/robot_ws/build/ired_teleop:/home/parallels/robot_ws/install/ired_teleop/lib/python3.12/site-packages:/opt/ros/jazzy/lib/python3.12/site-packages /usr/bin/cmake /home/parallels/robot_ws/src/robot/ired_bringup -DCMAKE_INSTALL_PREFIX=/home/parallels/robot_ws/install/ired_bringup
[0.085s] -- The C compiler identification is GNU 13.3.0
[0.148s] -- The CXX compiler identification is GNU 13.3.0
[0.160s] -- Detecting C compiler ABI info
[0.246s] -- Detecting C compiler ABI info - done
[0.253s] -- Check for working C compiler: /usr/bin/cc - skipped
[0.254s] -- Detecting C compile features
[0.254s] -- Detecting C compile features - done
[0.262s] -- Detecting CXX compiler ABI info
[0.324s] -- Detecting CXX compiler ABI info - done
[0.329s] -- Check for working CXX compiler: /usr/bin/c++ - skipped
[0.329s] -- Detecting CXX compile features
[0.329s] -- Detecting CXX compile features - done
[0.334s] -- Found ament_cmake: 2.5.5 (/opt/ros/jazzy/share/ament_cmake/cmake)
[0.487s] -- Found Python3: /usr/bin/python3 (found version "3.12.3") found components: Interpreter 
[0.578s] -- Found geometry_msgs: 5.3.6 (/opt/ros/jazzy/share/geometry_msgs/cmake)
[0.646s] -- Found rosidl_generator_c: 4.6.7 (/opt/ros/jazzy/share/rosidl_generator_c/cmake)
[0.668s] -- Found rosidl_generator_cpp: 4.6.7 (/opt/ros/jazzy/share/rosidl_generator_cpp/cmake)
[0.686s] -- Using all available rosidl_typesupport_c: rosidl_typesupport_fastrtps_c;rosidl_typesupport_introspection_c
[0.695s] -- Using all available rosidl_typesupport_cpp: rosidl_typesupport_fastrtps_cpp;rosidl_typesupport_introspection_cpp
[0.720s] -- Found ired_msgs: 2.0.1 (/home/parallels/robot_ws/install/ired_msgs/share/ired_msgs/cmake)
[0.752s] -- Found nav_msgs: 5.3.6 (/opt/ros/jazzy/share/nav_msgs/cmake)
[0.776s] -- Found rclcpp: 28.1.16 (/opt/ros/jazzy/share/rclcpp/cmake)
[0.829s] -- Found rmw_implementation_cmake: 7.3.3 (/opt/ros/jazzy/share/rmw_implementation_cmake/cmake)
[0.832s] -- Found rmw_fastrtps_cpp: 8.4.3 (/opt/ros/jazzy/share/rmw_fastrtps_cpp/cmake)
[0.897s] -- Found OpenSSL: /usr/lib/aarch64-linux-gnu/libcrypto.so (found version "3.0.13")  
[0.916s] -- Found FastRTPS: /opt/ros/jazzy/include (Required is at least version "2.13") 
[0.937s] -- Using RMW implementation 'rmw_fastrtps_cpp' as default
[1.003s] -- Found rclpy: 7.1.9 (/opt/ros/jazzy/share/rclpy/cmake)
[1.007s] -- Found sensor_msgs: 5.3.6 (/opt/ros/jazzy/share/sensor_msgs/cmake)
[1.031s] -- Found std_srvs: 5.3.6 (/opt/ros/jazzy/share/std_srvs/cmake)
[1.050s] -- Found tf2: 0.36.19 (/opt/ros/jazzy/share/tf2/cmake)
[1.058s] -- Found tf2_msgs: 0.36.19 (/opt/ros/jazzy/share/tf2_msgs/cmake)
[1.227s] -- Configuring done (1.2s)
[1.261s] -- Generating done (0.0s)
[1.270s] -- Build files have been written to: /home/parallels/robot_ws/build/ired_bringup
[1.284s] Invoked command in '/home/parallels/robot_ws/build/ired_bringup' returned '0': CMAKE_PREFIX_PATH=/home/parallels/robot_ws/install/ired_msgs:/home/parallels/robot_ws/install/rplidar_ros:/home/parallels/robot_ws/install/ros2_laser_scan_matcher:/home/parallels/robot_ws/install/ired_rviz:/home/parallels/robot_ws/install/ired_navigation:/home/parallels/robot_ws/install/ired_bringup:/home/parallels/robot_ws/install/csm:/opt/ros/jazzy/opt/gz_sim_vendor:/opt/ros/jazzy/opt/gz_sensors_vendor:/opt/ros/jazzy/opt/gz_physics_vendor:/opt/ros/jazzy/opt/sdformat_vendor:/opt/ros/jazzy/opt/gz_gui_vendor:/opt/ros/jazzy/opt/gz_transport_vendor:/opt/ros/jazzy/opt/gz_rendering_vendor:/opt/ros/jazzy/opt/gz_plugin_vendor:/opt/ros/jazzy/opt/gz_fuel_tools_vendor:/opt/ros/jazzy/opt/gz_msgs_vendor:/opt/ros/jazzy/opt/gz_common_vendor:/opt/ros/jazzy/opt/gz_math_vendor:/opt/ros/jazzy/opt/gz_utils_vendor:/opt/ros/jazzy/opt/gz_tools_vendor:/opt/ros/jazzy/opt/gz_ogre_next_vendor:/opt/ros/jazzy/opt/gz_dartsim_vendor:/opt/ros/jazzy/opt/gz_cmake_vendor:/home/parallels/robot_ws/install/kim_kardashian:/home/parallels/robot_ws/install/ired_teleop:/opt/ros/jazzy DEBUGINFOD_URLS=https://debuginfod.ubuntu.com PYTHONPATH=/home/parallels/robot_ws/install/ired_msgs/lib/python3.12/site-packages:/home/parallels/robot_ws/build/kim_kardashian:/home/parallels/robot_ws/install/kim_kardashian/lib/python3.12/site-packages:/home/parallels/robot_ws/build/ired_teleop:/home/parallels/robot_ws/install/ired_teleop/lib/python3.12/site-packages:/opt/ros/jazzy/lib/python3.12/site-packages /usr/bin/cmake /home/parallels/robot_ws/src/robot/ired_bringup -DCMAKE_INSTALL_PREFIX=/home/parallels/robot_ws/install/ired_bringup
[1.285s] Invoking command in '/home/parallels/robot_ws/build/ired_bringup': CMAKE_PREFIX_PATH=/home/parallels/robot_ws/install/ired_msgs:/home/parallels/robot_ws/install/rplidar_ros:/home/parallels/robot_ws/install/ros2_laser_scan_matcher:/home/parallels/robot_ws/install/ired_rviz:/home/parallels/robot_ws/install/ired_navigation:/home/parallels/robot_ws/install/ired_bringup:/home/parallels/robot_ws/install/csm:/opt/ros/jazzy/opt/gz_sim_vendor:/opt/ros/jazzy/opt/gz_sensors_vendor:/opt/ros/jazzy/opt/gz_physics_vendor:/opt/ros/jazzy/opt/sdformat_vendor:/opt/ros/jazzy/opt/gz_gui_vendor:/opt/ros/jazzy/opt/gz_transport_vendor:/opt/ros/jazzy/opt/gz_rendering_vendor:/opt/ros/jazzy/opt/gz_plugin_vendor:/opt/ros/jazzy/opt/gz_fuel_tools_vendor:/opt/ros/jazzy/opt/gz_msgs_vendor:/opt/ros/jazzy/opt/gz_common_vendor:/opt/ros/jazzy/opt/gz_math_vendor:/opt/ros/jazzy/opt/gz_utils_vendor:/opt/ros/jazzy/opt/gz_tools_vendor:/opt/ros/jazzy/opt/gz_ogre_next_vendor:/opt/ros/jazzy/opt/gz_dartsim_vendor:/opt/ros/jazzy/opt/gz_cmake_vendor:/home/parallels/robot_ws/install/kim_kardashian:/home/parallels/robot_ws/install/ired_teleop:/opt/ros/jazzy DEBUGINFOD_URLS=https://debuginfod.ubuntu.com PYTHONPATH=/home/parallels/robot_ws/install/ired_msgs/lib/python3.12/site-packages:/home/parallels/robot_ws/build/kim_kardashian:/home/parallels/robot_ws/install/kim_kardashian/lib/python3.12/site-packages:/home/parallels/robot_ws/build/ired_teleop:/home/parallels/robot_ws/install/ired_teleop/lib/python3.12/site-packages:/opt/ros/jazzy/lib/python3.12/site-packages /usr/bin/cmake --build /home/parallels/robot_ws/build/ired_bringup -- -j2 -l2
[1.331s] [  9%] [32mBuilding CXX object CMakeFiles/inverse_kinematics_node.dir/src/inverse_kinematics.cpp.o[0m
[1.334s] [ 18%] [32mBuilding CXX object CMakeFiles/forward_kinematics_node.dir/src/forward_kinematics.cpp.o[0m
[8.644s] [ 27%] [32m[1mLinking CXX executable inverse_kinematics_node[0m
[8.887s] [ 27%] Built target inverse_kinematics_node
[8.895s] [ 36%] [32mBuilding CXX object CMakeFiles/imu_node.dir/src/imu.cpp.o[0m
[9.098s] [ 45%] [32m[1mLinking CXX executable forward_kinematics_node[0m
[9.263s] [ 45%] Built target forward_kinematics_node
[9.283s] [ 54%] [32mBuilding CXX object CMakeFiles/iredcr_modbus_node.dir/src/ired_controller.cpp.o[0m
[14.211s] [ 63%] [32m[1mLinking CXX executable imu_node[0m
[14.439s] [ 63%] Built target imu_node
[14.459s] [ 72%] [32mBuilding CXX object CMakeFiles/odom_node.dir/src/odom.cpp.o[0m
[15.930s] [ 81%] [32mBuilding CXX object CMakeFiles/iredcr_modbus_node.dir/src/modbus_rtu.cpp.o[0m
[16.115s] [ 90%] [32m[1mLinking CXX executable iredcr_modbus_node[0m
[16.349s] [ 90%] Built target iredcr_modbus_node
[20.854s] [100%] [32m[1mLinking CXX executable odom_node[0m
[21.286s] [100%] Built target odom_node
[21.294s] Invoked command in '/home/parallels/robot_ws/build/ired_bringup' returned '0': CMAKE_PREFIX_PATH=/home/parallels/robot_ws/install/ired_msgs:/home/parallels/robot_ws/install/rplidar_ros:/home/parallels/robot_ws/install/ros2_laser_scan_matcher:/home/parallels/robot_ws/install/ired_rviz:/home/parallels/robot_ws/install/ired_navigation:/home/parallels/robot_ws/install/ired_bringup:/home/parallels/robot_ws/install/csm:/opt/ros/jazzy/opt/gz_sim_vendor:/opt/ros/jazzy/opt/gz_sensors_vendor:/opt/ros/jazzy/opt/gz_physics_vendor:/opt/ros/jazzy/opt/sdformat_vendor:/opt/ros/jazzy/opt/gz_gui_vendor:/opt/ros/jazzy/opt/gz_transport_vendor:/opt/ros/jazzy/opt/gz_rendering_vendor:/opt/ros/jazzy/opt/gz_plugin_vendor:/opt/ros/jazzy/opt/gz_fuel_tools_vendor:/opt/ros/jazzy/opt/gz_msgs_vendor:/opt/ros/jazzy/opt/gz_common_vendor:/opt/ros/jazzy/opt/gz_math_vendor:/opt/ros/jazzy/opt/gz_utils_vendor:/opt/ros/jazzy/opt/gz_tools_vendor:/opt/ros/jazzy/opt/gz_ogre_next_vendor:/opt/ros/jazzy/opt/gz_dartsim_vendor:/opt/ros/jazzy/opt/gz_cmake_vendor:/home/parallels/robot_ws/install/kim_kardashian:/home/parallels/robot_ws/install/ired_teleop:/opt/ros/jazzy DEBUGINFOD_URLS=https://debuginfod.ubuntu.com PYTHONPATH=/home/parallels/robot_ws/install/ired_msgs/lib/python3.12/site-packages:/home/parallels/robot_ws/build/kim_kardashian:/home/parallels/robot_ws/install/kim_kardashian/lib/python3.12/site-packages:/home/parallels/robot_ws/build/ired_teleop:/home/parallels/robot_ws/install/ired_teleop/lib/python3.12/site-packages:/opt/ros/jazzy/lib/python3.12/site-packages /usr/bin/cmake --build /home/parallels/robot_ws/build/ired_bringup -- -j2 -l2
[21.295s] Invoking command in '/home/parallels/robot_ws/build/ired_bringup': CMAKE_PREFIX_PATH=/home/parallels/robot_ws/install/ired_msgs:/home/parallels/robot_ws/install/rplidar_ros:/home/parallels/robot_ws/install/ros2_laser_scan_matcher:/home/parallels/robot_ws/install/ired_rviz:/home/parallels/robot_ws/install/ired_navigation:/home/parallels/robot_ws/install/ired_bringup:/home/parallels/robot_ws/install/csm:/opt/ros/jazzy/opt/gz_sim_vendor:/opt/ros/jazzy/opt/gz_sensors_vendor:/opt/ros/jazzy/opt/gz_physics_vendor:/opt/ros/jazzy/opt/sdformat_vendor:/opt/ros/jazzy/opt/gz_gui_vendor:/opt/ros/jazzy/opt/gz_transport_vendor:/opt/ros/jazzy/opt/gz_rendering_vendor:/opt/ros/jazzy/opt/gz_plugin_vendor:/opt/ros/jazzy/opt/gz_fuel_tools_vendor:/opt/ros/jazzy/opt/gz_msgs_vendor:/opt/ros/jazzy/opt/gz_common_vendor:/opt/ros/jazzy/opt/gz_math_vendor:/opt/ros/jazzy/opt/gz_utils_vendor:/opt/ros/jazzy/opt/gz_tools_vendor:/opt/ros/jazzy/opt/gz_ogre_next_vendor:/opt/ros/jazzy/opt/gz_dartsim_vendor:/opt/ros/jazzy/opt/gz_cmake_vendor:/home/parallels/robot_ws/install/kim_kardashian:/home/parallels/robot_ws/install/ired_teleop:/opt/ros/jazzy DEBUGINFOD_URLS=https://debuginfod.ubuntu.com PYTHONPATH=/home/parallels/robot_ws/install/ired_msgs/lib/python3.12/site-packages:/home/parallels/robot_ws/build/kim_kardashian:/home/parallels/robot_ws/install/kim_kardashian/lib/python3.12/site-packages:/home/parallels/robot_ws/build/ired_teleop:/home/parallels/robot_ws/install/ired_teleop/lib/python3.12/site-packages:/opt/ros/jazzy/lib/python3.12/site-packages /usr/bin/cmake --install /home/parallels/robot_ws/build/ired_bringup
[21.298s] -- Install configuration: ""
[21.298s] -- Installing: /home/parallels/robot_ws/install/ired_bringup/lib/ired_bringup/forward_kinematics_node
[21.301s] -- Set non-toolchain portion of runtime path of "/home/parallels/robot_ws/install/ired_bringup/lib/ired_bringup/forward_kinematics_node" to ""
[21.301s] -- Installing: /home/parallels/robot_ws/install/ired_bringup/lib/ired_bringup/inverse_kinematics_node
[21.305s] -- Set non-toolchain portion of runtime path of "/home/parallels/robot_ws/install/ired_bringup/lib/ired_bringup/inverse_kinematics_node" to ""
[21.305s] -- Installing: /home/parallels/robot_ws/install/ired_bringup/lib/ired_bringup/imu_node
[21.308s] -- Set non-toolchain portion of runtime path of "/home/parallels/robot_ws/install/ired_bringup/lib/ired_bringup/imu_node" to ""
[21.308s] -- Installing: /home/parallels/robot_ws/install/ired_bringup/lib/ired_bringup/iredcr_modbus_node
[21.311s] -- Set non-toolchain portion of runtime path of "/home/parallels/robot_ws/install/ired_bringup/lib/ired_bringup/iredcr_modbus_node" to ""
[21.311s] -- Installing: /home/parallels/robot_ws/install/ired_bringup/lib/ired_bringup/odom_node
[21.315s] -- Set non-toolchain portion of runtime path of "/home/parallels/robot_ws/install/ired_bringup/lib/ired_bringup/odom_node" to ""
[21.315s] -- Installing: /home/parallels/robot_ws/install/ired_bringup/share/ired_bringup/launch
[21.315s] -- Installing: /home/parallels/robot_ws/install/ired_bringup/share/ired_bringup/launch/bringup.launch.py
[21.315s] -- Installing: /home/parallels/robot_ws/install/ired_bringup/share/ired_bringup/param
[21.315s] -- Installing: /home/parallels/robot_ws/install/ired_bringup/share/ired_bringup/param/laser_scan_matcher.yaml
[21.316s] -- Installing: /home/parallels/robot_ws/install/ired_bringup/share/ired_bringup/param/laser_config.yaml
[21.316s] -- Installing: /home/parallels/robot_ws/install/ired_bringup/share/ired_bringup/param/ired.yaml
[21.316s] -- Installing: /home/parallels/robot_ws/install/ired_bringup/share/ired_bringup/urdf
[21.316s] -- Installing: /home/parallels/robot_ws/install/ired_bringup/share/ired_bringup/urdf/ired.urdf.xacro
[21.316s] -- Installing: /home/parallels/robot_ws/install/ired_bringup/include/
[21.316s] -- Installing: /home/parallels/robot_ws/install/ired_bringup/include//ired_bringup
[21.316s] -- Installing: /home/parallels/robot_ws/install/ired_bringup/include//ired_bringup/ired_controller_define.hpp
[21.316s] -- Installing: /home/parallels/robot_ws/install/ired_bringup/include//ired_bringup/imu.hpp
[21.316s] -- Installing: /home/parallels/robot_ws/install/ired_bringup/include//ired_bringup/inverse_kinematics.hpp
[21.316s] -- Installing: /home/parallels/robot_ws/install/ired_bringup/include//ired_bringup/ired_controller.hpp
[21.316s] -- Installing: /home/parallels/robot_ws/install/ired_bringup/include//ired_bringup/odom.hpp
[21.316s] -- Installing: /home/parallels/robot_ws/install/ired_bringup/include//ired_bringup/forward_kinematics.hpp
[21.316s] -- Installing: /home/parallels/robot_ws/install/ired_bringup/include//modbus_rtu.hpp
[21.316s] -- Installing: /home/parallels/robot_ws/install/ired_bringup/share/ament_index/resource_index/package_run_dependencies/ired_bringup
[21.316s] -- Installing: /home/parallels/robot_ws/install/ired_bringup/share/ament_index/resource_index/parent_prefix_path/ired_bringup
[21.316s] -- Installing: /home/parallels/robot_ws/install/ired_bringup/share/ired_bringup/environment/ament_prefix_path.sh
[21.316s] -- Installing: /home/parallels/robot_ws/install/ired_bringup/share/ired_bringup/environment/ament_prefix_path.dsv
[21.317s] -- Installing: /home/parallels/robot_ws/install/ired_bringup/share/ired_bringup/environment/path.sh
[21.317s] -- Installing: /home/parallels/robot_ws/install/ired_bringup/share/ired_bringup/environment/path.dsv
[21.317s] -- Installing: /home/parallels/robot_ws/install/ired_bringup/share/ired_bringup/local_setup.bash
[21.317s] -- Installing: /home/parallels/robot_ws/install/ired_bringup/share/ired_bringup/local_setup.sh
[21.317s] -- Installing: /home/parallels/robot_ws/install/ired_bringup/share/ired_bringup/local_setup.zsh
[21.317s] -- Installing: /home/parallels/robot_ws/install/ired_bringup/share/ired_bringup/local_setup.dsv
[21.317s] -- Installing: /home/parallels/robot_ws/install/ired_bringup/share/ired_bringup/package.dsv
[21.317s] -- Installing: /home/parallels/robot_ws/install/ired_bringup/share/ament_index/resource_index/packages/ired_bringup
[21.317s] -- Installing: /home/parallels/robot_ws/install/ired_bringup/share/ired_bringup/cmake/ament_cmake_export_include_directories-extras.cmake
[21.317s] -- Installing: /home/parallels/robot_ws/install/ired_bringup/share/ired_bringup/cmake/ament_cmake_export_dependencies-extras.cmake
[21.317s] -- Installing: /home/parallels/robot_ws/install/ired_bringup/share/ired_bringup/cmake/ired_bringupConfig.cmake
[21.317s] -- Installing: /home/parallels/robot_ws/install/ired_bringup/share/ired_bringup/cmake/ired_bringupConfig-version.cmake
[21.317s] -- Installing: /home/parallels/robot_ws/install/ired_bringup/share/ired_bringup/package.xml
[21.319s] Invoked command in '/home/parallels/robot_ws/build/ired_bringup' returned '0': CMAKE_PREFIX_PATH=/home/parallels/robot_ws/install/ired_msgs:/home/parallels/robot_ws/install/rplidar_ros:/home/parallels/robot_ws/install/ros2_laser_scan_matcher:/home/parallels/robot_ws/install/ired_rviz:/home/parallels/robot_ws/install/ired_navigation:/home/parallels/robot_ws/install/ired_bringup:/home/parallels/robot_ws/install/csm:/opt/ros/jazzy/opt/gz_sim_vendor:/opt/ros/jazzy/opt/gz_sensors_vendor:/opt/ros/jazzy/opt/gz_physics_vendor:/opt/ros/jazzy/opt/sdformat_vendor:/opt/ros/jazzy/opt/gz_gui_vendor:/opt/ros/jazzy/opt/gz_transport_vendor:/opt/ros/jazzy/opt/gz_rendering_vendor:/opt/ros/jazzy/opt/gz_plugin_vendor:/opt/ros/jazzy/opt/gz_fuel_tools_vendor:/opt/ros/jazzy/opt/gz_msgs_vendor:/opt/ros/jazzy/opt/gz_common_vendor:/opt/ros/jazzy/opt/gz_math_vendor:/opt/ros/jazzy/opt/gz_utils_vendor:/opt/ros/jazzy/opt/gz_tools_vendor:/opt/ros/jazzy/opt/gz_ogre_next_vendor:/opt/ros/jazzy/opt/gz_dartsim_vendor:/opt/ros/jazzy/opt/gz_cmake_vendor:/home/parallels/robot_ws/install/kim_kardashian:/home/parallels/robot_ws/install/ired_teleop:/opt/ros/jazzy DEBUGINFOD_URLS=https://debuginfod.ubuntu.com PYTHONPATH=/home/parallels/robot_ws/install/ired_msgs/lib/python3.12/site-packages:/home/parallels/robot_ws/build/kim_kardashian:/home/parallels/robot_ws/install/kim_kardashian/lib/python3.12/site-packages:/home/parallels/robot_ws/build/ired_teleop:/home/parallels/robot_ws/install/ired_teleop/lib/python3.12/site-packages:/opt/ros/jazzy/lib/python3.12/site-packages /usr/bin/cmake --install /home/parallels/robot_ws/build/ired_bringup
