-- The C compiler identification is GNU 13.3.0
-- The CXX compiler identification is GNU 13.3.0
-- Detecting C compiler ABI info
-- Detecting C compiler ABI info - done
-- Check for working C compiler: /usr/bin/cc - skipped
-- Detecting C compile features
-- Detecting C compile features - done
-- Detecting CXX compiler ABI info
-- Detecting CXX compiler ABI info - done
-- Check for working CXX compiler: /usr/bin/c++ - skipped
-- Detecting CXX compile features
-- Detecting CXX compile features - done
-- Found ament_cmake: 2.5.5 (/opt/ros/jazzy/share/ament_cmake/cmake)
-- Found Python3: /usr/bin/python3 (found version "3.12.3") found components: Interpreter 
-- Found rclcpp: 28.1.16 (/opt/ros/jazzy/share/rclcpp/cmake)
-- Found rosidl_generator_c: 4.6.7 (/opt/ros/jazzy/share/rosidl_generator_c/cmake)
-- Found rosidl_generator_cpp: 4.6.7 (/opt/ros/jazzy/share/rosidl_generator_cpp/cmake)
-- Using all available rosidl_typesupport_c: rosidl_typesupport_fastrtps_c;rosidl_typesupport_introspection_c
-- Using all available rosidl_typesupport_cpp: rosidl_typesupport_fastrtps_cpp;rosidl_typesupport_introspection_cpp
-- Found rmw_implementation_cmake: 7.3.3 (/opt/ros/jazzy/share/rmw_implementation_cmake/cmake)
-- Found rmw_fastrtps_cpp: 8.4.3 (/opt/ros/jazzy/share/rmw_fastrtps_cpp/cmake)
-- Found OpenSSL: /usr/lib/aarch64-linux-gnu/libcrypto.so (found version "3.0.13")  
-- Found FastRTPS: /opt/ros/jazzy/include (Required is at least version "2.13") 
-- Using RMW implementation 'rmw_fastrtps_cpp' as default
-- Configuring done (0.6s)
-- Generating done (0.0s)
-- Build files have been written to: /home/parallels/robot_ws/build/csm
[  4%] [32mBuilding CXX object CMakeFiles/csm.dir/src/csm/laser_data.cpp.o[0m
[  8%] [32mBuilding CXX object CMakeFiles/csm.dir/src/csm/math_utils.cpp.o[0m
[ 12%] [32mBuilding CXX object CMakeFiles/csm.dir/src/csm/math_utils_gsl.cpp.o[0m
[ 16%] [32mBuilding CXX object CMakeFiles/csm.dir/src/csm/utils.cpp.o[0m
[ 20%] [32mBuilding CXX object CMakeFiles/csm.dir/src/csm/logging.cpp.o[0m
[ 25%] [32mBuilding CXX object CMakeFiles/csm.dir/src/csm/sm_options.cpp.o[0m
[ 29%] [32mBuilding CXX object CMakeFiles/csm.dir/src/csm/orientation.cpp.o[0m
[ 33%] [32mBuilding CXX object CMakeFiles/csm.dir/src/csm/clustering.cpp.o[0m
[ 37%] [32mBuilding CXX object CMakeFiles/csm.dir/src/egsl/egsl.cpp.o[0m
[ 41%] [32mBuilding CXX object CMakeFiles/csm.dir/src/egsl/egsl_conversions.cpp.o[0m
[ 45%] [32mBuilding CXX object CMakeFiles/csm.dir/src/egsl/egsl_misc.cpp.o[0m
[ 50%] [32mBuilding CXX object CMakeFiles/csm.dir/src/egsl/egsl_ops.cpp.o[0m
[ 54%] [32mBuilding CXX object CMakeFiles/csm.dir/src/gpc/gpc.cpp.o[0m
[ 58%] [32mBuilding CXX object CMakeFiles/csm.dir/src/gpc/gpc_utils.cpp.o[0m
[ 62%] [32mBuilding CXX object CMakeFiles/csm.dir/src/icp/icp.cpp.o[0m
[ 66%] [32mBuilding CXX object CMakeFiles/csm.dir/src/icp/icp_corr_dumb.cpp.o[0m
[ 70%] [32mBuilding CXX object CMakeFiles/csm.dir/src/icp/icp_corr_tricks.cpp.o[0m
[ 75%] [32mBuilding CXX object CMakeFiles/csm.dir/src/icp/icp_covariance.cpp.o[0m
[ 79%] [32mBuilding CXX object CMakeFiles/csm.dir/src/icp/icp_debug.cpp.o[0m
[ 83%] [32mBuilding CXX object CMakeFiles/csm.dir/src/icp/icp_loop.cpp.o[0m
[ 87%] [32mBuilding CXX object CMakeFiles/csm.dir/src/icp/icp_outliers.cpp.o[0m
[ 91%] [32mBuilding CXX object CMakeFiles/csm.dir/src/options/options.cpp.o[0m
[ 95%] [32mBuilding CXX object CMakeFiles/csm.dir/src/options/options_interface.cpp.o[0m
[100%] [32m[1mLinking CXX shared library libcsm.so[0m
[100%] Built target csm
-- Install configuration: ""
-- Installing: /home/parallels/robot_ws/install/csm/lib/libcsm.so
-- Installing: /home/parallels/robot_ws/install/csm/include/..//include
-- Installing: /home/parallels/robot_ws/install/csm/include/..//include/csm
-- Installing: /home/parallels/robot_ws/install/csm/include/..//include/csm/algos.h
-- Installing: /home/parallels/robot_ws/install/csm/include/..//include/csm/laser_data.h
-- Installing: /home/parallels/robot_ws/install/csm/include/..//include/csm/csm.h
-- Installing: /home/parallels/robot_ws/install/csm/include/..//include/csm/laser_data_inline.h
-- Installing: /home/parallels/robot_ws/install/csm/include/..//include/csm/restrict.h
-- Installing: /home/parallels/robot_ws/install/csm/include/..//include/gsl_eigen
-- Installing: /home/parallels/robot_ws/install/csm/include/..//include/gsl_eigen/gsl_eigen.h
-- Installing: /home/parallels/robot_ws/install/csm/share/csm/resource
-- Installing: /home/parallels/robot_ws/install/csm/share/csm/resource/csm
-- Installing: /home/parallels/robot_ws/install/csm/include/../gsl_eigen
-- Installing: /home/parallels/robot_ws/install/csm/include/../gsl_eigen/gsl_eigen.h
-- Installing: /home/parallels/robot_ws/install/csm/share/csm/environment/library_path.sh
-- Installing: /home/parallels/robot_ws/install/csm/share/csm/environment/library_path.dsv
-- Installing: /home/parallels/robot_ws/install/csm/share/ament_index/resource_index/package_run_dependencies/csm
-- Installing: /home/parallels/robot_ws/install/csm/share/ament_index/resource_index/parent_prefix_path/csm
-- Installing: /home/parallels/robot_ws/install/csm/share/csm/environment/ament_prefix_path.sh
-- Installing: /home/parallels/robot_ws/install/csm/share/csm/environment/ament_prefix_path.dsv
-- Installing: /home/parallels/robot_ws/install/csm/share/csm/environment/path.sh
-- Installing: /home/parallels/robot_ws/install/csm/share/csm/environment/path.dsv
-- Installing: /home/parallels/robot_ws/install/csm/share/csm/local_setup.bash
-- Installing: /home/parallels/robot_ws/install/csm/share/csm/local_setup.sh
-- Installing: /home/parallels/robot_ws/install/csm/share/csm/local_setup.zsh
-- Installing: /home/parallels/robot_ws/install/csm/share/csm/local_setup.dsv
-- Installing: /home/parallels/robot_ws/install/csm/share/csm/package.dsv
-- Installing: /home/parallels/robot_ws/install/csm/share/ament_index/resource_index/packages/csm
-- Installing: /home/parallels/robot_ws/install/csm/share/csm/cmake/ament_cmake_export_dependencies-extras.cmake
-- Installing: /home/parallels/robot_ws/install/csm/share/csm/cmake/ament_cmake_export_include_directories-extras.cmake
-- Installing: /home/parallels/robot_ws/install/csm/share/csm/cmake/ament_cmake_export_libraries-extras.cmake
-- Installing: /home/parallels/robot_ws/install/csm/share/csm/cmake/csmConfig.cmake
-- Installing: /home/parallels/robot_ws/install/csm/share/csm/cmake/csmConfig-version.cmake
-- Installing: /home/parallels/robot_ws/install/csm/share/csm/package.xml
