[0.008s] Invoking command in '/home/parallels/robot_ws/build/ired_rviz': CMAKE_PREFIX_PATH=${CMAKE_PREFIX_PATH}:/home/parallels/robot_ws/install/kim_kardashian:/home/parallels/robot_ws/install/ired_teleop:/opt/ros/jazzy DEBUGINFOD_URLS=https://debuginfod.ubuntu.com /usr/bin/cmake /home/parallels/robot_ws/src/robot/ired_rviz -DCMAKE_INSTALL_PREFIX=/home/parallels/robot_ws/install/ired_rviz
[0.065s] -- The C compiler identification is GNU 13.3.0
[0.122s] -- The CXX compiler identification is GNU 13.3.0
[0.134s] -- Detecting C compiler ABI info
[0.220s] -- Detecting C compiler ABI info - done
[0.227s] -- Check for working C compiler: /usr/bin/cc - skipped
[0.228s] -- Detecting C compile features
[0.228s] -- Detecting C compile features - done
[0.242s] -- Detecting CXX compiler ABI info
[0.338s] -- Detecting CXX compiler ABI info - done
[0.346s] -- Check for working CXX compiler: /usr/bin/c++ - skipped
[0.346s] -- Detecting CXX compile features
[0.346s] -- Detecting CXX compile features - done
[0.348s] -- Found ament_cmake: 2.5.5 (/opt/ros/jazzy/share/ament_cmake/cmake)
[0.496s] -- Found Python3: /usr/bin/python3 (found version "3.12.3") found components: Interpreter 
[0.696s] -- Configuring done (0.7s)
[0.699s] -- Generating done (0.0s)
[0.700s] -- Build files have been written to: /home/parallels/robot_ws/build/ired_rviz
[0.706s] Invoked command in '/home/parallels/robot_ws/build/ired_rviz' returned '0': CMAKE_PREFIX_PATH=${CMAKE_PREFIX_PATH}:/home/parallels/robot_ws/install/kim_kardashian:/home/parallels/robot_ws/install/ired_teleop:/opt/ros/jazzy DEBUGINFOD_URLS=https://debuginfod.ubuntu.com /usr/bin/cmake /home/parallels/robot_ws/src/robot/ired_rviz -DCMAKE_INSTALL_PREFIX=/home/parallels/robot_ws/install/ired_rviz
[0.706s] Invoking command in '/home/parallels/robot_ws/build/ired_rviz': CMAKE_PREFIX_PATH=${CMAKE_PREFIX_PATH}:/home/parallels/robot_ws/install/kim_kardashian:/home/parallels/robot_ws/install/ired_teleop:/opt/ros/jazzy DEBUGINFOD_URLS=https://debuginfod.ubuntu.com /usr/bin/cmake --build /home/parallels/robot_ws/build/ired_rviz -- -j2 -l2
[0.746s] Invoked command in '/home/parallels/robot_ws/build/ired_rviz' returned '0': CMAKE_PREFIX_PATH=${CMAKE_PREFIX_PATH}:/home/parallels/robot_ws/install/kim_kardashian:/home/parallels/robot_ws/install/ired_teleop:/opt/ros/jazzy DEBUGINFOD_URLS=https://debuginfod.ubuntu.com /usr/bin/cmake --build /home/parallels/robot_ws/build/ired_rviz -- -j2 -l2
[0.746s] Invoking command in '/home/parallels/robot_ws/build/ired_rviz': CMAKE_PREFIX_PATH=${CMAKE_PREFIX_PATH}:/home/parallels/robot_ws/install/kim_kardashian:/home/parallels/robot_ws/install/ired_teleop:/opt/ros/jazzy DEBUGINFOD_URLS=https://debuginfod.ubuntu.com /usr/bin/cmake --install /home/parallels/robot_ws/build/ired_rviz
[0.754s] -- Install configuration: ""
[0.754s] -- Installing: /home/parallels/robot_ws/install/ired_rviz/share/ired_rviz/launch
[0.754s] -- Installing: /home/parallels/robot_ws/install/ired_rviz/share/ired_rviz/launch/navigation.launch.py
[0.756s] -- Installing: /home/parallels/robot_ws/install/ired_rviz/share/ired_rviz/launch/slam.launch.py
[0.756s] -- Installing: /home/parallels/robot_ws/install/ired_rviz/share/ired_rviz/rviz
[0.756s] -- Installing: /home/parallels/robot_ws/install/ired_rviz/share/ired_rviz/rviz/bringup.rviz
[0.756s] -- Installing: /home/parallels/robot_ws/install/ired_rviz/share/ired_rviz/rviz/robot_urdf.rviz
[0.756s] -- Installing: /home/parallels/robot_ws/install/ired_rviz/share/ired_rviz/rviz/navi.rviz
[0.756s] -- Installing: /home/parallels/robot_ws/install/ired_rviz/share/ired_rviz/rviz/slam.rviz
[0.757s] -- Installing: /home/parallels/robot_ws/install/ired_rviz/share/ament_index/resource_index/package_run_dependencies/ired_rviz
[0.757s] -- Installing: /home/parallels/robot_ws/install/ired_rviz/share/ament_index/resource_index/parent_prefix_path/ired_rviz
[0.757s] -- Installing: /home/parallels/robot_ws/install/ired_rviz/share/ired_rviz/environment/ament_prefix_path.sh
[0.757s] -- Installing: /home/parallels/robot_ws/install/ired_rviz/share/ired_rviz/environment/ament_prefix_path.dsv
[0.757s] -- Installing: /home/parallels/robot_ws/install/ired_rviz/share/ired_rviz/environment/path.sh
[0.757s] -- Installing: /home/parallels/robot_ws/install/ired_rviz/share/ired_rviz/environment/path.dsv
[0.757s] -- Installing: /home/parallels/robot_ws/install/ired_rviz/share/ired_rviz/local_setup.bash
[0.757s] -- Installing: /home/parallels/robot_ws/install/ired_rviz/share/ired_rviz/local_setup.sh
[0.757s] -- Installing: /home/parallels/robot_ws/install/ired_rviz/share/ired_rviz/local_setup.zsh
[0.759s] -- Installing: /home/parallels/robot_ws/install/ired_rviz/share/ired_rviz/local_setup.dsv
[0.759s] -- Installing: /home/parallels/robot_ws/install/ired_rviz/share/ired_rviz/package.dsv
[0.759s] -- Installing: /home/parallels/robot_ws/install/ired_rviz/share/ament_index/resource_index/packages/ired_rviz
[0.759s] -- Installing: /home/parallels/robot_ws/install/ired_rviz/share/ired_rviz/cmake/ired_rvizConfig.cmake
[0.759s] -- Installing: /home/parallels/robot_ws/install/ired_rviz/share/ired_rviz/cmake/ired_rvizConfig-version.cmake
[0.759s] -- Installing: /home/parallels/robot_ws/install/ired_rviz/share/ired_rviz/package.xml
[0.764s] Invoked command in '/home/parallels/robot_ws/build/ired_rviz' returned '0': CMAKE_PREFIX_PATH=${CMAKE_PREFIX_PATH}:/home/parallels/robot_ws/install/kim_kardashian:/home/parallels/robot_ws/install/ired_teleop:/opt/ros/jazzy DEBUGINFOD_URLS=https://debuginfod.ubuntu.com /usr/bin/cmake --install /home/parallels/robot_ws/build/ired_rviz
