running develop
Removing /home/parallels/robot_ws/install/kim_description/lib/python3.12/site-packages/kim-description.egg-link (link to .)
running egg_info
writing ../../../build/kim_description/kim_description.egg-info/PKG-INFO
writing dependency_links to ../../../build/kim_description/kim_description.egg-info/dependency_links.txt
writing requirements to ../../../build/kim_description/kim_description.egg-info/requires.txt
writing top-level names to ../../../build/kim_description/kim_description.egg-info/top_level.txt
reading manifest file '../../../build/kim_description/kim_description.egg-info/SOURCES.txt'
writing manifest file '../../../build/kim_description/kim_description.egg-info/SOURCES.txt'
running build
running build_py
creating /home/parallels/robot_ws/build/kim_description/build
creating /home/parallels/robot_ws/build/kim_description/build/lib
creating /home/parallels/robot_ws/build/kim_description/build/lib/kim_description
copying kim_description/__init__.py -> /home/parallels/robot_ws/build/kim_description/build/lib/kim_description
running install
running install_lib
creating /home/parallels/robot_ws/install/kim_description/lib/python3.12/site-packages/kim_description
copying /home/parallels/robot_ws/build/kim_description/build/lib/kim_description/__init__.py -> /home/parallels/robot_ws/install/kim_description/lib/python3.12/site-packages/kim_description
byte-compiling /home/parallels/robot_ws/install/kim_description/lib/python3.12/site-packages/kim_description/__init__.py to __init__.cpython-312.pyc
running install_data
copying resource/kim_description -> /home/parallels/robot_ws/install/kim_description/share/ament_index/resource_index/packages
copying package.xml -> /home/parallels/robot_ws/install/kim_description/share/kim_description
copying launch/kim_bringup.launch.py -> /home/parallels/robot_ws/install/kim_description/share/kim_description/launch
copying urdf/kim_kardashian.urdf.xacro -> /home/parallels/robot_ws/install/kim_description/share/kim_description/urdf
running install_egg_info
Copying ../../../build/kim_description/kim_description.egg-info to /home/parallels/robot_ws/install/kim_description/lib/python3.12/site-packages/kim_description-0.0.0-py3.12.egg-info
running install_scripts
writing list of installed files to '/home/parallels/robot_ws/build/kim_description/install.log'
