running develop
running egg_info
creating kim_description.egg-info
writing kim_description.egg-info/PKG-INFO
writing dependency_links to kim_description.egg-info/dependency_links.txt
writing requirements to kim_description.egg-info/requires.txt
writing top-level names to kim_description.egg-info/top_level.txt
writing manifest file 'kim_description.egg-info/SOURCES.txt'
reading manifest file 'kim_description.egg-info/SOURCES.txt'
writing manifest file 'kim_description.egg-info/SOURCES.txt'
running build_ext
Creating /home/parallels/robot_ws/install/kim_description/lib/python3.12/site-packages/kim-description.egg-link (link to .)

Installed /home/parallels/robot_ws/build/kim_description
running symlink_data
creating /home/parallels/robot_ws/install/kim_description/share/ament_index
creating /home/parallels/robot_ws/install/kim_description/share/ament_index/resource_index
creating /home/parallels/robot_ws/install/kim_description/share/ament_index/resource_index/packages
symbolically linking /home/parallels/robot_ws/build/kim_description/resource/kim_description -> /home/parallels/robot_ws/install/kim_description/share/ament_index/resource_index/packages
symbolically linking /home/parallels/robot_ws/build/kim_description/package.xml -> /home/parallels/robot_ws/install/kim_description/share/kim_description
creating /home/parallels/robot_ws/install/kim_description/share/kim_description/launch
symbolically linking /home/parallels/robot_ws/build/kim_description/launch/kim_bringup.launch.py -> /home/parallels/robot_ws/install/kim_description/share/kim_description/launch
creating /home/parallels/robot_ws/install/kim_description/share/kim_description/urdf
symbolically linking /home/parallels/robot_ws/build/kim_description/urdf/kim_kardashian.urdf.xacro -> /home/parallels/robot_ws/install/kim_description/share/kim_description/urdf
