[0.290s] Invoking command in '/home/parallels/robot_ws/build/kim_description': DEBUGINFOD_URLS=https://debuginfod.ubuntu.com PYTHONPATH=/home/parallels/robot_ws/build/kim_description/prefix_override:/usr/lib/python3/dist-packages/colcon_core/task/python/colcon_distutils_commands:/home/parallels/robot_ws/install/kim_description/lib/python3.12/site-packages:${PYTHONPATH} /usr/bin/python3 -W ignore:setup.py install is deprecated -W ignore:easy_install command is deprecated setup.py develop --editable --build-directory /home/parallels/robot_ws/build/kim_description/build --no-deps symlink_data
[0.407s] running develop
[0.471s] running egg_info
[0.471s] creating kim_description.egg-info
[0.476s] writing kim_description.egg-info/PKG-INFO
[0.476s] writing dependency_links to kim_description.egg-info/dependency_links.txt
[0.476s] writing requirements to kim_description.egg-info/requires.txt
[0.476s] writing top-level names to kim_description.egg-info/top_level.txt
[0.476s] writing manifest file 'kim_description.egg-info/SOURCES.txt'
[0.488s] reading manifest file 'kim_description.egg-info/SOURCES.txt'
[0.488s] writing manifest file 'kim_description.egg-info/SOURCES.txt'
[0.494s] running build_ext
[0.494s] Creating /home/parallels/robot_ws/install/kim_description/lib/python3.12/site-packages/kim-description.egg-link (link to .)
[0.494s] 
[0.494s] Installed /home/parallels/robot_ws/build/kim_description
[0.495s] running symlink_data
[0.495s] creating /home/parallels/robot_ws/install/kim_description/share/ament_index
[0.495s] creating /home/parallels/robot_ws/install/kim_description/share/ament_index/resource_index
[0.495s] creating /home/parallels/robot_ws/install/kim_description/share/ament_index/resource_index/packages
[0.495s] symbolically linking /home/parallels/robot_ws/build/kim_description/resource/kim_description -> /home/parallels/robot_ws/install/kim_description/share/ament_index/resource_index/packages
[0.495s] symbolically linking /home/parallels/robot_ws/build/kim_description/package.xml -> /home/parallels/robot_ws/install/kim_description/share/kim_description
[0.495s] creating /home/parallels/robot_ws/install/kim_description/share/kim_description/launch
[0.495s] symbolically linking /home/parallels/robot_ws/build/kim_description/launch/kim_bringup.launch.py -> /home/parallels/robot_ws/install/kim_description/share/kim_description/launch
[0.495s] creating /home/parallels/robot_ws/install/kim_description/share/kim_description/urdf
[0.495s] symbolically linking /home/parallels/robot_ws/build/kim_description/urdf/kim_kardashian.urdf.xacro -> /home/parallels/robot_ws/install/kim_description/share/kim_description/urdf
[0.509s] Invoked command in '/home/parallels/robot_ws/build/kim_description' returned '0': DEBUGINFOD_URLS=https://debuginfod.ubuntu.com PYTHONPATH=/home/parallels/robot_ws/build/kim_description/prefix_override:/usr/lib/python3/dist-packages/colcon_core/task/python/colcon_distutils_commands:/home/parallels/robot_ws/install/kim_description/lib/python3.12/site-packages:${PYTHONPATH} /usr/bin/python3 -W ignore:setup.py install is deprecated -W ignore:easy_install command is deprecated setup.py develop --editable --build-directory /home/parallels/robot_ws/build/kim_description/build --no-deps symlink_data
