[0.007s] Invoking command in '/home/parallels/robot_ws/build/ired_msgs': CMAKE_PREFIX_PATH=${CMAKE_PREFIX_PATH}:/home/parallels/robot_ws/install/kim_description:/home/parallels/robot_ws/install/kim_kardashian:/home/parallels/robot_ws/install/ired_teleop:/opt/ros/jazzy DEBUGINFOD_URLS=https://debuginfod.ubuntu.com /usr/bin/cmake --build /home/parallels/robot_ws/build/ired_msgs -- -j2 -l2
[0.038s] [  1%] Built target ired_msgs__rosidl_generator_type_description
[0.047s] [  1%] Built target ament_cmake_python_copy_ired_msgs
[0.052s] [  2%] Built target ired_msgs__cpp
[0.071s] [ 25%] Built target ired_msgs__rosidl_generator_c
[0.089s] [ 35%] Built target ired_msgs__rosidl_typesupport_cpp
[0.113s] [ 44%] Built target ired_msgs__rosidl_typesupport_fastrtps_c
[0.138s] [ 54%] Built target ired_msgs__rosidl_typesupport_fastrtps_cpp
[0.155s] [ 63%] Built target ired_msgs__rosidl_typesupport_introspection_c
[0.176s] [ 72%] Built target ired_msgs__rosidl_typesupport_c
[0.179s] running egg_info
[0.185s] writing ired_msgs.egg-info/PKG-INFO
[0.186s] writing dependency_links to ired_msgs.egg-info/dependency_links.txt
[0.186s] writing top-level names to ired_msgs.egg-info/top_level.txt
[0.202s] [ 82%] Built target ired_msgs__rosidl_typesupport_introspection_cpp
[0.210s] reading manifest file 'ired_msgs.egg-info/SOURCES.txt'
[0.211s] writing manifest file 'ired_msgs.egg-info/SOURCES.txt'
[0.223s] [ 82%] Built target ired_msgs
[0.231s] [ 82%] Built target ament_cmake_python_build_ired_msgs_egg
[0.237s] [ 83%] Built target ired_msgs__py
[0.249s] [ 91%] Built target ired_msgs__rosidl_generator_py
[0.260s] [ 94%] Built target ired_msgs_s__rosidl_typesupport_introspection_c
[0.266s] [ 97%] Built target ired_msgs_s__rosidl_typesupport_fastrtps_c
[0.276s] [100%] Built target ired_msgs_s__rosidl_typesupport_c
[0.314s] Invoked command in '/home/parallels/robot_ws/build/ired_msgs' returned '0': CMAKE_PREFIX_PATH=${CMAKE_PREFIX_PATH}:/home/parallels/robot_ws/install/kim_description:/home/parallels/robot_ws/install/kim_kardashian:/home/parallels/robot_ws/install/ired_teleop:/opt/ros/jazzy DEBUGINFOD_URLS=https://debuginfod.ubuntu.com /usr/bin/cmake --build /home/parallels/robot_ws/build/ired_msgs -- -j2 -l2
[0.315s] Invoking command in '/home/parallels/robot_ws/build/ired_msgs': CMAKE_PREFIX_PATH=${CMAKE_PREFIX_PATH}:/home/parallels/robot_ws/install/kim_description:/home/parallels/robot_ws/install/kim_kardashian:/home/parallels/robot_ws/install/ired_teleop:/opt/ros/jazzy DEBUGINFOD_URLS=https://debuginfod.ubuntu.com /usr/bin/cmake --install /home/parallels/robot_ws/build/ired_msgs
[0.319s] -- Install configuration: ""
[0.319s] -- Up-to-date: /home/parallels/robot_ws/install/ired_msgs/share/ament_index/resource_index/rosidl_interfaces/ired_msgs
[0.319s] -- Up-to-date: /home/parallels/robot_ws/install/ired_msgs/share/ired_msgs/msg/IMUData.json
[0.319s] -- Up-to-date: /home/parallels/robot_ws/install/ired_msgs/share/ired_msgs/msg/MotorControl.json
[0.319s] -- Up-to-date: /home/parallels/robot_ws/install/ired_msgs/share/ired_msgs/msg/MotorData.json
[0.319s] -- Up-to-date: /home/parallels/robot_ws/install/ired_msgs/share/ired_msgs/msg/MotorSpeed.json
[0.319s] -- Up-to-date: /home/parallels/robot_ws/install/ired_msgs/share/ired_msgs/srv/PIDTuning.json
[0.319s] -- Up-to-date: /home/parallels/robot_ws/install/ired_msgs/include/ired_msgs/ired_msgs
[0.319s] -- Up-to-date: /home/parallels/robot_ws/install/ired_msgs/include/ired_msgs/ired_msgs/msg
[0.319s] -- Up-to-date: /home/parallels/robot_ws/install/ired_msgs/include/ired_msgs/ired_msgs/msg/motor_speed.h
[0.320s] -- Up-to-date: /home/parallels/robot_ws/install/ired_msgs/include/ired_msgs/ired_msgs/msg/imu_data.h
[0.320s] -- Up-to-date: /home/parallels/robot_ws/install/ired_msgs/include/ired_msgs/ired_msgs/msg/rosidl_generator_c__visibility_control.h
[0.320s] -- Up-to-date: /home/parallels/robot_ws/install/ired_msgs/include/ired_msgs/ired_msgs/msg/motor_control.h
[0.320s] -- Up-to-date: /home/parallels/robot_ws/install/ired_msgs/include/ired_msgs/ired_msgs/msg/detail
[0.320s] -- Up-to-date: /home/parallels/robot_ws/install/ired_msgs/include/ired_msgs/ired_msgs/msg/detail/imu_data__functions.h
[0.320s] -- Up-to-date: /home/parallels/robot_ws/install/ired_msgs/include/ired_msgs/ired_msgs/msg/detail/motor_speed__type_support.h
[0.320s] -- Up-to-date: /home/parallels/robot_ws/install/ired_msgs/include/ired_msgs/ired_msgs/msg/detail/motor_speed__functions.h
[0.320s] -- Up-to-date: /home/parallels/robot_ws/install/ired_msgs/include/ired_msgs/ired_msgs/msg/detail/imu_data__description.c
[0.320s] -- Up-to-date: /home/parallels/robot_ws/install/ired_msgs/include/ired_msgs/ired_msgs/msg/detail/motor_control__functions.c
[0.320s] -- Up-to-date: /home/parallels/robot_ws/install/ired_msgs/include/ired_msgs/ired_msgs/msg/detail/motor_control__functions.h
[0.320s] -- Installing: /home/parallels/robot_ws/install/ired_msgs/include/ired_msgs/ired_msgs/msg/detail/motor_control__type_support.c
[0.320s] -- Up-to-date: /home/parallels/robot_ws/install/ired_msgs/include/ired_msgs/ired_msgs/msg/detail/motor_control__description.c
[0.320s] -- Up-to-date: /home/parallels/robot_ws/install/ired_msgs/include/ired_msgs/ired_msgs/msg/detail/motor_speed__struct.h
[0.320s] -- Installing: /home/parallels/robot_ws/install/ired_msgs/include/ired_msgs/ired_msgs/msg/detail/motor_speed__type_support.c
[0.320s] -- Up-to-date: /home/parallels/robot_ws/install/ired_msgs/include/ired_msgs/ired_msgs/msg/detail/imu_data__functions.c
[0.320s] -- Up-to-date: /home/parallels/robot_ws/install/ired_msgs/include/ired_msgs/ired_msgs/msg/detail/imu_data__struct.h
[0.320s] -- Up-to-date: /home/parallels/robot_ws/install/ired_msgs/include/ired_msgs/ired_msgs/msg/detail/motor_data__functions.c
[0.320s] -- Up-to-date: /home/parallels/robot_ws/install/ired_msgs/include/ired_msgs/ired_msgs/msg/detail/motor_control__struct.h
[0.320s] -- Up-to-date: /home/parallels/robot_ws/install/ired_msgs/include/ired_msgs/ired_msgs/msg/detail/motor_speed__description.c
[0.321s] -- Up-to-date: /home/parallels/robot_ws/install/ired_msgs/include/ired_msgs/ired_msgs/msg/detail/motor_data__struct.h
[0.321s] -- Up-to-date: /home/parallels/robot_ws/install/ired_msgs/include/ired_msgs/ired_msgs/msg/detail/motor_data__functions.h
[0.321s] -- Up-to-date: /home/parallels/robot_ws/install/ired_msgs/include/ired_msgs/ired_msgs/msg/detail/imu_data__type_support.h
[0.321s] -- Installing: /home/parallels/robot_ws/install/ired_msgs/include/ired_msgs/ired_msgs/msg/detail/imu_data__type_support.c
[0.321s] -- Up-to-date: /home/parallels/robot_ws/install/ired_msgs/include/ired_msgs/ired_msgs/msg/detail/motor_control__type_support.h
[0.321s] -- Up-to-date: /home/parallels/robot_ws/install/ired_msgs/include/ired_msgs/ired_msgs/msg/detail/motor_data__type_support.h
[0.321s] -- Installing: /home/parallels/robot_ws/install/ired_msgs/include/ired_msgs/ired_msgs/msg/detail/motor_data__type_support.c
[0.321s] -- Up-to-date: /home/parallels/robot_ws/install/ired_msgs/include/ired_msgs/ired_msgs/msg/detail/motor_speed__functions.c
[0.321s] -- Up-to-date: /home/parallels/robot_ws/install/ired_msgs/include/ired_msgs/ired_msgs/msg/detail/motor_data__description.c
[0.321s] -- Up-to-date: /home/parallels/robot_ws/install/ired_msgs/include/ired_msgs/ired_msgs/msg/motor_data.h
[0.321s] -- Up-to-date: /home/parallels/robot_ws/install/ired_msgs/include/ired_msgs/ired_msgs/srv
[0.321s] -- Up-to-date: /home/parallels/robot_ws/install/ired_msgs/include/ired_msgs/ired_msgs/srv/pid_tuning.h
[0.322s] -- Up-to-date: /home/parallels/robot_ws/install/ired_msgs/include/ired_msgs/ired_msgs/srv/detail
[0.322s] -- Up-to-date: /home/parallels/robot_ws/install/ired_msgs/include/ired_msgs/ired_msgs/srv/detail/pid_tuning__struct.h
[0.322s] -- Installing: /home/parallels/robot_ws/install/ired_msgs/include/ired_msgs/ired_msgs/srv/detail/pid_tuning__type_support.c
[0.322s] -- Up-to-date: /home/parallels/robot_ws/install/ired_msgs/include/ired_msgs/ired_msgs/srv/detail/pid_tuning__functions.c
[0.322s] -- Up-to-date: /home/parallels/robot_ws/install/ired_msgs/include/ired_msgs/ired_msgs/srv/detail/pid_tuning__functions.h
[0.322s] -- Up-to-date: /home/parallels/robot_ws/install/ired_msgs/include/ired_msgs/ired_msgs/srv/detail/pid_tuning__description.c
[0.322s] -- Up-to-date: /home/parallels/robot_ws/install/ired_msgs/include/ired_msgs/ired_msgs/srv/detail/pid_tuning__type_support.h
[0.322s] -- Up-to-date: /home/parallels/robot_ws/install/ired_msgs/share/ired_msgs/environment/library_path.sh
[0.322s] -- Up-to-date: /home/parallels/robot_ws/install/ired_msgs/share/ired_msgs/environment/library_path.dsv
[0.322s] -- Up-to-date: /home/parallels/robot_ws/install/ired_msgs/lib/libired_msgs__rosidl_generator_c.so
[0.322s] -- Up-to-date: /home/parallels/robot_ws/install/ired_msgs/include/ired_msgs/ired_msgs
[0.322s] -- Up-to-date: /home/parallels/robot_ws/install/ired_msgs/include/ired_msgs/ired_msgs/msg
[0.322s] -- Up-to-date: /home/parallels/robot_ws/install/ired_msgs/include/ired_msgs/ired_msgs/msg/detail
[0.322s] -- Up-to-date: /home/parallels/robot_ws/install/ired_msgs/include/ired_msgs/ired_msgs/msg/detail/imu_data__rosidl_typesupport_fastrtps_c.h
[0.323s] -- Up-to-date: /home/parallels/robot_ws/install/ired_msgs/include/ired_msgs/ired_msgs/msg/detail/motor_data__rosidl_typesupport_fastrtps_c.h
[0.323s] -- Up-to-date: /home/parallels/robot_ws/install/ired_msgs/include/ired_msgs/ired_msgs/msg/detail/motor_control__rosidl_typesupport_fastrtps_c.h
[0.323s] -- Up-to-date: /home/parallels/robot_ws/install/ired_msgs/include/ired_msgs/ired_msgs/msg/detail/motor_speed__rosidl_typesupport_fastrtps_c.h
[0.323s] -- Up-to-date: /home/parallels/robot_ws/install/ired_msgs/include/ired_msgs/ired_msgs/msg/rosidl_typesupport_fastrtps_c__visibility_control.h
[0.323s] -- Up-to-date: /home/parallels/robot_ws/install/ired_msgs/include/ired_msgs/ired_msgs/srv
[0.323s] -- Up-to-date: /home/parallels/robot_ws/install/ired_msgs/include/ired_msgs/ired_msgs/srv/detail
[0.323s] -- Up-to-date: /home/parallels/robot_ws/install/ired_msgs/include/ired_msgs/ired_msgs/srv/detail/pid_tuning__rosidl_typesupport_fastrtps_c.h
[0.323s] -- Up-to-date: /home/parallels/robot_ws/install/ired_msgs/lib/libired_msgs__rosidl_typesupport_fastrtps_c.so
[0.323s] -- Up-to-date: /home/parallels/robot_ws/install/ired_msgs/include/ired_msgs/ired_msgs
[0.323s] -- Up-to-date: /home/parallels/robot_ws/install/ired_msgs/include/ired_msgs/ired_msgs/msg
[0.323s] -- Up-to-date: /home/parallels/robot_ws/install/ired_msgs/include/ired_msgs/ired_msgs/msg/motor_control.hpp
[0.323s] -- Up-to-date: /home/parallels/robot_ws/install/ired_msgs/include/ired_msgs/ired_msgs/msg/motor_data.hpp
[0.323s] -- Up-to-date: /home/parallels/robot_ws/install/ired_msgs/include/ired_msgs/ired_msgs/msg/detail
[0.323s] -- Up-to-date: /home/parallels/robot_ws/install/ired_msgs/include/ired_msgs/ired_msgs/msg/detail/motor_speed__struct.hpp
[0.323s] -- Up-to-date: /home/parallels/robot_ws/install/ired_msgs/include/ired_msgs/ired_msgs/msg/detail/motor_control__struct.hpp
[0.323s] -- Up-to-date: /home/parallels/robot_ws/install/ired_msgs/include/ired_msgs/ired_msgs/msg/detail/motor_control__type_support.hpp
[0.323s] -- Up-to-date: /home/parallels/robot_ws/install/ired_msgs/include/ired_msgs/ired_msgs/msg/detail/motor_control__traits.hpp
[0.323s] -- Up-to-date: /home/parallels/robot_ws/install/ired_msgs/include/ired_msgs/ired_msgs/msg/detail/motor_speed__builder.hpp
[0.323s] -- Up-to-date: /home/parallels/robot_ws/install/ired_msgs/include/ired_msgs/ired_msgs/msg/detail/motor_speed__traits.hpp
[0.323s] -- Up-to-date: /home/parallels/robot_ws/install/ired_msgs/include/ired_msgs/ired_msgs/msg/detail/motor_data__struct.hpp
[0.323s] -- Up-to-date: /home/parallels/robot_ws/install/ired_msgs/include/ired_msgs/ired_msgs/msg/detail/imu_data__struct.hpp
[0.323s] -- Up-to-date: /home/parallels/robot_ws/install/ired_msgs/include/ired_msgs/ired_msgs/msg/detail/motor_data__type_support.hpp
[0.323s] -- Up-to-date: /home/parallels/robot_ws/install/ired_msgs/include/ired_msgs/ired_msgs/msg/detail/imu_data__type_support.hpp
[0.323s] -- Up-to-date: /home/parallels/robot_ws/install/ired_msgs/include/ired_msgs/ired_msgs/msg/detail/imu_data__traits.hpp
[0.323s] -- Up-to-date: /home/parallels/robot_ws/install/ired_msgs/include/ired_msgs/ired_msgs/msg/detail/motor_speed__type_support.hpp
[0.323s] -- Up-to-date: /home/parallels/robot_ws/install/ired_msgs/include/ired_msgs/ired_msgs/msg/detail/motor_data__builder.hpp
[0.323s] -- Up-to-date: /home/parallels/robot_ws/install/ired_msgs/include/ired_msgs/ired_msgs/msg/detail/imu_data__builder.hpp
[0.323s] -- Up-to-date: /home/parallels/robot_ws/install/ired_msgs/include/ired_msgs/ired_msgs/msg/detail/motor_data__traits.hpp
[0.324s] -- Up-to-date: /home/parallels/robot_ws/install/ired_msgs/include/ired_msgs/ired_msgs/msg/detail/motor_control__builder.hpp
[0.324s] -- Up-to-date: /home/parallels/robot_ws/install/ired_msgs/include/ired_msgs/ired_msgs/msg/imu_data.hpp
[0.324s] -- Up-to-date: /home/parallels/robot_ws/install/ired_msgs/include/ired_msgs/ired_msgs/msg/motor_speed.hpp
[0.324s] -- Up-to-date: /home/parallels/robot_ws/install/ired_msgs/include/ired_msgs/ired_msgs/msg/rosidl_generator_cpp__visibility_control.hpp
[0.324s] -- Up-to-date: /home/parallels/robot_ws/install/ired_msgs/include/ired_msgs/ired_msgs/srv
[0.324s] -- Up-to-date: /home/parallels/robot_ws/install/ired_msgs/include/ired_msgs/ired_msgs/srv/pid_tuning.hpp
[0.324s] -- Up-to-date: /home/parallels/robot_ws/install/ired_msgs/include/ired_msgs/ired_msgs/srv/detail
[0.324s] -- Up-to-date: /home/parallels/robot_ws/install/ired_msgs/include/ired_msgs/ired_msgs/srv/detail/pid_tuning__traits.hpp
[0.324s] -- Up-to-date: /home/parallels/robot_ws/install/ired_msgs/include/ired_msgs/ired_msgs/srv/detail/pid_tuning__struct.hpp
[0.324s] -- Up-to-date: /home/parallels/robot_ws/install/ired_msgs/include/ired_msgs/ired_msgs/srv/detail/pid_tuning__type_support.hpp
[0.324s] -- Up-to-date: /home/parallels/robot_ws/install/ired_msgs/include/ired_msgs/ired_msgs/srv/detail/pid_tuning__builder.hpp
[0.324s] -- Up-to-date: /home/parallels/robot_ws/install/ired_msgs/include/ired_msgs/ired_msgs
[0.324s] -- Up-to-date: /home/parallels/robot_ws/install/ired_msgs/include/ired_msgs/ired_msgs/msg
[0.324s] -- Up-to-date: /home/parallels/robot_ws/install/ired_msgs/include/ired_msgs/ired_msgs/msg/rosidl_typesupport_fastrtps_cpp__visibility_control.h
[0.324s] -- Up-to-date: /home/parallels/robot_ws/install/ired_msgs/include/ired_msgs/ired_msgs/msg/detail
[0.324s] -- Up-to-date: /home/parallels/robot_ws/install/ired_msgs/include/ired_msgs/ired_msgs/msg/detail/dds_fastrtps
[0.324s] -- Up-to-date: /home/parallels/robot_ws/install/ired_msgs/include/ired_msgs/ired_msgs/msg/detail/motor_speed__rosidl_typesupport_fastrtps_cpp.hpp
[0.324s] -- Up-to-date: /home/parallels/robot_ws/install/ired_msgs/include/ired_msgs/ired_msgs/msg/detail/motor_control__rosidl_typesupport_fastrtps_cpp.hpp
[0.324s] -- Up-to-date: /home/parallels/robot_ws/install/ired_msgs/include/ired_msgs/ired_msgs/msg/detail/motor_data__rosidl_typesupport_fastrtps_cpp.hpp
[0.324s] -- Up-to-date: /home/parallels/robot_ws/install/ired_msgs/include/ired_msgs/ired_msgs/msg/detail/imu_data__rosidl_typesupport_fastrtps_cpp.hpp
[0.324s] -- Up-to-date: /home/parallels/robot_ws/install/ired_msgs/include/ired_msgs/ired_msgs/srv
[0.324s] -- Up-to-date: /home/parallels/robot_ws/install/ired_msgs/include/ired_msgs/ired_msgs/srv/detail
[0.324s] -- Up-to-date: /home/parallels/robot_ws/install/ired_msgs/include/ired_msgs/ired_msgs/srv/detail/dds_fastrtps
[0.324s] -- Up-to-date: /home/parallels/robot_ws/install/ired_msgs/include/ired_msgs/ired_msgs/srv/detail/pid_tuning__rosidl_typesupport_fastrtps_cpp.hpp
[0.324s] -- Up-to-date: /home/parallels/robot_ws/install/ired_msgs/lib/libired_msgs__rosidl_typesupport_fastrtps_cpp.so
[0.324s] -- Up-to-date: /home/parallels/robot_ws/install/ired_msgs/include/ired_msgs/ired_msgs
[0.324s] -- Up-to-date: /home/parallels/robot_ws/install/ired_msgs/include/ired_msgs/ired_msgs/msg
[0.324s] -- Up-to-date: /home/parallels/robot_ws/install/ired_msgs/include/ired_msgs/ired_msgs/msg/detail
[0.324s] -- Up-to-date: /home/parallels/robot_ws/install/ired_msgs/include/ired_msgs/ired_msgs/msg/detail/motor_control__rosidl_typesupport_introspection_c.h
[0.324s] -- Installing: /home/parallels/robot_ws/install/ired_msgs/include/ired_msgs/ired_msgs/msg/detail/motor_control__type_support.c
[0.324s] -- Up-to-date: /home/parallels/robot_ws/install/ired_msgs/include/ired_msgs/ired_msgs/msg/detail/motor_data__rosidl_typesupport_introspection_c.h
[0.324s] -- Installing: /home/parallels/robot_ws/install/ired_msgs/include/ired_msgs/ired_msgs/msg/detail/motor_speed__type_support.c
[0.324s] -- Up-to-date: /home/parallels/robot_ws/install/ired_msgs/include/ired_msgs/ired_msgs/msg/detail/motor_speed__rosidl_typesupport_introspection_c.h
[0.325s] -- Installing: /home/parallels/robot_ws/install/ired_msgs/include/ired_msgs/ired_msgs/msg/detail/imu_data__type_support.c
[0.325s] -- Installing: /home/parallels/robot_ws/install/ired_msgs/include/ired_msgs/ired_msgs/msg/detail/motor_data__type_support.c
[0.325s] -- Up-to-date: /home/parallels/robot_ws/install/ired_msgs/include/ired_msgs/ired_msgs/msg/detail/imu_data__rosidl_typesupport_introspection_c.h
[0.325s] -- Up-to-date: /home/parallels/robot_ws/install/ired_msgs/include/ired_msgs/ired_msgs/msg/rosidl_typesupport_introspection_c__visibility_control.h
[0.325s] -- Up-to-date: /home/parallels/robot_ws/install/ired_msgs/include/ired_msgs/ired_msgs/srv
[0.325s] -- Up-to-date: /home/parallels/robot_ws/install/ired_msgs/include/ired_msgs/ired_msgs/srv/detail
[0.325s] -- Up-to-date: /home/parallels/robot_ws/install/ired_msgs/include/ired_msgs/ired_msgs/srv/detail/pid_tuning__rosidl_typesupport_introspection_c.h
[0.325s] -- Installing: /home/parallels/robot_ws/install/ired_msgs/include/ired_msgs/ired_msgs/srv/detail/pid_tuning__type_support.c
[0.325s] -- Up-to-date: /home/parallels/robot_ws/install/ired_msgs/lib/libired_msgs__rosidl_typesupport_introspection_c.so
[0.325s] -- Up-to-date: /home/parallels/robot_ws/install/ired_msgs/lib/libired_msgs__rosidl_typesupport_c.so
[0.325s] -- Up-to-date: /home/parallels/robot_ws/install/ired_msgs/include/ired_msgs/ired_msgs
[0.325s] -- Up-to-date: /home/parallels/robot_ws/install/ired_msgs/include/ired_msgs/ired_msgs/msg
[0.325s] -- Up-to-date: /home/parallels/robot_ws/install/ired_msgs/include/ired_msgs/ired_msgs/msg/detail
[0.326s] -- Up-to-date: /home/parallels/robot_ws/install/ired_msgs/include/ired_msgs/ired_msgs/msg/detail/motor_data__rosidl_typesupport_introspection_cpp.hpp
[0.326s] -- Up-to-date: /home/parallels/robot_ws/install/ired_msgs/include/ired_msgs/ired_msgs/msg/detail/motor_control__type_support.cpp
[0.326s] -- Up-to-date: /home/parallels/robot_ws/install/ired_msgs/include/ired_msgs/ired_msgs/msg/detail/motor_control__rosidl_typesupport_introspection_cpp.hpp
[0.326s] -- Up-to-date: /home/parallels/robot_ws/install/ired_msgs/include/ired_msgs/ired_msgs/msg/detail/imu_data__rosidl_typesupport_introspection_cpp.hpp
[0.326s] -- Up-to-date: /home/parallels/robot_ws/install/ired_msgs/include/ired_msgs/ired_msgs/msg/detail/imu_data__type_support.cpp
[0.326s] -- Up-to-date: /home/parallels/robot_ws/install/ired_msgs/include/ired_msgs/ired_msgs/msg/detail/motor_speed__rosidl_typesupport_introspection_cpp.hpp
[0.326s] -- Up-to-date: /home/parallels/robot_ws/install/ired_msgs/include/ired_msgs/ired_msgs/msg/detail/motor_data__type_support.cpp
[0.326s] -- Up-to-date: /home/parallels/robot_ws/install/ired_msgs/include/ired_msgs/ired_msgs/msg/detail/motor_speed__type_support.cpp
[0.326s] -- Up-to-date: /home/parallels/robot_ws/install/ired_msgs/include/ired_msgs/ired_msgs/srv
[0.326s] -- Up-to-date: /home/parallels/robot_ws/install/ired_msgs/include/ired_msgs/ired_msgs/srv/detail
[0.326s] -- Up-to-date: /home/parallels/robot_ws/install/ired_msgs/include/ired_msgs/ired_msgs/srv/detail/pid_tuning__type_support.cpp
[0.326s] -- Up-to-date: /home/parallels/robot_ws/install/ired_msgs/include/ired_msgs/ired_msgs/srv/detail/pid_tuning__rosidl_typesupport_introspection_cpp.hpp
[0.326s] -- Up-to-date: /home/parallels/robot_ws/install/ired_msgs/lib/libired_msgs__rosidl_typesupport_introspection_cpp.so
[0.327s] -- Up-to-date: /home/parallels/robot_ws/install/ired_msgs/lib/libired_msgs__rosidl_typesupport_cpp.so
[0.327s] -- Up-to-date: /home/parallels/robot_ws/install/ired_msgs/share/ired_msgs/environment/pythonpath.sh
[0.327s] -- Up-to-date: /home/parallels/robot_ws/install/ired_msgs/share/ired_msgs/environment/pythonpath.dsv
[0.327s] -- Up-to-date: /home/parallels/robot_ws/install/ired_msgs/lib/python3.12/site-packages/ired_msgs-2.0.1-py3.12.egg-info
[0.327s] -- Installing: /home/parallels/robot_ws/install/ired_msgs/lib/python3.12/site-packages/ired_msgs-2.0.1-py3.12.egg-info/PKG-INFO
[0.327s] -- Installing: /home/parallels/robot_ws/install/ired_msgs/lib/python3.12/site-packages/ired_msgs-2.0.1-py3.12.egg-info/top_level.txt
[0.327s] -- Installing: /home/parallels/robot_ws/install/ired_msgs/lib/python3.12/site-packages/ired_msgs-2.0.1-py3.12.egg-info/dependency_links.txt
[0.327s] -- Installing: /home/parallels/robot_ws/install/ired_msgs/lib/python3.12/site-packages/ired_msgs-2.0.1-py3.12.egg-info/SOURCES.txt
[0.327s] -- Up-to-date: /home/parallels/robot_ws/install/ired_msgs/lib/python3.12/site-packages/ired_msgs
[0.327s] -- Up-to-date: /home/parallels/robot_ws/install/ired_msgs/lib/python3.12/site-packages/ired_msgs/ired_msgs_s__rosidl_typesupport_c.so
[0.327s] -- Up-to-date: /home/parallels/robot_ws/install/ired_msgs/lib/python3.12/site-packages/ired_msgs/_ired_msgs_s.ep.rosidl_typesupport_c.c
[0.327s] -- Up-to-date: /home/parallels/robot_ws/install/ired_msgs/lib/python3.12/site-packages/ired_msgs/_ired_msgs_s.ep.rosidl_typesupport_fastrtps_c.c
[0.328s] -- Up-to-date: /home/parallels/robot_ws/install/ired_msgs/lib/python3.12/site-packages/ired_msgs/ired_msgs_s__rosidl_typesupport_fastrtps_c.so
[0.328s] -- Up-to-date: /home/parallels/robot_ws/install/ired_msgs/lib/python3.12/site-packages/ired_msgs/_ired_msgs_s.ep.rosidl_typesupport_introspection_c.c
[0.328s] -- Up-to-date: /home/parallels/robot_ws/install/ired_msgs/lib/python3.12/site-packages/ired_msgs/msg
[0.328s] -- Up-to-date: /home/parallels/robot_ws/install/ired_msgs/lib/python3.12/site-packages/ired_msgs/msg/_motor_data.py
[0.328s] -- Up-to-date: /home/parallels/robot_ws/install/ired_msgs/lib/python3.12/site-packages/ired_msgs/msg/_imu_data.py
[0.328s] -- Up-to-date: /home/parallels/robot_ws/install/ired_msgs/lib/python3.12/site-packages/ired_msgs/msg/_motor_control.py
[0.328s] -- Up-to-date: /home/parallels/robot_ws/install/ired_msgs/lib/python3.12/site-packages/ired_msgs/msg/_imu_data_s.c
[0.328s] -- Up-to-date: /home/parallels/robot_ws/install/ired_msgs/lib/python3.12/site-packages/ired_msgs/msg/_motor_control_s.c
[0.328s] -- Up-to-date: /home/parallels/robot_ws/install/ired_msgs/lib/python3.12/site-packages/ired_msgs/msg/_motor_data_s.c
[0.328s] -- Up-to-date: /home/parallels/robot_ws/install/ired_msgs/lib/python3.12/site-packages/ired_msgs/msg/_motor_speed.py
[0.328s] -- Up-to-date: /home/parallels/robot_ws/install/ired_msgs/lib/python3.12/site-packages/ired_msgs/msg/__init__.py
[0.328s] -- Up-to-date: /home/parallels/robot_ws/install/ired_msgs/lib/python3.12/site-packages/ired_msgs/msg/_motor_speed_s.c
[0.328s] -- Up-to-date: /home/parallels/robot_ws/install/ired_msgs/lib/python3.12/site-packages/ired_msgs/srv
[0.328s] -- Up-to-date: /home/parallels/robot_ws/install/ired_msgs/lib/python3.12/site-packages/ired_msgs/srv/_pid_tuning_s.c
[0.329s] -- Up-to-date: /home/parallels/robot_ws/install/ired_msgs/lib/python3.12/site-packages/ired_msgs/srv/_pid_tuning.py
[0.329s] -- Up-to-date: /home/parallels/robot_ws/install/ired_msgs/lib/python3.12/site-packages/ired_msgs/srv/__init__.py
[0.329s] -- Up-to-date: /home/parallels/robot_ws/install/ired_msgs/lib/python3.12/site-packages/ired_msgs/__init__.py
[0.329s] -- Up-to-date: /home/parallels/robot_ws/install/ired_msgs/lib/python3.12/site-packages/ired_msgs/ired_msgs_s__rosidl_typesupport_introspection_c.so
[0.344s] Listing '/home/parallels/robot_ws/install/ired_msgs/lib/python3.12/site-packages/ired_msgs'...
[0.344s] Listing '/home/parallels/robot_ws/install/ired_msgs/lib/python3.12/site-packages/ired_msgs/msg'...
[0.344s] Listing '/home/parallels/robot_ws/install/ired_msgs/lib/python3.12/site-packages/ired_msgs/srv'...
[0.348s] -- Up-to-date: /home/parallels/robot_ws/install/ired_msgs/lib/python3.12/site-packages/ired_msgs/ired_msgs_s__rosidl_typesupport_fastrtps_c.so
[0.348s] -- Up-to-date: /home/parallels/robot_ws/install/ired_msgs/lib/python3.12/site-packages/ired_msgs/ired_msgs_s__rosidl_typesupport_introspection_c.so
[0.349s] -- Up-to-date: /home/parallels/robot_ws/install/ired_msgs/lib/python3.12/site-packages/ired_msgs/ired_msgs_s__rosidl_typesupport_c.so
[0.349s] -- Up-to-date: /home/parallels/robot_ws/install/ired_msgs/lib/libired_msgs__rosidl_generator_py.so
[0.349s] -- Up-to-date: /home/parallels/robot_ws/install/ired_msgs/share/ired_msgs/msg/IMUData.idl
[0.349s] -- Up-to-date: /home/parallels/robot_ws/install/ired_msgs/share/ired_msgs/msg/MotorControl.idl
[0.349s] -- Up-to-date: /home/parallels/robot_ws/install/ired_msgs/share/ired_msgs/msg/MotorData.idl
[0.349s] -- Up-to-date: /home/parallels/robot_ws/install/ired_msgs/share/ired_msgs/msg/MotorSpeed.idl
[0.349s] -- Up-to-date: /home/parallels/robot_ws/install/ired_msgs/share/ired_msgs/srv/PIDTuning.idl
[0.349s] -- Up-to-date: /home/parallels/robot_ws/install/ired_msgs/share/ired_msgs/msg/IMUData.msg
[0.349s] -- Up-to-date: /home/parallels/robot_ws/install/ired_msgs/share/ired_msgs/msg/MotorControl.msg
[0.349s] -- Up-to-date: /home/parallels/robot_ws/install/ired_msgs/share/ired_msgs/msg/MotorData.msg
[0.349s] -- Up-to-date: /home/parallels/robot_ws/install/ired_msgs/share/ired_msgs/msg/MotorSpeed.msg
[0.349s] -- Up-to-date: /home/parallels/robot_ws/install/ired_msgs/share/ired_msgs/srv/PIDTuning.srv
[0.350s] -- Up-to-date: /home/parallels/robot_ws/install/ired_msgs/share/ament_index/resource_index/package_run_dependencies/ired_msgs
[0.350s] -- Up-to-date: /home/parallels/robot_ws/install/ired_msgs/share/ament_index/resource_index/parent_prefix_path/ired_msgs
[0.350s] -- Up-to-date: /home/parallels/robot_ws/install/ired_msgs/share/ired_msgs/environment/ament_prefix_path.sh
[0.350s] -- Up-to-date: /home/parallels/robot_ws/install/ired_msgs/share/ired_msgs/environment/ament_prefix_path.dsv
[0.350s] -- Up-to-date: /home/parallels/robot_ws/install/ired_msgs/share/ired_msgs/environment/path.sh
[0.350s] -- Up-to-date: /home/parallels/robot_ws/install/ired_msgs/share/ired_msgs/environment/path.dsv
[0.350s] -- Up-to-date: /home/parallels/robot_ws/install/ired_msgs/share/ired_msgs/local_setup.bash
[0.350s] -- Up-to-date: /home/parallels/robot_ws/install/ired_msgs/share/ired_msgs/local_setup.sh
[0.350s] -- Up-to-date: /home/parallels/robot_ws/install/ired_msgs/share/ired_msgs/local_setup.zsh
[0.350s] -- Up-to-date: /home/parallels/robot_ws/install/ired_msgs/share/ired_msgs/local_setup.dsv
[0.350s] -- Installing: /home/parallels/robot_ws/install/ired_msgs/share/ired_msgs/package.dsv
[0.350s] -- Up-to-date: /home/parallels/robot_ws/install/ired_msgs/share/ament_index/resource_index/packages/ired_msgs
[0.350s] -- Up-to-date: /home/parallels/robot_ws/install/ired_msgs/share/ired_msgs/cmake/export_ired_msgs__rosidl_generator_cExport.cmake
[0.350s] -- Up-to-date: /home/parallels/robot_ws/install/ired_msgs/share/ired_msgs/cmake/export_ired_msgs__rosidl_generator_cExport-noconfig.cmake
[0.351s] -- Up-to-date: /home/parallels/robot_ws/install/ired_msgs/share/ired_msgs/cmake/export_ired_msgs__rosidl_typesupport_fastrtps_cExport.cmake
[0.351s] -- Up-to-date: /home/parallels/robot_ws/install/ired_msgs/share/ired_msgs/cmake/export_ired_msgs__rosidl_typesupport_fastrtps_cExport-noconfig.cmake
[0.351s] -- Up-to-date: /home/parallels/robot_ws/install/ired_msgs/share/ired_msgs/cmake/export_ired_msgs__rosidl_generator_cppExport.cmake
[0.351s] -- Up-to-date: /home/parallels/robot_ws/install/ired_msgs/share/ired_msgs/cmake/export_ired_msgs__rosidl_typesupport_fastrtps_cppExport.cmake
[0.351s] -- Up-to-date: /home/parallels/robot_ws/install/ired_msgs/share/ired_msgs/cmake/export_ired_msgs__rosidl_typesupport_fastrtps_cppExport-noconfig.cmake
[0.351s] -- Up-to-date: /home/parallels/robot_ws/install/ired_msgs/share/ired_msgs/cmake/ired_msgs__rosidl_typesupport_introspection_cExport.cmake
[0.351s] -- Up-to-date: /home/parallels/robot_ws/install/ired_msgs/share/ired_msgs/cmake/ired_msgs__rosidl_typesupport_introspection_cExport-noconfig.cmake
[0.351s] -- Up-to-date: /home/parallels/robot_ws/install/ired_msgs/share/ired_msgs/cmake/ired_msgs__rosidl_typesupport_cExport.cmake
[0.351s] -- Up-to-date: /home/parallels/robot_ws/install/ired_msgs/share/ired_msgs/cmake/ired_msgs__rosidl_typesupport_cExport-noconfig.cmake
[0.351s] -- Up-to-date: /home/parallels/robot_ws/install/ired_msgs/share/ired_msgs/cmake/ired_msgs__rosidl_typesupport_introspection_cppExport.cmake
[0.351s] -- Up-to-date: /home/parallels/robot_ws/install/ired_msgs/share/ired_msgs/cmake/ired_msgs__rosidl_typesupport_introspection_cppExport-noconfig.cmake
[0.351s] -- Up-to-date: /home/parallels/robot_ws/install/ired_msgs/share/ired_msgs/cmake/ired_msgs__rosidl_typesupport_cppExport.cmake
[0.352s] -- Up-to-date: /home/parallels/robot_ws/install/ired_msgs/share/ired_msgs/cmake/ired_msgs__rosidl_typesupport_cppExport-noconfig.cmake
[0.352s] -- Up-to-date: /home/parallels/robot_ws/install/ired_msgs/share/ired_msgs/cmake/export_ired_msgs__rosidl_generator_pyExport.cmake
[0.352s] -- Up-to-date: /home/parallels/robot_ws/install/ired_msgs/share/ired_msgs/cmake/export_ired_msgs__rosidl_generator_pyExport-noconfig.cmake
[0.352s] -- Up-to-date: /home/parallels/robot_ws/install/ired_msgs/share/ired_msgs/cmake/rosidl_cmake-extras.cmake
[0.352s] -- Up-to-date: /home/parallels/robot_ws/install/ired_msgs/share/ired_msgs/cmake/ament_cmake_export_dependencies-extras.cmake
[0.352s] -- Up-to-date: /home/parallels/robot_ws/install/ired_msgs/share/ired_msgs/cmake/ament_cmake_export_include_directories-extras.cmake
[0.352s] -- Up-to-date: /home/parallels/robot_ws/install/ired_msgs/share/ired_msgs/cmake/ament_cmake_export_libraries-extras.cmake
[0.352s] -- Up-to-date: /home/parallels/robot_ws/install/ired_msgs/share/ired_msgs/cmake/ament_cmake_export_targets-extras.cmake
[0.352s] -- Up-to-date: /home/parallels/robot_ws/install/ired_msgs/share/ired_msgs/cmake/rosidl_cmake_export_typesupport_targets-extras.cmake
[0.352s] -- Up-to-date: /home/parallels/robot_ws/install/ired_msgs/share/ired_msgs/cmake/rosidl_cmake_export_typesupport_libraries-extras.cmake
[0.352s] -- Up-to-date: /home/parallels/robot_ws/install/ired_msgs/share/ired_msgs/cmake/ired_msgsConfig.cmake
[0.352s] -- Up-to-date: /home/parallels/robot_ws/install/ired_msgs/share/ired_msgs/cmake/ired_msgsConfig-version.cmake
[0.352s] -- Up-to-date: /home/parallels/robot_ws/install/ired_msgs/share/ired_msgs/package.xml
[0.354s] Invoked command in '/home/parallels/robot_ws/build/ired_msgs' returned '0': CMAKE_PREFIX_PATH=${CMAKE_PREFIX_PATH}:/home/parallels/robot_ws/install/kim_description:/home/parallels/robot_ws/install/kim_kardashian:/home/parallels/robot_ws/install/ired_teleop:/opt/ros/jazzy DEBUGINFOD_URLS=https://debuginfod.ubuntu.com /usr/bin/cmake --install /home/parallels/robot_ws/build/ired_msgs
