-- The C compiler identification is GNU 13.3.0
-- The CXX compiler identification is GNU 13.3.0
-- Detecting C compiler ABI info
-- Detecting C compiler ABI info - done
-- Check for working C compiler: /usr/bin/cc - skipped
-- Detecting C compile features
-- Detecting C compile features - done
-- Detecting CXX compiler ABI info
-- Detecting CXX compiler ABI info - done
-- Check for working CXX compiler: /usr/bin/c++ - skipped
-- Detecting CXX compile features
-- Detecting CXX compile features - done
-- Found ament_cmake: 2.5.5 (/opt/ros/jazzy/share/ament_cmake/cmake)
-- Found Python3: /usr/bin/python3 (found version "3.12.3") found components: Interpreter 
-- Found std_msgs: 5.3.6 (/opt/ros/jazzy/share/std_msgs/cmake)
-- Found rosidl_generator_c: 4.6.7 (/opt/ros/jazzy/share/rosidl_generator_c/cmake)
-- Found rosidl_generator_cpp: 4.6.7 (/opt/ros/jazzy/share/rosidl_generator_cpp/cmake)
-- Using all available rosidl_typesupport_c: rosidl_typesupport_fastrtps_c;rosidl_typesupport_introspection_c
-- Using all available rosidl_typesupport_cpp: rosidl_typesupport_fastrtps_cpp;rosidl_typesupport_introspection_cpp
-- Found rosidl_default_generators: 1.6.0 (/opt/ros/jazzy/share/rosidl_default_generators/cmake)
-- Found rosidl_adapter: 4.6.7 (/opt/ros/jazzy/share/rosidl_adapter/cmake)
-- Found ament_cmake_ros: 0.12.0 (/opt/ros/jazzy/share/ament_cmake_ros/cmake)
-- Using all available rosidl_typesupport_c: rosidl_typesupport_fastrtps_c;rosidl_typesupport_introspection_c
-- Using all available rosidl_typesupport_cpp: rosidl_typesupport_fastrtps_cpp;rosidl_typesupport_introspection_cpp
-- Found python_cmake_module: 0.11.1 (/opt/ros/jazzy/share/python_cmake_module/cmake)
-- Found PythonExtra: /usr/bin/python3  
-- Found Python3: /usr/bin/python3 (found version "3.12.3") found components: Interpreter Development NumPy Development.Module Development.Embed 
-- Found ament_lint_auto: 0.17.4 (/opt/ros/jazzy/share/ament_lint_auto/cmake)
-- Added test 'lint_cmake' to check CMake code style
-- Added test 'xmllint' to check XML markup files
-- Configuring done (1.5s)
-- Generating done (0.0s)
-- Build files have been written to: /home/parallels/robot_ws/build/ired_msgs
[  1%] [34m[1mGenerating type hashes for ROS interfaces[0m
[  1%] Built target ament_cmake_python_copy_ired_msgs
running egg_info
creating ired_msgs.egg-info
writing ired_msgs.egg-info/PKG-INFO
writing dependency_links to ired_msgs.egg-info/dependency_links.txt
writing top-level names to ired_msgs.egg-info/top_level.txt
writing manifest file 'ired_msgs.egg-info/SOURCES.txt'
reading manifest file 'ired_msgs.egg-info/SOURCES.txt'
writing manifest file 'ired_msgs.egg-info/SOURCES.txt'
[  1%] Built target ired_msgs__rosidl_generator_type_description
[  2%] [34m[1mGenerating C++ code for ROS interfaces[0m
[  2%] Built target ament_cmake_python_build_ired_msgs_egg
[  4%] [34m[1mGenerating C code for ROS interfaces[0m
[  4%] Built target ired_msgs__cpp
[  5%] [32mBuilding C object CMakeFiles/ired_msgs__rosidl_generator_c.dir/rosidl_generator_c/ired_msgs/msg/detail/imu_data__description.c.o[0m
[  6%] [32mBuilding C object CMakeFiles/ired_msgs__rosidl_generator_c.dir/rosidl_generator_c/ired_msgs/msg/detail/imu_data__functions.c.o[0m
[  8%] [32mBuilding C object CMakeFiles/ired_msgs__rosidl_generator_c.dir/rosidl_generator_c/ired_msgs/msg/detail/imu_data__type_support.c.o[0m
[  9%] [32mBuilding C object CMakeFiles/ired_msgs__rosidl_generator_c.dir/rosidl_generator_c/ired_msgs/msg/detail/motor_control__description.c.o[0m
[ 10%] [32mBuilding C object CMakeFiles/ired_msgs__rosidl_generator_c.dir/rosidl_generator_c/ired_msgs/msg/detail/motor_control__functions.c.o[0m
[ 12%] [32mBuilding C object CMakeFiles/ired_msgs__rosidl_generator_c.dir/rosidl_generator_c/ired_msgs/msg/detail/motor_control__type_support.c.o[0m
[ 13%] [32mBuilding C object CMakeFiles/ired_msgs__rosidl_generator_c.dir/rosidl_generator_c/ired_msgs/msg/detail/motor_data__description.c.o[0m
[ 14%] [32mBuilding C object CMakeFiles/ired_msgs__rosidl_generator_c.dir/rosidl_generator_c/ired_msgs/msg/detail/motor_data__functions.c.o[0m
[ 16%] [32mBuilding C object CMakeFiles/ired_msgs__rosidl_generator_c.dir/rosidl_generator_c/ired_msgs/msg/detail/motor_data__type_support.c.o[0m
[ 17%] [32mBuilding C object CMakeFiles/ired_msgs__rosidl_generator_c.dir/rosidl_generator_c/ired_msgs/msg/detail/motor_speed__description.c.o[0m
[ 18%] [32mBuilding C object CMakeFiles/ired_msgs__rosidl_generator_c.dir/rosidl_generator_c/ired_msgs/msg/detail/motor_speed__functions.c.o[0m
[ 20%] [32mBuilding C object CMakeFiles/ired_msgs__rosidl_generator_c.dir/rosidl_generator_c/ired_msgs/msg/detail/motor_speed__type_support.c.o[0m
[ 21%] [32mBuilding C object CMakeFiles/ired_msgs__rosidl_generator_c.dir/rosidl_generator_c/ired_msgs/srv/detail/pid_tuning__description.c.o[0m
[ 22%] [32mBuilding C object CMakeFiles/ired_msgs__rosidl_generator_c.dir/rosidl_generator_c/ired_msgs/srv/detail/pid_tuning__functions.c.o[0m
[ 24%] [32mBuilding C object CMakeFiles/ired_msgs__rosidl_generator_c.dir/rosidl_generator_c/ired_msgs/srv/detail/pid_tuning__type_support.c.o[0m
[ 25%] [32m[1mLinking C shared library libired_msgs__rosidl_generator_c.so[0m
[ 25%] Built target ired_msgs__rosidl_generator_c
[ 27%] [34m[1mGenerating C type support for eProsima Fast-RTPS[0m
[ 28%] [34m[1mGenerating C++ type support dispatch for ROS interfaces[0m
[ 29%] [32mBuilding CXX object CMakeFiles/ired_msgs__rosidl_typesupport_cpp.dir/rosidl_typesupport_cpp/ired_msgs/msg/imu_data__type_support.cpp.o[0m
[ 31%] [32mBuilding CXX object CMakeFiles/ired_msgs__rosidl_typesupport_fastrtps_c.dir/rosidl_typesupport_fastrtps_c/ired_msgs/msg/detail/imu_data__type_support_c.cpp.o[0m
[ 32%] [32mBuilding CXX object CMakeFiles/ired_msgs__rosidl_typesupport_cpp.dir/rosidl_typesupport_cpp/ired_msgs/msg/motor_control__type_support.cpp.o[0m
[ 33%] [32mBuilding CXX object CMakeFiles/ired_msgs__rosidl_typesupport_cpp.dir/rosidl_typesupport_cpp/ired_msgs/msg/motor_data__type_support.cpp.o[0m
[ 35%] [32mBuilding CXX object CMakeFiles/ired_msgs__rosidl_typesupport_fastrtps_c.dir/rosidl_typesupport_fastrtps_c/ired_msgs/msg/detail/motor_control__type_support_c.cpp.o[0m
[ 36%] [32mBuilding CXX object CMakeFiles/ired_msgs__rosidl_typesupport_cpp.dir/rosidl_typesupport_cpp/ired_msgs/msg/motor_speed__type_support.cpp.o[0m
[ 37%] [32mBuilding CXX object CMakeFiles/ired_msgs__rosidl_typesupport_fastrtps_c.dir/rosidl_typesupport_fastrtps_c/ired_msgs/msg/detail/motor_data__type_support_c.cpp.o[0m
[ 39%] [32mBuilding CXX object CMakeFiles/ired_msgs__rosidl_typesupport_cpp.dir/rosidl_typesupport_cpp/ired_msgs/srv/pid_tuning__type_support.cpp.o[0m
[ 40%] [32mBuilding CXX object CMakeFiles/ired_msgs__rosidl_typesupport_fastrtps_c.dir/rosidl_typesupport_fastrtps_c/ired_msgs/msg/detail/motor_speed__type_support_c.cpp.o[0m
[ 41%] [32m[1mLinking CXX shared library libired_msgs__rosidl_typesupport_cpp.so[0m
[ 41%] Built target ired_msgs__rosidl_typesupport_cpp
[ 43%] [34m[1mGenerating C++ type support for eProsima Fast-RTPS[0m
[ 44%] [32mBuilding CXX object CMakeFiles/ired_msgs__rosidl_typesupport_fastrtps_c.dir/rosidl_typesupport_fastrtps_c/ired_msgs/srv/detail/pid_tuning__type_support_c.cpp.o[0m
[ 45%] [32mBuilding CXX object CMakeFiles/ired_msgs__rosidl_typesupport_fastrtps_cpp.dir/rosidl_typesupport_fastrtps_cpp/ired_msgs/msg/detail/dds_fastrtps/imu_data__type_support.cpp.o[0m
[ 47%] [32m[1mLinking CXX shared library libired_msgs__rosidl_typesupport_fastrtps_c.so[0m
[ 48%] [32mBuilding CXX object CMakeFiles/ired_msgs__rosidl_typesupport_fastrtps_cpp.dir/rosidl_typesupport_fastrtps_cpp/ired_msgs/msg/detail/dds_fastrtps/motor_control__type_support.cpp.o[0m
[ 48%] Built target ired_msgs__rosidl_typesupport_fastrtps_c
[ 50%] [34m[1mGenerating C introspection for ROS interfaces[0m
[ 51%] [32mBuilding CXX object CMakeFiles/ired_msgs__rosidl_typesupport_fastrtps_cpp.dir/rosidl_typesupport_fastrtps_cpp/ired_msgs/msg/detail/dds_fastrtps/motor_data__type_support.cpp.o[0m
[ 52%] [32mBuilding C object CMakeFiles/ired_msgs__rosidl_typesupport_introspection_c.dir/rosidl_typesupport_introspection_c/ired_msgs/msg/detail/imu_data__type_support.c.o[0m
[ 54%] [32mBuilding C object CMakeFiles/ired_msgs__rosidl_typesupport_introspection_c.dir/rosidl_typesupport_introspection_c/ired_msgs/msg/detail/motor_control__type_support.c.o[0m
[ 55%] [32mBuilding C object CMakeFiles/ired_msgs__rosidl_typesupport_introspection_c.dir/rosidl_typesupport_introspection_c/ired_msgs/msg/detail/motor_data__type_support.c.o[0m
[ 56%] [32mBuilding C object CMakeFiles/ired_msgs__rosidl_typesupport_introspection_c.dir/rosidl_typesupport_introspection_c/ired_msgs/msg/detail/motor_speed__type_support.c.o[0m
[ 58%] [32mBuilding C object CMakeFiles/ired_msgs__rosidl_typesupport_introspection_c.dir/rosidl_typesupport_introspection_c/ired_msgs/srv/detail/pid_tuning__type_support.c.o[0m
[ 59%] [32m[1mLinking C shared library libired_msgs__rosidl_typesupport_introspection_c.so[0m
[ 59%] Built target ired_msgs__rosidl_typesupport_introspection_c
[ 60%] [34m[1mGenerating C type support dispatch for ROS interfaces[0m
[ 62%] [32mBuilding CXX object CMakeFiles/ired_msgs__rosidl_typesupport_fastrtps_cpp.dir/rosidl_typesupport_fastrtps_cpp/ired_msgs/msg/detail/dds_fastrtps/motor_speed__type_support.cpp.o[0m
[ 63%] [32mBuilding CXX object CMakeFiles/ired_msgs__rosidl_typesupport_c.dir/rosidl_typesupport_c/ired_msgs/msg/imu_data__type_support.cpp.o[0m
[ 64%] [32mBuilding CXX object CMakeFiles/ired_msgs__rosidl_typesupport_c.dir/rosidl_typesupport_c/ired_msgs/msg/motor_control__type_support.cpp.o[0m
[ 66%] [32mBuilding CXX object CMakeFiles/ired_msgs__rosidl_typesupport_c.dir/rosidl_typesupport_c/ired_msgs/msg/motor_data__type_support.cpp.o[0m
[ 67%] [32mBuilding CXX object CMakeFiles/ired_msgs__rosidl_typesupport_c.dir/rosidl_typesupport_c/ired_msgs/msg/motor_speed__type_support.cpp.o[0m
[ 68%] [32mBuilding CXX object CMakeFiles/ired_msgs__rosidl_typesupport_c.dir/rosidl_typesupport_c/ired_msgs/srv/pid_tuning__type_support.cpp.o[0m
[ 70%] [32m[1mLinking CXX shared library libired_msgs__rosidl_typesupport_c.so[0m
[ 71%] [32mBuilding CXX object CMakeFiles/ired_msgs__rosidl_typesupport_fastrtps_cpp.dir/rosidl_typesupport_fastrtps_cpp/ired_msgs/srv/detail/dds_fastrtps/pid_tuning__type_support.cpp.o[0m
[ 71%] Built target ired_msgs__rosidl_typesupport_c
[ 72%] [34m[1mGenerating C++ introspection for ROS interfaces[0m
[ 74%] [32mBuilding CXX object CMakeFiles/ired_msgs__rosidl_typesupport_introspection_cpp.dir/rosidl_typesupport_introspection_cpp/ired_msgs/msg/detail/imu_data__type_support.cpp.o[0m
[ 75%] [32m[1mLinking CXX shared library libired_msgs__rosidl_typesupport_fastrtps_cpp.so[0m
[ 75%] Built target ired_msgs__rosidl_typesupport_fastrtps_cpp
[ 77%] [32mBuilding CXX object CMakeFiles/ired_msgs__rosidl_typesupport_introspection_cpp.dir/rosidl_typesupport_introspection_cpp/ired_msgs/msg/detail/motor_control__type_support.cpp.o[0m
[ 78%] [32mBuilding CXX object CMakeFiles/ired_msgs__rosidl_typesupport_introspection_cpp.dir/rosidl_typesupport_introspection_cpp/ired_msgs/msg/detail/motor_data__type_support.cpp.o[0m
[ 79%] [32mBuilding CXX object CMakeFiles/ired_msgs__rosidl_typesupport_introspection_cpp.dir/rosidl_typesupport_introspection_cpp/ired_msgs/msg/detail/motor_speed__type_support.cpp.o[0m
[ 81%] [32mBuilding CXX object CMakeFiles/ired_msgs__rosidl_typesupport_introspection_cpp.dir/rosidl_typesupport_introspection_cpp/ired_msgs/srv/detail/pid_tuning__type_support.cpp.o[0m
[ 82%] [32m[1mLinking CXX shared library libired_msgs__rosidl_typesupport_introspection_cpp.so[0m
[ 82%] Built target ired_msgs__rosidl_typesupport_introspection_cpp
[ 82%] Built target ired_msgs
[ 83%] [34m[1mGenerating Python code for ROS interfaces[0m
[ 83%] Built target ired_msgs__py
[ 85%] [32mBuilding C object CMakeFiles/ired_msgs__rosidl_generator_py.dir/rosidl_generator_py/ired_msgs/msg/_imu_data_s.c.o[0m
[ 86%] [32mBuilding C object CMakeFiles/ired_msgs__rosidl_generator_py.dir/rosidl_generator_py/ired_msgs/msg/_motor_control_s.c.o[0m
[ 87%] [32mBuilding C object CMakeFiles/ired_msgs__rosidl_generator_py.dir/rosidl_generator_py/ired_msgs/msg/_motor_data_s.c.o[0m
[ 89%] [32mBuilding C object CMakeFiles/ired_msgs__rosidl_generator_py.dir/rosidl_generator_py/ired_msgs/msg/_motor_speed_s.c.o[0m
[ 90%] [32mBuilding C object CMakeFiles/ired_msgs__rosidl_generator_py.dir/rosidl_generator_py/ired_msgs/srv/_pid_tuning_s.c.o[0m
[ 91%] [32m[1mLinking C shared library libired_msgs__rosidl_generator_py.so[0m
[ 91%] Built target ired_msgs__rosidl_generator_py
[ 93%] [32mBuilding C object CMakeFiles/ired_msgs_s__rosidl_typesupport_introspection_c.dir/rosidl_generator_py/ired_msgs/_ired_msgs_s.ep.rosidl_typesupport_introspection_c.c.o[0m
[ 94%] [32mBuilding C object CMakeFiles/ired_msgs_s__rosidl_typesupport_fastrtps_c.dir/rosidl_generator_py/ired_msgs/_ired_msgs_s.ep.rosidl_typesupport_fastrtps_c.c.o[0m
[ 95%] [32m[1mLinking C shared module rosidl_generator_py/ired_msgs/ired_msgs_s__rosidl_typesupport_introspection_c.so[0m
[ 97%] [32m[1mLinking C shared module rosidl_generator_py/ired_msgs/ired_msgs_s__rosidl_typesupport_fastrtps_c.so[0m
[ 97%] Built target ired_msgs_s__rosidl_typesupport_introspection_c
[ 97%] Built target ired_msgs_s__rosidl_typesupport_fastrtps_c
[ 98%] [32mBuilding C object CMakeFiles/ired_msgs_s__rosidl_typesupport_c.dir/rosidl_generator_py/ired_msgs/_ired_msgs_s.ep.rosidl_typesupport_c.c.o[0m
[100%] [32m[1mLinking C shared module rosidl_generator_py/ired_msgs/ired_msgs_s__rosidl_typesupport_c.so[0m
[100%] Built target ired_msgs_s__rosidl_typesupport_c
-- Install configuration: ""
-- Installing: /home/parallels/robot_ws/install/ired_msgs/share/ament_index/resource_index/rosidl_interfaces/ired_msgs
-- Installing: /home/parallels/robot_ws/install/ired_msgs/share/ired_msgs/msg/IMUData.json
-- Installing: /home/parallels/robot_ws/install/ired_msgs/share/ired_msgs/msg/MotorControl.json
-- Installing: /home/parallels/robot_ws/install/ired_msgs/share/ired_msgs/msg/MotorData.json
-- Installing: /home/parallels/robot_ws/install/ired_msgs/share/ired_msgs/msg/MotorSpeed.json
-- Installing: /home/parallels/robot_ws/install/ired_msgs/share/ired_msgs/srv/PIDTuning.json
-- Installing: /home/parallels/robot_ws/install/ired_msgs/include/ired_msgs/ired_msgs
-- Installing: /home/parallels/robot_ws/install/ired_msgs/include/ired_msgs/ired_msgs/msg
-- Installing: /home/parallels/robot_ws/install/ired_msgs/include/ired_msgs/ired_msgs/msg/motor_speed.h
-- Installing: /home/parallels/robot_ws/install/ired_msgs/include/ired_msgs/ired_msgs/msg/imu_data.h
-- Installing: /home/parallels/robot_ws/install/ired_msgs/include/ired_msgs/ired_msgs/msg/rosidl_generator_c__visibility_control.h
-- Installing: /home/parallels/robot_ws/install/ired_msgs/include/ired_msgs/ired_msgs/msg/motor_control.h
-- Installing: /home/parallels/robot_ws/install/ired_msgs/include/ired_msgs/ired_msgs/msg/detail
-- Installing: /home/parallels/robot_ws/install/ired_msgs/include/ired_msgs/ired_msgs/msg/detail/imu_data__functions.h
-- Installing: /home/parallels/robot_ws/install/ired_msgs/include/ired_msgs/ired_msgs/msg/detail/motor_speed__type_support.h
-- Installing: /home/parallels/robot_ws/install/ired_msgs/include/ired_msgs/ired_msgs/msg/detail/motor_speed__functions.h
-- Installing: /home/parallels/robot_ws/install/ired_msgs/include/ired_msgs/ired_msgs/msg/detail/imu_data__description.c
-- Installing: /home/parallels/robot_ws/install/ired_msgs/include/ired_msgs/ired_msgs/msg/detail/motor_control__functions.c
-- Installing: /home/parallels/robot_ws/install/ired_msgs/include/ired_msgs/ired_msgs/msg/detail/motor_control__functions.h
-- Installing: /home/parallels/robot_ws/install/ired_msgs/include/ired_msgs/ired_msgs/msg/detail/motor_control__type_support.c
-- Installing: /home/parallels/robot_ws/install/ired_msgs/include/ired_msgs/ired_msgs/msg/detail/motor_control__description.c
-- Installing: /home/parallels/robot_ws/install/ired_msgs/include/ired_msgs/ired_msgs/msg/detail/motor_speed__struct.h
-- Installing: /home/parallels/robot_ws/install/ired_msgs/include/ired_msgs/ired_msgs/msg/detail/motor_speed__type_support.c
-- Installing: /home/parallels/robot_ws/install/ired_msgs/include/ired_msgs/ired_msgs/msg/detail/imu_data__functions.c
-- Installing: /home/parallels/robot_ws/install/ired_msgs/include/ired_msgs/ired_msgs/msg/detail/imu_data__struct.h
-- Installing: /home/parallels/robot_ws/install/ired_msgs/include/ired_msgs/ired_msgs/msg/detail/motor_data__functions.c
-- Installing: /home/parallels/robot_ws/install/ired_msgs/include/ired_msgs/ired_msgs/msg/detail/motor_control__struct.h
-- Installing: /home/parallels/robot_ws/install/ired_msgs/include/ired_msgs/ired_msgs/msg/detail/motor_speed__description.c
-- Installing: /home/parallels/robot_ws/install/ired_msgs/include/ired_msgs/ired_msgs/msg/detail/motor_data__struct.h
-- Installing: /home/parallels/robot_ws/install/ired_msgs/include/ired_msgs/ired_msgs/msg/detail/motor_data__functions.h
-- Installing: /home/parallels/robot_ws/install/ired_msgs/include/ired_msgs/ired_msgs/msg/detail/imu_data__type_support.h
-- Installing: /home/parallels/robot_ws/install/ired_msgs/include/ired_msgs/ired_msgs/msg/detail/imu_data__type_support.c
-- Installing: /home/parallels/robot_ws/install/ired_msgs/include/ired_msgs/ired_msgs/msg/detail/motor_control__type_support.h
-- Installing: /home/parallels/robot_ws/install/ired_msgs/include/ired_msgs/ired_msgs/msg/detail/motor_data__type_support.h
-- Installing: /home/parallels/robot_ws/install/ired_msgs/include/ired_msgs/ired_msgs/msg/detail/motor_data__type_support.c
-- Installing: /home/parallels/robot_ws/install/ired_msgs/include/ired_msgs/ired_msgs/msg/detail/motor_speed__functions.c
-- Installing: /home/parallels/robot_ws/install/ired_msgs/include/ired_msgs/ired_msgs/msg/detail/motor_data__description.c
-- Installing: /home/parallels/robot_ws/install/ired_msgs/include/ired_msgs/ired_msgs/msg/motor_data.h
-- Installing: /home/parallels/robot_ws/install/ired_msgs/include/ired_msgs/ired_msgs/srv
-- Installing: /home/parallels/robot_ws/install/ired_msgs/include/ired_msgs/ired_msgs/srv/pid_tuning.h
-- Installing: /home/parallels/robot_ws/install/ired_msgs/include/ired_msgs/ired_msgs/srv/detail
-- Installing: /home/parallels/robot_ws/install/ired_msgs/include/ired_msgs/ired_msgs/srv/detail/pid_tuning__struct.h
-- Installing: /home/parallels/robot_ws/install/ired_msgs/include/ired_msgs/ired_msgs/srv/detail/pid_tuning__type_support.c
-- Installing: /home/parallels/robot_ws/install/ired_msgs/include/ired_msgs/ired_msgs/srv/detail/pid_tuning__functions.c
-- Installing: /home/parallels/robot_ws/install/ired_msgs/include/ired_msgs/ired_msgs/srv/detail/pid_tuning__functions.h
-- Installing: /home/parallels/robot_ws/install/ired_msgs/include/ired_msgs/ired_msgs/srv/detail/pid_tuning__description.c
-- Installing: /home/parallels/robot_ws/install/ired_msgs/include/ired_msgs/ired_msgs/srv/detail/pid_tuning__type_support.h
-- Installing: /home/parallels/robot_ws/install/ired_msgs/share/ired_msgs/environment/library_path.sh
-- Installing: /home/parallels/robot_ws/install/ired_msgs/share/ired_msgs/environment/library_path.dsv
-- Installing: /home/parallels/robot_ws/install/ired_msgs/lib/libired_msgs__rosidl_generator_c.so
-- Set non-toolchain portion of runtime path of "/home/parallels/robot_ws/install/ired_msgs/lib/libired_msgs__rosidl_generator_c.so" to ""
-- Up-to-date: /home/parallels/robot_ws/install/ired_msgs/include/ired_msgs/ired_msgs
-- Up-to-date: /home/parallels/robot_ws/install/ired_msgs/include/ired_msgs/ired_msgs/msg
-- Up-to-date: /home/parallels/robot_ws/install/ired_msgs/include/ired_msgs/ired_msgs/msg/detail
-- Installing: /home/parallels/robot_ws/install/ired_msgs/include/ired_msgs/ired_msgs/msg/detail/imu_data__rosidl_typesupport_fastrtps_c.h
-- Installing: /home/parallels/robot_ws/install/ired_msgs/include/ired_msgs/ired_msgs/msg/detail/motor_data__rosidl_typesupport_fastrtps_c.h
-- Installing: /home/parallels/robot_ws/install/ired_msgs/include/ired_msgs/ired_msgs/msg/detail/motor_control__rosidl_typesupport_fastrtps_c.h
-- Installing: /home/parallels/robot_ws/install/ired_msgs/include/ired_msgs/ired_msgs/msg/detail/motor_speed__rosidl_typesupport_fastrtps_c.h
-- Installing: /home/parallels/robot_ws/install/ired_msgs/include/ired_msgs/ired_msgs/msg/rosidl_typesupport_fastrtps_c__visibility_control.h
-- Up-to-date: /home/parallels/robot_ws/install/ired_msgs/include/ired_msgs/ired_msgs/srv
-- Up-to-date: /home/parallels/robot_ws/install/ired_msgs/include/ired_msgs/ired_msgs/srv/detail
-- Installing: /home/parallels/robot_ws/install/ired_msgs/include/ired_msgs/ired_msgs/srv/detail/pid_tuning__rosidl_typesupport_fastrtps_c.h
-- Installing: /home/parallels/robot_ws/install/ired_msgs/lib/libired_msgs__rosidl_typesupport_fastrtps_c.so
-- Set non-toolchain portion of runtime path of "/home/parallels/robot_ws/install/ired_msgs/lib/libired_msgs__rosidl_typesupport_fastrtps_c.so" to ""
-- Up-to-date: /home/parallels/robot_ws/install/ired_msgs/include/ired_msgs/ired_msgs
-- Up-to-date: /home/parallels/robot_ws/install/ired_msgs/include/ired_msgs/ired_msgs/msg
-- Installing: /home/parallels/robot_ws/install/ired_msgs/include/ired_msgs/ired_msgs/msg/motor_control.hpp
-- Installing: /home/parallels/robot_ws/install/ired_msgs/include/ired_msgs/ired_msgs/msg/motor_data.hpp
-- Up-to-date: /home/parallels/robot_ws/install/ired_msgs/include/ired_msgs/ired_msgs/msg/detail
-- Installing: /home/parallels/robot_ws/install/ired_msgs/include/ired_msgs/ired_msgs/msg/detail/motor_speed__struct.hpp
-- Installing: /home/parallels/robot_ws/install/ired_msgs/include/ired_msgs/ired_msgs/msg/detail/motor_control__struct.hpp
-- Installing: /home/parallels/robot_ws/install/ired_msgs/include/ired_msgs/ired_msgs/msg/detail/motor_control__type_support.hpp
-- Installing: /home/parallels/robot_ws/install/ired_msgs/include/ired_msgs/ired_msgs/msg/detail/motor_control__traits.hpp
-- Installing: /home/parallels/robot_ws/install/ired_msgs/include/ired_msgs/ired_msgs/msg/detail/motor_speed__builder.hpp
-- Installing: /home/parallels/robot_ws/install/ired_msgs/include/ired_msgs/ired_msgs/msg/detail/motor_speed__traits.hpp
-- Installing: /home/parallels/robot_ws/install/ired_msgs/include/ired_msgs/ired_msgs/msg/detail/motor_data__struct.hpp
-- Installing: /home/parallels/robot_ws/install/ired_msgs/include/ired_msgs/ired_msgs/msg/detail/imu_data__struct.hpp
-- Installing: /home/parallels/robot_ws/install/ired_msgs/include/ired_msgs/ired_msgs/msg/detail/motor_data__type_support.hpp
-- Installing: /home/parallels/robot_ws/install/ired_msgs/include/ired_msgs/ired_msgs/msg/detail/imu_data__type_support.hpp
-- Installing: /home/parallels/robot_ws/install/ired_msgs/include/ired_msgs/ired_msgs/msg/detail/imu_data__traits.hpp
-- Installing: /home/parallels/robot_ws/install/ired_msgs/include/ired_msgs/ired_msgs/msg/detail/motor_speed__type_support.hpp
-- Installing: /home/parallels/robot_ws/install/ired_msgs/include/ired_msgs/ired_msgs/msg/detail/motor_data__builder.hpp
-- Installing: /home/parallels/robot_ws/install/ired_msgs/include/ired_msgs/ired_msgs/msg/detail/imu_data__builder.hpp
-- Installing: /home/parallels/robot_ws/install/ired_msgs/include/ired_msgs/ired_msgs/msg/detail/motor_data__traits.hpp
-- Installing: /home/parallels/robot_ws/install/ired_msgs/include/ired_msgs/ired_msgs/msg/detail/motor_control__builder.hpp
-- Installing: /home/parallels/robot_ws/install/ired_msgs/include/ired_msgs/ired_msgs/msg/imu_data.hpp
-- Installing: /home/parallels/robot_ws/install/ired_msgs/include/ired_msgs/ired_msgs/msg/motor_speed.hpp
-- Installing: /home/parallels/robot_ws/install/ired_msgs/include/ired_msgs/ired_msgs/msg/rosidl_generator_cpp__visibility_control.hpp
-- Up-to-date: /home/parallels/robot_ws/install/ired_msgs/include/ired_msgs/ired_msgs/srv
-- Installing: /home/parallels/robot_ws/install/ired_msgs/include/ired_msgs/ired_msgs/srv/pid_tuning.hpp
-- Up-to-date: /home/parallels/robot_ws/install/ired_msgs/include/ired_msgs/ired_msgs/srv/detail
-- Installing: /home/parallels/robot_ws/install/ired_msgs/include/ired_msgs/ired_msgs/srv/detail/pid_tuning__traits.hpp
-- Installing: /home/parallels/robot_ws/install/ired_msgs/include/ired_msgs/ired_msgs/srv/detail/pid_tuning__struct.hpp
-- Installing: /home/parallels/robot_ws/install/ired_msgs/include/ired_msgs/ired_msgs/srv/detail/pid_tuning__type_support.hpp
-- Installing: /home/parallels/robot_ws/install/ired_msgs/include/ired_msgs/ired_msgs/srv/detail/pid_tuning__builder.hpp
-- Up-to-date: /home/parallels/robot_ws/install/ired_msgs/include/ired_msgs/ired_msgs
-- Up-to-date: /home/parallels/robot_ws/install/ired_msgs/include/ired_msgs/ired_msgs/msg
-- Installing: /home/parallels/robot_ws/install/ired_msgs/include/ired_msgs/ired_msgs/msg/rosidl_typesupport_fastrtps_cpp__visibility_control.h
-- Up-to-date: /home/parallels/robot_ws/install/ired_msgs/include/ired_msgs/ired_msgs/msg/detail
-- Installing: /home/parallels/robot_ws/install/ired_msgs/include/ired_msgs/ired_msgs/msg/detail/dds_fastrtps
-- Installing: /home/parallels/robot_ws/install/ired_msgs/include/ired_msgs/ired_msgs/msg/detail/motor_speed__rosidl_typesupport_fastrtps_cpp.hpp
-- Installing: /home/parallels/robot_ws/install/ired_msgs/include/ired_msgs/ired_msgs/msg/detail/motor_control__rosidl_typesupport_fastrtps_cpp.hpp
-- Installing: /home/parallels/robot_ws/install/ired_msgs/include/ired_msgs/ired_msgs/msg/detail/motor_data__rosidl_typesupport_fastrtps_cpp.hpp
-- Installing: /home/parallels/robot_ws/install/ired_msgs/include/ired_msgs/ired_msgs/msg/detail/imu_data__rosidl_typesupport_fastrtps_cpp.hpp
-- Up-to-date: /home/parallels/robot_ws/install/ired_msgs/include/ired_msgs/ired_msgs/srv
-- Up-to-date: /home/parallels/robot_ws/install/ired_msgs/include/ired_msgs/ired_msgs/srv/detail
-- Installing: /home/parallels/robot_ws/install/ired_msgs/include/ired_msgs/ired_msgs/srv/detail/dds_fastrtps
-- Installing: /home/parallels/robot_ws/install/ired_msgs/include/ired_msgs/ired_msgs/srv/detail/pid_tuning__rosidl_typesupport_fastrtps_cpp.hpp
-- Installing: /home/parallels/robot_ws/install/ired_msgs/lib/libired_msgs__rosidl_typesupport_fastrtps_cpp.so
-- Set non-toolchain portion of runtime path of "/home/parallels/robot_ws/install/ired_msgs/lib/libired_msgs__rosidl_typesupport_fastrtps_cpp.so" to ""
-- Up-to-date: /home/parallels/robot_ws/install/ired_msgs/include/ired_msgs/ired_msgs
-- Up-to-date: /home/parallels/robot_ws/install/ired_msgs/include/ired_msgs/ired_msgs/msg
-- Up-to-date: /home/parallels/robot_ws/install/ired_msgs/include/ired_msgs/ired_msgs/msg/detail
-- Installing: /home/parallels/robot_ws/install/ired_msgs/include/ired_msgs/ired_msgs/msg/detail/motor_control__rosidl_typesupport_introspection_c.h
-- Installing: /home/parallels/robot_ws/install/ired_msgs/include/ired_msgs/ired_msgs/msg/detail/motor_control__type_support.c
-- Installing: /home/parallels/robot_ws/install/ired_msgs/include/ired_msgs/ired_msgs/msg/detail/motor_data__rosidl_typesupport_introspection_c.h
-- Installing: /home/parallels/robot_ws/install/ired_msgs/include/ired_msgs/ired_msgs/msg/detail/motor_speed__type_support.c
-- Installing: /home/parallels/robot_ws/install/ired_msgs/include/ired_msgs/ired_msgs/msg/detail/motor_speed__rosidl_typesupport_introspection_c.h
-- Installing: /home/parallels/robot_ws/install/ired_msgs/include/ired_msgs/ired_msgs/msg/detail/imu_data__type_support.c
-- Installing: /home/parallels/robot_ws/install/ired_msgs/include/ired_msgs/ired_msgs/msg/detail/motor_data__type_support.c
-- Installing: /home/parallels/robot_ws/install/ired_msgs/include/ired_msgs/ired_msgs/msg/detail/imu_data__rosidl_typesupport_introspection_c.h
-- Installing: /home/parallels/robot_ws/install/ired_msgs/include/ired_msgs/ired_msgs/msg/rosidl_typesupport_introspection_c__visibility_control.h
-- Up-to-date: /home/parallels/robot_ws/install/ired_msgs/include/ired_msgs/ired_msgs/srv
-- Up-to-date: /home/parallels/robot_ws/install/ired_msgs/include/ired_msgs/ired_msgs/srv/detail
-- Installing: /home/parallels/robot_ws/install/ired_msgs/include/ired_msgs/ired_msgs/srv/detail/pid_tuning__rosidl_typesupport_introspection_c.h
-- Installing: /home/parallels/robot_ws/install/ired_msgs/include/ired_msgs/ired_msgs/srv/detail/pid_tuning__type_support.c
-- Installing: /home/parallels/robot_ws/install/ired_msgs/lib/libired_msgs__rosidl_typesupport_introspection_c.so
-- Set non-toolchain portion of runtime path of "/home/parallels/robot_ws/install/ired_msgs/lib/libired_msgs__rosidl_typesupport_introspection_c.so" to ""
-- Installing: /home/parallels/robot_ws/install/ired_msgs/lib/libired_msgs__rosidl_typesupport_c.so
-- Set non-toolchain portion of runtime path of "/home/parallels/robot_ws/install/ired_msgs/lib/libired_msgs__rosidl_typesupport_c.so" to ""
-- Up-to-date: /home/parallels/robot_ws/install/ired_msgs/include/ired_msgs/ired_msgs
-- Up-to-date: /home/parallels/robot_ws/install/ired_msgs/include/ired_msgs/ired_msgs/msg
-- Up-to-date: /home/parallels/robot_ws/install/ired_msgs/include/ired_msgs/ired_msgs/msg/detail
-- Installing: /home/parallels/robot_ws/install/ired_msgs/include/ired_msgs/ired_msgs/msg/detail/motor_data__rosidl_typesupport_introspection_cpp.hpp
-- Installing: /home/parallels/robot_ws/install/ired_msgs/include/ired_msgs/ired_msgs/msg/detail/motor_control__type_support.cpp
-- Installing: /home/parallels/robot_ws/install/ired_msgs/include/ired_msgs/ired_msgs/msg/detail/motor_control__rosidl_typesupport_introspection_cpp.hpp
-- Installing: /home/parallels/robot_ws/install/ired_msgs/include/ired_msgs/ired_msgs/msg/detail/imu_data__rosidl_typesupport_introspection_cpp.hpp
-- Installing: /home/parallels/robot_ws/install/ired_msgs/include/ired_msgs/ired_msgs/msg/detail/imu_data__type_support.cpp
-- Installing: /home/parallels/robot_ws/install/ired_msgs/include/ired_msgs/ired_msgs/msg/detail/motor_speed__rosidl_typesupport_introspection_cpp.hpp
-- Installing: /home/parallels/robot_ws/install/ired_msgs/include/ired_msgs/ired_msgs/msg/detail/motor_data__type_support.cpp
-- Installing: /home/parallels/robot_ws/install/ired_msgs/include/ired_msgs/ired_msgs/msg/detail/motor_speed__type_support.cpp
-- Up-to-date: /home/parallels/robot_ws/install/ired_msgs/include/ired_msgs/ired_msgs/srv
-- Up-to-date: /home/parallels/robot_ws/install/ired_msgs/include/ired_msgs/ired_msgs/srv/detail
-- Installing: /home/parallels/robot_ws/install/ired_msgs/include/ired_msgs/ired_msgs/srv/detail/pid_tuning__type_support.cpp
-- Installing: /home/parallels/robot_ws/install/ired_msgs/include/ired_msgs/ired_msgs/srv/detail/pid_tuning__rosidl_typesupport_introspection_cpp.hpp
-- Installing: /home/parallels/robot_ws/install/ired_msgs/lib/libired_msgs__rosidl_typesupport_introspection_cpp.so
-- Set non-toolchain portion of runtime path of "/home/parallels/robot_ws/install/ired_msgs/lib/libired_msgs__rosidl_typesupport_introspection_cpp.so" to ""
-- Installing: /home/parallels/robot_ws/install/ired_msgs/lib/libired_msgs__rosidl_typesupport_cpp.so
-- Set non-toolchain portion of runtime path of "/home/parallels/robot_ws/install/ired_msgs/lib/libired_msgs__rosidl_typesupport_cpp.so" to ""
-- Installing: /home/parallels/robot_ws/install/ired_msgs/share/ired_msgs/environment/pythonpath.sh
-- Installing: /home/parallels/robot_ws/install/ired_msgs/share/ired_msgs/environment/pythonpath.dsv
-- Installing: /home/parallels/robot_ws/install/ired_msgs/lib/python3.12/site-packages/ired_msgs-2.0.1-py3.12.egg-info
-- Installing: /home/parallels/robot_ws/install/ired_msgs/lib/python3.12/site-packages/ired_msgs-2.0.1-py3.12.egg-info/PKG-INFO
-- Installing: /home/parallels/robot_ws/install/ired_msgs/lib/python3.12/site-packages/ired_msgs-2.0.1-py3.12.egg-info/top_level.txt
-- Installing: /home/parallels/robot_ws/install/ired_msgs/lib/python3.12/site-packages/ired_msgs-2.0.1-py3.12.egg-info/dependency_links.txt
-- Installing: /home/parallels/robot_ws/install/ired_msgs/lib/python3.12/site-packages/ired_msgs-2.0.1-py3.12.egg-info/SOURCES.txt
-- Installing: /home/parallels/robot_ws/install/ired_msgs/lib/python3.12/site-packages/ired_msgs
-- Installing: /home/parallels/robot_ws/install/ired_msgs/lib/python3.12/site-packages/ired_msgs/ired_msgs_s__rosidl_typesupport_c.so
-- Installing: /home/parallels/robot_ws/install/ired_msgs/lib/python3.12/site-packages/ired_msgs/_ired_msgs_s.ep.rosidl_typesupport_c.c
-- Installing: /home/parallels/robot_ws/install/ired_msgs/lib/python3.12/site-packages/ired_msgs/_ired_msgs_s.ep.rosidl_typesupport_fastrtps_c.c
-- Installing: /home/parallels/robot_ws/install/ired_msgs/lib/python3.12/site-packages/ired_msgs/ired_msgs_s__rosidl_typesupport_fastrtps_c.so
-- Installing: /home/parallels/robot_ws/install/ired_msgs/lib/python3.12/site-packages/ired_msgs/_ired_msgs_s.ep.rosidl_typesupport_introspection_c.c
-- Installing: /home/parallels/robot_ws/install/ired_msgs/lib/python3.12/site-packages/ired_msgs/msg
-- Installing: /home/parallels/robot_ws/install/ired_msgs/lib/python3.12/site-packages/ired_msgs/msg/_motor_data.py
-- Installing: /home/parallels/robot_ws/install/ired_msgs/lib/python3.12/site-packages/ired_msgs/msg/_imu_data.py
-- Installing: /home/parallels/robot_ws/install/ired_msgs/lib/python3.12/site-packages/ired_msgs/msg/_motor_control.py
-- Installing: /home/parallels/robot_ws/install/ired_msgs/lib/python3.12/site-packages/ired_msgs/msg/_imu_data_s.c
-- Installing: /home/parallels/robot_ws/install/ired_msgs/lib/python3.12/site-packages/ired_msgs/msg/_motor_control_s.c
-- Installing: /home/parallels/robot_ws/install/ired_msgs/lib/python3.12/site-packages/ired_msgs/msg/_motor_data_s.c
-- Installing: /home/parallels/robot_ws/install/ired_msgs/lib/python3.12/site-packages/ired_msgs/msg/_motor_speed.py
-- Installing: /home/parallels/robot_ws/install/ired_msgs/lib/python3.12/site-packages/ired_msgs/msg/__init__.py
-- Installing: /home/parallels/robot_ws/install/ired_msgs/lib/python3.12/site-packages/ired_msgs/msg/_motor_speed_s.c
-- Installing: /home/parallels/robot_ws/install/ired_msgs/lib/python3.12/site-packages/ired_msgs/srv
-- Installing: /home/parallels/robot_ws/install/ired_msgs/lib/python3.12/site-packages/ired_msgs/srv/_pid_tuning_s.c
-- Installing: /home/parallels/robot_ws/install/ired_msgs/lib/python3.12/site-packages/ired_msgs/srv/_pid_tuning.py
-- Installing: /home/parallels/robot_ws/install/ired_msgs/lib/python3.12/site-packages/ired_msgs/srv/__init__.py
-- Installing: /home/parallels/robot_ws/install/ired_msgs/lib/python3.12/site-packages/ired_msgs/__init__.py
-- Installing: /home/parallels/robot_ws/install/ired_msgs/lib/python3.12/site-packages/ired_msgs/ired_msgs_s__rosidl_typesupport_introspection_c.so
Listing '/home/parallels/robot_ws/install/ired_msgs/lib/python3.12/site-packages/ired_msgs'...
Compiling '/home/parallels/robot_ws/install/ired_msgs/lib/python3.12/site-packages/ired_msgs/__init__.py'...
Listing '/home/parallels/robot_ws/install/ired_msgs/lib/python3.12/site-packages/ired_msgs/msg'...
Compiling '/home/parallels/robot_ws/install/ired_msgs/lib/python3.12/site-packages/ired_msgs/msg/__init__.py'...
Compiling '/home/parallels/robot_ws/install/ired_msgs/lib/python3.12/site-packages/ired_msgs/msg/_imu_data.py'...
Compiling '/home/parallels/robot_ws/install/ired_msgs/lib/python3.12/site-packages/ired_msgs/msg/_motor_control.py'...
Compiling '/home/parallels/robot_ws/install/ired_msgs/lib/python3.12/site-packages/ired_msgs/msg/_motor_data.py'...
Compiling '/home/parallels/robot_ws/install/ired_msgs/lib/python3.12/site-packages/ired_msgs/msg/_motor_speed.py'...
Listing '/home/parallels/robot_ws/install/ired_msgs/lib/python3.12/site-packages/ired_msgs/srv'...
Compiling '/home/parallels/robot_ws/install/ired_msgs/lib/python3.12/site-packages/ired_msgs/srv/__init__.py'...
Compiling '/home/parallels/robot_ws/install/ired_msgs/lib/python3.12/site-packages/ired_msgs/srv/_pid_tuning.py'...
-- Installing: /home/parallels/robot_ws/install/ired_msgs/lib/python3.12/site-packages/ired_msgs/ired_msgs_s__rosidl_typesupport_fastrtps_c.so
-- Set non-toolchain portion of runtime path of "/home/parallels/robot_ws/install/ired_msgs/lib/python3.12/site-packages/ired_msgs/ired_msgs_s__rosidl_typesupport_fastrtps_c.so" to ""
-- Installing: /home/parallels/robot_ws/install/ired_msgs/lib/python3.12/site-packages/ired_msgs/ired_msgs_s__rosidl_typesupport_introspection_c.so
-- Set non-toolchain portion of runtime path of "/home/parallels/robot_ws/install/ired_msgs/lib/python3.12/site-packages/ired_msgs/ired_msgs_s__rosidl_typesupport_introspection_c.so" to ""
-- Installing: /home/parallels/robot_ws/install/ired_msgs/lib/python3.12/site-packages/ired_msgs/ired_msgs_s__rosidl_typesupport_c.so
-- Set non-toolchain portion of runtime path of "/home/parallels/robot_ws/install/ired_msgs/lib/python3.12/site-packages/ired_msgs/ired_msgs_s__rosidl_typesupport_c.so" to ""
-- Installing: /home/parallels/robot_ws/install/ired_msgs/lib/libired_msgs__rosidl_generator_py.so
-- Set non-toolchain portion of runtime path of "/home/parallels/robot_ws/install/ired_msgs/lib/libired_msgs__rosidl_generator_py.so" to ""
-- Installing: /home/parallels/robot_ws/install/ired_msgs/share/ired_msgs/msg/IMUData.idl
-- Installing: /home/parallels/robot_ws/install/ired_msgs/share/ired_msgs/msg/MotorControl.idl
-- Installing: /home/parallels/robot_ws/install/ired_msgs/share/ired_msgs/msg/MotorData.idl
-- Installing: /home/parallels/robot_ws/install/ired_msgs/share/ired_msgs/msg/MotorSpeed.idl
-- Installing: /home/parallels/robot_ws/install/ired_msgs/share/ired_msgs/srv/PIDTuning.idl
-- Installing: /home/parallels/robot_ws/install/ired_msgs/share/ired_msgs/msg/IMUData.msg
-- Installing: /home/parallels/robot_ws/install/ired_msgs/share/ired_msgs/msg/MotorControl.msg
-- Installing: /home/parallels/robot_ws/install/ired_msgs/share/ired_msgs/msg/MotorData.msg
-- Installing: /home/parallels/robot_ws/install/ired_msgs/share/ired_msgs/msg/MotorSpeed.msg
-- Installing: /home/parallels/robot_ws/install/ired_msgs/share/ired_msgs/srv/PIDTuning.srv
-- Installing: /home/parallels/robot_ws/install/ired_msgs/share/ament_index/resource_index/package_run_dependencies/ired_msgs
-- Installing: /home/parallels/robot_ws/install/ired_msgs/share/ament_index/resource_index/parent_prefix_path/ired_msgs
-- Installing: /home/parallels/robot_ws/install/ired_msgs/share/ired_msgs/environment/ament_prefix_path.sh
-- Installing: /home/parallels/robot_ws/install/ired_msgs/share/ired_msgs/environment/ament_prefix_path.dsv
-- Installing: /home/parallels/robot_ws/install/ired_msgs/share/ired_msgs/environment/path.sh
-- Installing: /home/parallels/robot_ws/install/ired_msgs/share/ired_msgs/environment/path.dsv
-- Installing: /home/parallels/robot_ws/install/ired_msgs/share/ired_msgs/local_setup.bash
-- Installing: /home/parallels/robot_ws/install/ired_msgs/share/ired_msgs/local_setup.sh
-- Installing: /home/parallels/robot_ws/install/ired_msgs/share/ired_msgs/local_setup.zsh
-- Installing: /home/parallels/robot_ws/install/ired_msgs/share/ired_msgs/local_setup.dsv
-- Installing: /home/parallels/robot_ws/install/ired_msgs/share/ired_msgs/package.dsv
-- Installing: /home/parallels/robot_ws/install/ired_msgs/share/ament_index/resource_index/packages/ired_msgs
-- Installing: /home/parallels/robot_ws/install/ired_msgs/share/ired_msgs/cmake/export_ired_msgs__rosidl_generator_cExport.cmake
-- Installing: /home/parallels/robot_ws/install/ired_msgs/share/ired_msgs/cmake/export_ired_msgs__rosidl_generator_cExport-noconfig.cmake
-- Installing: /home/parallels/robot_ws/install/ired_msgs/share/ired_msgs/cmake/export_ired_msgs__rosidl_typesupport_fastrtps_cExport.cmake
-- Installing: /home/parallels/robot_ws/install/ired_msgs/share/ired_msgs/cmake/export_ired_msgs__rosidl_typesupport_fastrtps_cExport-noconfig.cmake
-- Installing: /home/parallels/robot_ws/install/ired_msgs/share/ired_msgs/cmake/export_ired_msgs__rosidl_generator_cppExport.cmake
-- Installing: /home/parallels/robot_ws/install/ired_msgs/share/ired_msgs/cmake/export_ired_msgs__rosidl_typesupport_fastrtps_cppExport.cmake
-- Installing: /home/parallels/robot_ws/install/ired_msgs/share/ired_msgs/cmake/export_ired_msgs__rosidl_typesupport_fastrtps_cppExport-noconfig.cmake
-- Installing: /home/parallels/robot_ws/install/ired_msgs/share/ired_msgs/cmake/ired_msgs__rosidl_typesupport_introspection_cExport.cmake
-- Installing: /home/parallels/robot_ws/install/ired_msgs/share/ired_msgs/cmake/ired_msgs__rosidl_typesupport_introspection_cExport-noconfig.cmake
-- Installing: /home/parallels/robot_ws/install/ired_msgs/share/ired_msgs/cmake/ired_msgs__rosidl_typesupport_cExport.cmake
-- Installing: /home/parallels/robot_ws/install/ired_msgs/share/ired_msgs/cmake/ired_msgs__rosidl_typesupport_cExport-noconfig.cmake
-- Installing: /home/parallels/robot_ws/install/ired_msgs/share/ired_msgs/cmake/ired_msgs__rosidl_typesupport_introspection_cppExport.cmake
-- Installing: /home/parallels/robot_ws/install/ired_msgs/share/ired_msgs/cmake/ired_msgs__rosidl_typesupport_introspection_cppExport-noconfig.cmake
-- Installing: /home/parallels/robot_ws/install/ired_msgs/share/ired_msgs/cmake/ired_msgs__rosidl_typesupport_cppExport.cmake
-- Installing: /home/parallels/robot_ws/install/ired_msgs/share/ired_msgs/cmake/ired_msgs__rosidl_typesupport_cppExport-noconfig.cmake
-- Installing: /home/parallels/robot_ws/install/ired_msgs/share/ired_msgs/cmake/export_ired_msgs__rosidl_generator_pyExport.cmake
-- Installing: /home/parallels/robot_ws/install/ired_msgs/share/ired_msgs/cmake/export_ired_msgs__rosidl_generator_pyExport-noconfig.cmake
-- Installing: /home/parallels/robot_ws/install/ired_msgs/share/ired_msgs/cmake/rosidl_cmake-extras.cmake
-- Installing: /home/parallels/robot_ws/install/ired_msgs/share/ired_msgs/cmake/ament_cmake_export_dependencies-extras.cmake
-- Installing: /home/parallels/robot_ws/install/ired_msgs/share/ired_msgs/cmake/ament_cmake_export_include_directories-extras.cmake
-- Installing: /home/parallels/robot_ws/install/ired_msgs/share/ired_msgs/cmake/ament_cmake_export_libraries-extras.cmake
-- Installing: /home/parallels/robot_ws/install/ired_msgs/share/ired_msgs/cmake/ament_cmake_export_targets-extras.cmake
-- Installing: /home/parallels/robot_ws/install/ired_msgs/share/ired_msgs/cmake/rosidl_cmake_export_typesupport_targets-extras.cmake
-- Installing: /home/parallels/robot_ws/install/ired_msgs/share/ired_msgs/cmake/rosidl_cmake_export_typesupport_libraries-extras.cmake
-- Installing: /home/parallels/robot_ws/install/ired_msgs/share/ired_msgs/cmake/ired_msgsConfig.cmake
-- Installing: /home/parallels/robot_ws/install/ired_msgs/share/ired_msgs/cmake/ired_msgsConfig-version.cmake
-- Installing: /home/parallels/robot_ws/install/ired_msgs/share/ired_msgs/package.xml
