[0.004s] Invoking command in '/home/parallels/robot_ws/build/ired_msgs': CMAKE_PREFIX_PATH=${CMAKE_PREFIX_PATH}:/home/parallels/robot_ws/install/kim_kardashian:/home/parallels/robot_ws/install/ired_teleop:/opt/ros/jazzy DEBUGINFOD_URLS=https://debuginfod.ubuntu.com /usr/bin/cmake /home/parallels/robot_ws/src/robot/ired_msgs -DCMAKE_INSTALL_PREFIX=/home/parallels/robot_ws/install/ired_msgs
[0.086s] -- The C compiler identification is GNU 13.3.0
[0.156s] -- The CXX compiler identification is GNU 13.3.0
[0.163s] -- Detecting C compiler ABI info
[0.204s] -- Detecting C compiler ABI info - done
[0.209s] -- Check for working C compiler: /usr/bin/cc - skipped
[0.209s] -- Detecting C compile features
[0.210s] -- Detecting C compile features - done
[0.213s] -- Detecting CXX compiler ABI info
[0.253s] -- Detecting CXX compiler ABI info - done
[0.257s] -- Check for working CXX compiler: /usr/bin/c++ - skipped
[0.257s] -- Detecting CXX compile features
[0.257s] -- Detecting CXX compile features - done
[0.266s] -- Found ament_cmake: 2.5.5 (/opt/ros/jazzy/share/ament_cmake/cmake)
[0.332s] -- Found Python3: /usr/bin/python3 (found version "3.12.3") found components: Interpreter 
[0.380s] -- Found std_msgs: 5.3.6 (/opt/ros/jazzy/share/std_msgs/cmake)
[0.406s] -- Found rosidl_generator_c: 4.6.7 (/opt/ros/jazzy/share/rosidl_generator_c/cmake)
[0.412s] -- Found rosidl_generator_cpp: 4.6.7 (/opt/ros/jazzy/share/rosidl_generator_cpp/cmake)
[0.422s] -- Using all available rosidl_typesupport_c: rosidl_typesupport_fastrtps_c;rosidl_typesupport_introspection_c
[0.431s] -- Using all available rosidl_typesupport_cpp: rosidl_typesupport_fastrtps_cpp;rosidl_typesupport_introspection_cpp
[0.446s] -- Found rosidl_default_generators: 1.6.0 (/opt/ros/jazzy/share/rosidl_default_generators/cmake)
[0.455s] -- Found rosidl_adapter: 4.6.7 (/opt/ros/jazzy/share/rosidl_adapter/cmake)
[0.748s] -- Found ament_cmake_ros: 0.12.0 (/opt/ros/jazzy/share/ament_cmake_ros/cmake)
[1.111s] -- Using all available rosidl_typesupport_c: rosidl_typesupport_fastrtps_c;rosidl_typesupport_introspection_c
[1.252s] -- Using all available rosidl_typesupport_cpp: rosidl_typesupport_fastrtps_cpp;rosidl_typesupport_introspection_cpp
[1.254s] -- Found python_cmake_module: 0.11.1 (/opt/ros/jazzy/share/python_cmake_module/cmake)
[1.317s] -- Found PythonExtra: /usr/bin/python3  
[1.518s] -- Found Python3: /usr/bin/python3 (found version "3.12.3") found components: Interpreter Development NumPy Development.Module Development.Embed 
[1.541s] -- Found ament_lint_auto: 0.17.4 (/opt/ros/jazzy/share/ament_lint_auto/cmake)
[1.552s] -- Added test 'lint_cmake' to check CMake code style
[1.553s] -- Added test 'xmllint' to check XML markup files
[1.555s] -- Configuring done (1.5s)
[1.573s] -- Generating done (0.0s)
[1.579s] -- Build files have been written to: /home/parallels/robot_ws/build/ired_msgs
[1.584s] Invoked command in '/home/parallels/robot_ws/build/ired_msgs' returned '0': CMAKE_PREFIX_PATH=${CMAKE_PREFIX_PATH}:/home/parallels/robot_ws/install/kim_kardashian:/home/parallels/robot_ws/install/ired_teleop:/opt/ros/jazzy DEBUGINFOD_URLS=https://debuginfod.ubuntu.com /usr/bin/cmake /home/parallels/robot_ws/src/robot/ired_msgs -DCMAKE_INSTALL_PREFIX=/home/parallels/robot_ws/install/ired_msgs
[1.584s] Invoking command in '/home/parallels/robot_ws/build/ired_msgs': CMAKE_PREFIX_PATH=${CMAKE_PREFIX_PATH}:/home/parallels/robot_ws/install/kim_kardashian:/home/parallels/robot_ws/install/ired_teleop:/opt/ros/jazzy DEBUGINFOD_URLS=https://debuginfod.ubuntu.com /usr/bin/cmake --build /home/parallels/robot_ws/build/ired_msgs -- -j2 -l2
[1.629s] [  1%] [34m[1mGenerating type hashes for ROS interfaces[0m
[1.636s] [  1%] Built target ament_cmake_python_copy_ired_msgs
[1.846s] running egg_info
[1.847s] creating ired_msgs.egg-info
[1.861s] writing ired_msgs.egg-info/PKG-INFO
[1.861s] writing dependency_links to ired_msgs.egg-info/dependency_links.txt
[1.861s] writing top-level names to ired_msgs.egg-info/top_level.txt
[1.861s] writing manifest file 'ired_msgs.egg-info/SOURCES.txt'
[1.904s] reading manifest file 'ired_msgs.egg-info/SOURCES.txt'
[1.905s] writing manifest file 'ired_msgs.egg-info/SOURCES.txt'
[1.908s] [  1%] Built target ired_msgs__rosidl_generator_type_description
[1.929s] [  2%] [34m[1mGenerating C++ code for ROS interfaces[0m
[1.944s] [  2%] Built target ament_cmake_python_build_ired_msgs_egg
[1.954s] [  4%] [34m[1mGenerating C code for ROS interfaces[0m
[2.457s] [  4%] Built target ired_msgs__cpp
[2.521s] [  5%] [32mBuilding C object CMakeFiles/ired_msgs__rosidl_generator_c.dir/rosidl_generator_c/ired_msgs/msg/detail/imu_data__description.c.o[0m
[2.522s] [  6%] [32mBuilding C object CMakeFiles/ired_msgs__rosidl_generator_c.dir/rosidl_generator_c/ired_msgs/msg/detail/imu_data__functions.c.o[0m
[2.571s] [  8%] [32mBuilding C object CMakeFiles/ired_msgs__rosidl_generator_c.dir/rosidl_generator_c/ired_msgs/msg/detail/imu_data__type_support.c.o[0m
[2.585s] [  9%] [32mBuilding C object CMakeFiles/ired_msgs__rosidl_generator_c.dir/rosidl_generator_c/ired_msgs/msg/detail/motor_control__description.c.o[0m
[2.603s] [ 10%] [32mBuilding C object CMakeFiles/ired_msgs__rosidl_generator_c.dir/rosidl_generator_c/ired_msgs/msg/detail/motor_control__functions.c.o[0m
[2.621s] [ 12%] [32mBuilding C object CMakeFiles/ired_msgs__rosidl_generator_c.dir/rosidl_generator_c/ired_msgs/msg/detail/motor_control__type_support.c.o[0m
[2.646s] [ 13%] [32mBuilding C object CMakeFiles/ired_msgs__rosidl_generator_c.dir/rosidl_generator_c/ired_msgs/msg/detail/motor_data__description.c.o[0m
[2.650s] [ 14%] [32mBuilding C object CMakeFiles/ired_msgs__rosidl_generator_c.dir/rosidl_generator_c/ired_msgs/msg/detail/motor_data__functions.c.o[0m
[2.679s] [ 16%] [32mBuilding C object CMakeFiles/ired_msgs__rosidl_generator_c.dir/rosidl_generator_c/ired_msgs/msg/detail/motor_data__type_support.c.o[0m
[2.694s] [ 17%] [32mBuilding C object CMakeFiles/ired_msgs__rosidl_generator_c.dir/rosidl_generator_c/ired_msgs/msg/detail/motor_speed__description.c.o[0m
[2.705s] [ 18%] [32mBuilding C object CMakeFiles/ired_msgs__rosidl_generator_c.dir/rosidl_generator_c/ired_msgs/msg/detail/motor_speed__functions.c.o[0m
[2.729s] [ 20%] [32mBuilding C object CMakeFiles/ired_msgs__rosidl_generator_c.dir/rosidl_generator_c/ired_msgs/msg/detail/motor_speed__type_support.c.o[0m
[2.745s] [ 21%] [32mBuilding C object CMakeFiles/ired_msgs__rosidl_generator_c.dir/rosidl_generator_c/ired_msgs/srv/detail/pid_tuning__description.c.o[0m
[2.758s] [ 22%] [32mBuilding C object CMakeFiles/ired_msgs__rosidl_generator_c.dir/rosidl_generator_c/ired_msgs/srv/detail/pid_tuning__functions.c.o[0m
[2.787s] [ 24%] [32mBuilding C object CMakeFiles/ired_msgs__rosidl_generator_c.dir/rosidl_generator_c/ired_msgs/srv/detail/pid_tuning__type_support.c.o[0m
[2.827s] [ 25%] [32m[1mLinking C shared library libired_msgs__rosidl_generator_c.so[0m
[2.866s] [ 25%] Built target ired_msgs__rosidl_generator_c
[2.876s] [ 27%] [34m[1mGenerating C type support for eProsima Fast-RTPS[0m
[2.876s] [ 28%] [34m[1mGenerating C++ type support dispatch for ROS interfaces[0m
[3.167s] [ 29%] [32mBuilding CXX object CMakeFiles/ired_msgs__rosidl_typesupport_cpp.dir/rosidl_typesupport_cpp/ired_msgs/msg/imu_data__type_support.cpp.o[0m
[3.321s] [ 31%] [32mBuilding CXX object CMakeFiles/ired_msgs__rosidl_typesupport_fastrtps_c.dir/rosidl_typesupport_fastrtps_c/ired_msgs/msg/detail/imu_data__type_support_c.cpp.o[0m
[3.421s] [ 32%] [32mBuilding CXX object CMakeFiles/ired_msgs__rosidl_typesupport_cpp.dir/rosidl_typesupport_cpp/ired_msgs/msg/motor_control__type_support.cpp.o[0m
[3.726s] [ 33%] [32mBuilding CXX object CMakeFiles/ired_msgs__rosidl_typesupport_cpp.dir/rosidl_typesupport_cpp/ired_msgs/msg/motor_data__type_support.cpp.o[0m
[3.743s] [ 35%] [32mBuilding CXX object CMakeFiles/ired_msgs__rosidl_typesupport_fastrtps_c.dir/rosidl_typesupport_fastrtps_c/ired_msgs/msg/detail/motor_control__type_support_c.cpp.o[0m
[3.974s] [ 36%] [32mBuilding CXX object CMakeFiles/ired_msgs__rosidl_typesupport_cpp.dir/rosidl_typesupport_cpp/ired_msgs/msg/motor_speed__type_support.cpp.o[0m
[4.120s] [ 37%] [32mBuilding CXX object CMakeFiles/ired_msgs__rosidl_typesupport_fastrtps_c.dir/rosidl_typesupport_fastrtps_c/ired_msgs/msg/detail/motor_data__type_support_c.cpp.o[0m
[4.231s] [ 39%] [32mBuilding CXX object CMakeFiles/ired_msgs__rosidl_typesupport_cpp.dir/rosidl_typesupport_cpp/ired_msgs/srv/pid_tuning__type_support.cpp.o[0m
[4.485s] [ 40%] [32mBuilding CXX object CMakeFiles/ired_msgs__rosidl_typesupport_fastrtps_c.dir/rosidl_typesupport_fastrtps_c/ired_msgs/msg/detail/motor_speed__type_support_c.cpp.o[0m
[4.507s] [ 41%] [32m[1mLinking CXX shared library libired_msgs__rosidl_typesupport_cpp.so[0m
[4.570s] [ 41%] Built target ired_msgs__rosidl_typesupport_cpp
[4.586s] [ 43%] [34m[1mGenerating C++ type support for eProsima Fast-RTPS[0m
[4.901s] [ 44%] [32mBuilding CXX object CMakeFiles/ired_msgs__rosidl_typesupport_fastrtps_c.dir/rosidl_typesupport_fastrtps_c/ired_msgs/srv/detail/pid_tuning__type_support_c.cpp.o[0m
[5.035s] [ 45%] [32mBuilding CXX object CMakeFiles/ired_msgs__rosidl_typesupport_fastrtps_cpp.dir/rosidl_typesupport_fastrtps_cpp/ired_msgs/msg/detail/dds_fastrtps/imu_data__type_support.cpp.o[0m
[5.307s] [ 47%] [32m[1mLinking CXX shared library libired_msgs__rosidl_typesupport_fastrtps_c.so[0m
[5.418s] [ 48%] [32mBuilding CXX object CMakeFiles/ired_msgs__rosidl_typesupport_fastrtps_cpp.dir/rosidl_typesupport_fastrtps_cpp/ired_msgs/msg/detail/dds_fastrtps/motor_control__type_support.cpp.o[0m
[5.418s] [ 48%] Built target ired_msgs__rosidl_typesupport_fastrtps_c
[5.426s] [ 50%] [34m[1mGenerating C introspection for ROS interfaces[0m
[5.841s] [ 51%] [32mBuilding CXX object CMakeFiles/ired_msgs__rosidl_typesupport_fastrtps_cpp.dir/rosidl_typesupport_fastrtps_cpp/ired_msgs/msg/detail/dds_fastrtps/motor_data__type_support.cpp.o[0m
[5.904s] [ 52%] [32mBuilding C object CMakeFiles/ired_msgs__rosidl_typesupport_introspection_c.dir/rosidl_typesupport_introspection_c/ired_msgs/msg/detail/imu_data__type_support.c.o[0m
[5.949s] [ 54%] [32mBuilding C object CMakeFiles/ired_msgs__rosidl_typesupport_introspection_c.dir/rosidl_typesupport_introspection_c/ired_msgs/msg/detail/motor_control__type_support.c.o[0m
[5.990s] [ 55%] [32mBuilding C object CMakeFiles/ired_msgs__rosidl_typesupport_introspection_c.dir/rosidl_typesupport_introspection_c/ired_msgs/msg/detail/motor_data__type_support.c.o[0m
[6.028s] [ 56%] [32mBuilding C object CMakeFiles/ired_msgs__rosidl_typesupport_introspection_c.dir/rosidl_typesupport_introspection_c/ired_msgs/msg/detail/motor_speed__type_support.c.o[0m
[6.051s] [ 58%] [32mBuilding C object CMakeFiles/ired_msgs__rosidl_typesupport_introspection_c.dir/rosidl_typesupport_introspection_c/ired_msgs/srv/detail/pid_tuning__type_support.c.o[0m
[6.072s] [ 59%] [32m[1mLinking C shared library libired_msgs__rosidl_typesupport_introspection_c.so[0m
[6.099s] [ 59%] Built target ired_msgs__rosidl_typesupport_introspection_c
[6.106s] [ 60%] [34m[1mGenerating C type support dispatch for ROS interfaces[0m
[6.238s] [ 62%] [32mBuilding CXX object CMakeFiles/ired_msgs__rosidl_typesupport_fastrtps_cpp.dir/rosidl_typesupport_fastrtps_cpp/ired_msgs/msg/detail/dds_fastrtps/motor_speed__type_support.cpp.o[0m
[6.387s] [ 63%] [32mBuilding CXX object CMakeFiles/ired_msgs__rosidl_typesupport_c.dir/rosidl_typesupport_c/ired_msgs/msg/imu_data__type_support.cpp.o[0m
[6.426s] [ 64%] [32mBuilding CXX object CMakeFiles/ired_msgs__rosidl_typesupport_c.dir/rosidl_typesupport_c/ired_msgs/msg/motor_control__type_support.cpp.o[0m
[6.465s] [ 66%] [32mBuilding CXX object CMakeFiles/ired_msgs__rosidl_typesupport_c.dir/rosidl_typesupport_c/ired_msgs/msg/motor_data__type_support.cpp.o[0m
[6.501s] [ 67%] [32mBuilding CXX object CMakeFiles/ired_msgs__rosidl_typesupport_c.dir/rosidl_typesupport_c/ired_msgs/msg/motor_speed__type_support.cpp.o[0m
[6.539s] [ 68%] [32mBuilding CXX object CMakeFiles/ired_msgs__rosidl_typesupport_c.dir/rosidl_typesupport_c/ired_msgs/srv/pid_tuning__type_support.cpp.o[0m
[6.577s] [ 70%] [32m[1mLinking CXX shared library libired_msgs__rosidl_typesupport_c.so[0m
[6.582s] [ 71%] [32mBuilding CXX object CMakeFiles/ired_msgs__rosidl_typesupport_fastrtps_cpp.dir/rosidl_typesupport_fastrtps_cpp/ired_msgs/srv/detail/dds_fastrtps/pid_tuning__type_support.cpp.o[0m
[6.616s] [ 71%] Built target ired_msgs__rosidl_typesupport_c
[6.628s] [ 72%] [34m[1mGenerating C++ introspection for ROS interfaces[0m
[7.020s] [ 74%] [32mBuilding CXX object CMakeFiles/ired_msgs__rosidl_typesupport_introspection_cpp.dir/rosidl_typesupport_introspection_cpp/ired_msgs/msg/detail/imu_data__type_support.cpp.o[0m
[7.080s] [ 75%] [32m[1mLinking CXX shared library libired_msgs__rosidl_typesupport_fastrtps_cpp.so[0m
[7.149s] [ 75%] Built target ired_msgs__rosidl_typesupport_fastrtps_cpp
[7.157s] [ 77%] [32mBuilding CXX object CMakeFiles/ired_msgs__rosidl_typesupport_introspection_cpp.dir/rosidl_typesupport_introspection_cpp/ired_msgs/msg/detail/motor_control__type_support.cpp.o[0m
[7.254s] [ 78%] [32mBuilding CXX object CMakeFiles/ired_msgs__rosidl_typesupport_introspection_cpp.dir/rosidl_typesupport_introspection_cpp/ired_msgs/msg/detail/motor_data__type_support.cpp.o[0m
[7.402s] [ 79%] [32mBuilding CXX object CMakeFiles/ired_msgs__rosidl_typesupport_introspection_cpp.dir/rosidl_typesupport_introspection_cpp/ired_msgs/msg/detail/motor_speed__type_support.cpp.o[0m
[7.494s] [ 81%] [32mBuilding CXX object CMakeFiles/ired_msgs__rosidl_typesupport_introspection_cpp.dir/rosidl_typesupport_introspection_cpp/ired_msgs/srv/detail/pid_tuning__type_support.cpp.o[0m
[7.716s] [ 82%] [32m[1mLinking CXX shared library libired_msgs__rosidl_typesupport_introspection_cpp.so[0m
[7.776s] [ 82%] Built target ired_msgs__rosidl_typesupport_introspection_cpp
[7.796s] [ 82%] Built target ired_msgs
[7.812s] [ 83%] [34m[1mGenerating Python code for ROS interfaces[0m
[8.307s] [ 83%] Built target ired_msgs__py
[8.329s] [ 85%] [32mBuilding C object CMakeFiles/ired_msgs__rosidl_generator_py.dir/rosidl_generator_py/ired_msgs/msg/_imu_data_s.c.o[0m
[8.331s] [ 86%] [32mBuilding C object CMakeFiles/ired_msgs__rosidl_generator_py.dir/rosidl_generator_py/ired_msgs/msg/_motor_control_s.c.o[0m
[8.445s] [ 87%] [32mBuilding C object CMakeFiles/ired_msgs__rosidl_generator_py.dir/rosidl_generator_py/ired_msgs/msg/_motor_data_s.c.o[0m
[8.471s] [ 89%] [32mBuilding C object CMakeFiles/ired_msgs__rosidl_generator_py.dir/rosidl_generator_py/ired_msgs/msg/_motor_speed_s.c.o[0m
[8.543s] [ 90%] [32mBuilding C object CMakeFiles/ired_msgs__rosidl_generator_py.dir/rosidl_generator_py/ired_msgs/srv/_pid_tuning_s.c.o[0m
[8.608s] [ 91%] [32m[1mLinking C shared library libired_msgs__rosidl_generator_py.so[0m
[8.645s] [ 91%] Built target ired_msgs__rosidl_generator_py
[8.664s] [ 93%] [32mBuilding C object CMakeFiles/ired_msgs_s__rosidl_typesupport_introspection_c.dir/rosidl_generator_py/ired_msgs/_ired_msgs_s.ep.rosidl_typesupport_introspection_c.c.o[0m
[8.667s] [ 94%] [32mBuilding C object CMakeFiles/ired_msgs_s__rosidl_typesupport_fastrtps_c.dir/rosidl_generator_py/ired_msgs/_ired_msgs_s.ep.rosidl_typesupport_fastrtps_c.c.o[0m
[8.769s] [ 95%] [32m[1mLinking C shared module rosidl_generator_py/ired_msgs/ired_msgs_s__rosidl_typesupport_introspection_c.so[0m
[8.776s] [ 97%] [32m[1mLinking C shared module rosidl_generator_py/ired_msgs/ired_msgs_s__rosidl_typesupport_fastrtps_c.so[0m
[8.796s] [ 97%] Built target ired_msgs_s__rosidl_typesupport_introspection_c
[8.800s] [ 97%] Built target ired_msgs_s__rosidl_typesupport_fastrtps_c
[8.811s] [ 98%] [32mBuilding C object CMakeFiles/ired_msgs_s__rosidl_typesupport_c.dir/rosidl_generator_py/ired_msgs/_ired_msgs_s.ep.rosidl_typesupport_c.c.o[0m
[8.915s] [100%] [32m[1mLinking C shared module rosidl_generator_py/ired_msgs/ired_msgs_s__rosidl_typesupport_c.so[0m
[8.946s] [100%] Built target ired_msgs_s__rosidl_typesupport_c
[8.958s] Invoked command in '/home/parallels/robot_ws/build/ired_msgs' returned '0': CMAKE_PREFIX_PATH=${CMAKE_PREFIX_PATH}:/home/parallels/robot_ws/install/kim_kardashian:/home/parallels/robot_ws/install/ired_teleop:/opt/ros/jazzy DEBUGINFOD_URLS=https://debuginfod.ubuntu.com /usr/bin/cmake --build /home/parallels/robot_ws/build/ired_msgs -- -j2 -l2
[8.970s] Invoking command in '/home/parallels/robot_ws/build/ired_msgs': CMAKE_PREFIX_PATH=${CMAKE_PREFIX_PATH}:/home/parallels/robot_ws/install/kim_kardashian:/home/parallels/robot_ws/install/ired_teleop:/opt/ros/jazzy DEBUGINFOD_URLS=https://debuginfod.ubuntu.com /usr/bin/cmake --install /home/parallels/robot_ws/build/ired_msgs
[8.978s] -- Install configuration: ""
[8.978s] -- Installing: /home/parallels/robot_ws/install/ired_msgs/share/ament_index/resource_index/rosidl_interfaces/ired_msgs
[8.978s] -- Installing: /home/parallels/robot_ws/install/ired_msgs/share/ired_msgs/msg/IMUData.json
[8.978s] -- Installing: /home/parallels/robot_ws/install/ired_msgs/share/ired_msgs/msg/MotorControl.json
[8.978s] -- Installing: /home/parallels/robot_ws/install/ired_msgs/share/ired_msgs/msg/MotorData.json
[8.978s] -- Installing: /home/parallels/robot_ws/install/ired_msgs/share/ired_msgs/msg/MotorSpeed.json
[8.978s] -- Installing: /home/parallels/robot_ws/install/ired_msgs/share/ired_msgs/srv/PIDTuning.json
[8.978s] -- Installing: /home/parallels/robot_ws/install/ired_msgs/include/ired_msgs/ired_msgs
[8.978s] -- Installing: /home/parallels/robot_ws/install/ired_msgs/include/ired_msgs/ired_msgs/msg
[8.978s] -- Installing: /home/parallels/robot_ws/install/ired_msgs/include/ired_msgs/ired_msgs/msg/motor_speed.h
[8.978s] -- Installing: /home/parallels/robot_ws/install/ired_msgs/include/ired_msgs/ired_msgs/msg/imu_data.h
[8.978s] -- Installing: /home/parallels/robot_ws/install/ired_msgs/include/ired_msgs/ired_msgs/msg/rosidl_generator_c__visibility_control.h
[8.979s] -- Installing: /home/parallels/robot_ws/install/ired_msgs/include/ired_msgs/ired_msgs/msg/motor_control.h
[8.979s] -- Installing: /home/parallels/robot_ws/install/ired_msgs/include/ired_msgs/ired_msgs/msg/detail
[8.979s] -- Installing: /home/parallels/robot_ws/install/ired_msgs/include/ired_msgs/ired_msgs/msg/detail/imu_data__functions.h
[8.979s] -- Installing: /home/parallels/robot_ws/install/ired_msgs/include/ired_msgs/ired_msgs/msg/detail/motor_speed__type_support.h
[8.979s] -- Installing: /home/parallels/robot_ws/install/ired_msgs/include/ired_msgs/ired_msgs/msg/detail/motor_speed__functions.h
[8.979s] -- Installing: /home/parallels/robot_ws/install/ired_msgs/include/ired_msgs/ired_msgs/msg/detail/imu_data__description.c
[8.979s] -- Installing: /home/parallels/robot_ws/install/ired_msgs/include/ired_msgs/ired_msgs/msg/detail/motor_control__functions.c
[8.979s] -- Installing: /home/parallels/robot_ws/install/ired_msgs/include/ired_msgs/ired_msgs/msg/detail/motor_control__functions.h
[8.979s] -- Installing: /home/parallels/robot_ws/install/ired_msgs/include/ired_msgs/ired_msgs/msg/detail/motor_control__type_support.c
[8.979s] -- Installing: /home/parallels/robot_ws/install/ired_msgs/include/ired_msgs/ired_msgs/msg/detail/motor_control__description.c
[8.979s] -- Installing: /home/parallels/robot_ws/install/ired_msgs/include/ired_msgs/ired_msgs/msg/detail/motor_speed__struct.h
[8.979s] -- Installing: /home/parallels/robot_ws/install/ired_msgs/include/ired_msgs/ired_msgs/msg/detail/motor_speed__type_support.c
[8.979s] -- Installing: /home/parallels/robot_ws/install/ired_msgs/include/ired_msgs/ired_msgs/msg/detail/imu_data__functions.c
[8.979s] -- Installing: /home/parallels/robot_ws/install/ired_msgs/include/ired_msgs/ired_msgs/msg/detail/imu_data__struct.h
[8.979s] -- Installing: /home/parallels/robot_ws/install/ired_msgs/include/ired_msgs/ired_msgs/msg/detail/motor_data__functions.c
[8.979s] -- Installing: /home/parallels/robot_ws/install/ired_msgs/include/ired_msgs/ired_msgs/msg/detail/motor_control__struct.h
[8.979s] -- Installing: /home/parallels/robot_ws/install/ired_msgs/include/ired_msgs/ired_msgs/msg/detail/motor_speed__description.c
[8.979s] -- Installing: /home/parallels/robot_ws/install/ired_msgs/include/ired_msgs/ired_msgs/msg/detail/motor_data__struct.h
[8.979s] -- Installing: /home/parallels/robot_ws/install/ired_msgs/include/ired_msgs/ired_msgs/msg/detail/motor_data__functions.h
[8.979s] -- Installing: /home/parallels/robot_ws/install/ired_msgs/include/ired_msgs/ired_msgs/msg/detail/imu_data__type_support.h
[8.979s] -- Installing: /home/parallels/robot_ws/install/ired_msgs/include/ired_msgs/ired_msgs/msg/detail/imu_data__type_support.c
[8.979s] -- Installing: /home/parallels/robot_ws/install/ired_msgs/include/ired_msgs/ired_msgs/msg/detail/motor_control__type_support.h
[8.979s] -- Installing: /home/parallels/robot_ws/install/ired_msgs/include/ired_msgs/ired_msgs/msg/detail/motor_data__type_support.h
[8.979s] -- Installing: /home/parallels/robot_ws/install/ired_msgs/include/ired_msgs/ired_msgs/msg/detail/motor_data__type_support.c
[8.979s] -- Installing: /home/parallels/robot_ws/install/ired_msgs/include/ired_msgs/ired_msgs/msg/detail/motor_speed__functions.c
[8.979s] -- Installing: /home/parallels/robot_ws/install/ired_msgs/include/ired_msgs/ired_msgs/msg/detail/motor_data__description.c
[8.979s] -- Installing: /home/parallels/robot_ws/install/ired_msgs/include/ired_msgs/ired_msgs/msg/motor_data.h
[8.981s] -- Installing: /home/parallels/robot_ws/install/ired_msgs/include/ired_msgs/ired_msgs/srv
[8.981s] -- Installing: /home/parallels/robot_ws/install/ired_msgs/include/ired_msgs/ired_msgs/srv/pid_tuning.h
[8.981s] -- Installing: /home/parallels/robot_ws/install/ired_msgs/include/ired_msgs/ired_msgs/srv/detail
[8.981s] -- Installing: /home/parallels/robot_ws/install/ired_msgs/include/ired_msgs/ired_msgs/srv/detail/pid_tuning__struct.h
[8.981s] -- Installing: /home/parallels/robot_ws/install/ired_msgs/include/ired_msgs/ired_msgs/srv/detail/pid_tuning__type_support.c
[8.981s] -- Installing: /home/parallels/robot_ws/install/ired_msgs/include/ired_msgs/ired_msgs/srv/detail/pid_tuning__functions.c
[8.981s] -- Installing: /home/parallels/robot_ws/install/ired_msgs/include/ired_msgs/ired_msgs/srv/detail/pid_tuning__functions.h
[8.981s] -- Installing: /home/parallels/robot_ws/install/ired_msgs/include/ired_msgs/ired_msgs/srv/detail/pid_tuning__description.c
[8.982s] -- Installing: /home/parallels/robot_ws/install/ired_msgs/include/ired_msgs/ired_msgs/srv/detail/pid_tuning__type_support.h
[8.982s] -- Installing: /home/parallels/robot_ws/install/ired_msgs/share/ired_msgs/environment/library_path.sh
[8.982s] -- Installing: /home/parallels/robot_ws/install/ired_msgs/share/ired_msgs/environment/library_path.dsv
[8.982s] -- Installing: /home/parallels/robot_ws/install/ired_msgs/lib/libired_msgs__rosidl_generator_c.so
[8.982s] -- Set non-toolchain portion of runtime path of "/home/parallels/robot_ws/install/ired_msgs/lib/libired_msgs__rosidl_generator_c.so" to ""
[8.982s] -- Up-to-date: /home/parallels/robot_ws/install/ired_msgs/include/ired_msgs/ired_msgs
[8.982s] -- Up-to-date: /home/parallels/robot_ws/install/ired_msgs/include/ired_msgs/ired_msgs/msg
[8.982s] -- Up-to-date: /home/parallels/robot_ws/install/ired_msgs/include/ired_msgs/ired_msgs/msg/detail
[8.982s] -- Installing: /home/parallels/robot_ws/install/ired_msgs/include/ired_msgs/ired_msgs/msg/detail/imu_data__rosidl_typesupport_fastrtps_c.h
[8.982s] -- Installing: /home/parallels/robot_ws/install/ired_msgs/include/ired_msgs/ired_msgs/msg/detail/motor_data__rosidl_typesupport_fastrtps_c.h
[8.982s] -- Installing: /home/parallels/robot_ws/install/ired_msgs/include/ired_msgs/ired_msgs/msg/detail/motor_control__rosidl_typesupport_fastrtps_c.h
[8.982s] -- Installing: /home/parallels/robot_ws/install/ired_msgs/include/ired_msgs/ired_msgs/msg/detail/motor_speed__rosidl_typesupport_fastrtps_c.h
[8.982s] -- Installing: /home/parallels/robot_ws/install/ired_msgs/include/ired_msgs/ired_msgs/msg/rosidl_typesupport_fastrtps_c__visibility_control.h
[8.982s] -- Up-to-date: /home/parallels/robot_ws/install/ired_msgs/include/ired_msgs/ired_msgs/srv
[8.982s] -- Up-to-date: /home/parallels/robot_ws/install/ired_msgs/include/ired_msgs/ired_msgs/srv/detail
[8.982s] -- Installing: /home/parallels/robot_ws/install/ired_msgs/include/ired_msgs/ired_msgs/srv/detail/pid_tuning__rosidl_typesupport_fastrtps_c.h
[8.982s] -- Installing: /home/parallels/robot_ws/install/ired_msgs/lib/libired_msgs__rosidl_typesupport_fastrtps_c.so
[8.983s] -- Set non-toolchain portion of runtime path of "/home/parallels/robot_ws/install/ired_msgs/lib/libired_msgs__rosidl_typesupport_fastrtps_c.so" to ""
[8.983s] -- Up-to-date: /home/parallels/robot_ws/install/ired_msgs/include/ired_msgs/ired_msgs
[8.983s] -- Up-to-date: /home/parallels/robot_ws/install/ired_msgs/include/ired_msgs/ired_msgs/msg
[8.983s] -- Installing: /home/parallels/robot_ws/install/ired_msgs/include/ired_msgs/ired_msgs/msg/motor_control.hpp
[8.983s] -- Installing: /home/parallels/robot_ws/install/ired_msgs/include/ired_msgs/ired_msgs/msg/motor_data.hpp
[8.983s] -- Up-to-date: /home/parallels/robot_ws/install/ired_msgs/include/ired_msgs/ired_msgs/msg/detail
[8.983s] -- Installing: /home/parallels/robot_ws/install/ired_msgs/include/ired_msgs/ired_msgs/msg/detail/motor_speed__struct.hpp
[8.983s] -- Installing: /home/parallels/robot_ws/install/ired_msgs/include/ired_msgs/ired_msgs/msg/detail/motor_control__struct.hpp
[8.983s] -- Installing: /home/parallels/robot_ws/install/ired_msgs/include/ired_msgs/ired_msgs/msg/detail/motor_control__type_support.hpp
[8.984s] -- Installing: /home/parallels/robot_ws/install/ired_msgs/include/ired_msgs/ired_msgs/msg/detail/motor_control__traits.hpp
[8.984s] -- Installing: /home/parallels/robot_ws/install/ired_msgs/include/ired_msgs/ired_msgs/msg/detail/motor_speed__builder.hpp
[8.984s] -- Installing: /home/parallels/robot_ws/install/ired_msgs/include/ired_msgs/ired_msgs/msg/detail/motor_speed__traits.hpp
[8.984s] -- Installing: /home/parallels/robot_ws/install/ired_msgs/include/ired_msgs/ired_msgs/msg/detail/motor_data__struct.hpp
[8.984s] -- Installing: /home/parallels/robot_ws/install/ired_msgs/include/ired_msgs/ired_msgs/msg/detail/imu_data__struct.hpp
[8.984s] -- Installing: /home/parallels/robot_ws/install/ired_msgs/include/ired_msgs/ired_msgs/msg/detail/motor_data__type_support.hpp
[8.984s] -- Installing: /home/parallels/robot_ws/install/ired_msgs/include/ired_msgs/ired_msgs/msg/detail/imu_data__type_support.hpp
[8.984s] -- Installing: /home/parallels/robot_ws/install/ired_msgs/include/ired_msgs/ired_msgs/msg/detail/imu_data__traits.hpp
[8.984s] -- Installing: /home/parallels/robot_ws/install/ired_msgs/include/ired_msgs/ired_msgs/msg/detail/motor_speed__type_support.hpp
[8.984s] -- Installing: /home/parallels/robot_ws/install/ired_msgs/include/ired_msgs/ired_msgs/msg/detail/motor_data__builder.hpp
[8.984s] -- Installing: /home/parallels/robot_ws/install/ired_msgs/include/ired_msgs/ired_msgs/msg/detail/imu_data__builder.hpp
[8.984s] -- Installing: /home/parallels/robot_ws/install/ired_msgs/include/ired_msgs/ired_msgs/msg/detail/motor_data__traits.hpp
[8.984s] -- Installing: /home/parallels/robot_ws/install/ired_msgs/include/ired_msgs/ired_msgs/msg/detail/motor_control__builder.hpp
[8.985s] -- Installing: /home/parallels/robot_ws/install/ired_msgs/include/ired_msgs/ired_msgs/msg/imu_data.hpp
[8.985s] -- Installing: /home/parallels/robot_ws/install/ired_msgs/include/ired_msgs/ired_msgs/msg/motor_speed.hpp
[8.985s] -- Installing: /home/parallels/robot_ws/install/ired_msgs/include/ired_msgs/ired_msgs/msg/rosidl_generator_cpp__visibility_control.hpp
[8.985s] -- Up-to-date: /home/parallels/robot_ws/install/ired_msgs/include/ired_msgs/ired_msgs/srv
[8.985s] -- Installing: /home/parallels/robot_ws/install/ired_msgs/include/ired_msgs/ired_msgs/srv/pid_tuning.hpp
[8.985s] -- Up-to-date: /home/parallels/robot_ws/install/ired_msgs/include/ired_msgs/ired_msgs/srv/detail
[8.985s] -- Installing: /home/parallels/robot_ws/install/ired_msgs/include/ired_msgs/ired_msgs/srv/detail/pid_tuning__traits.hpp
[8.985s] -- Installing: /home/parallels/robot_ws/install/ired_msgs/include/ired_msgs/ired_msgs/srv/detail/pid_tuning__struct.hpp
[8.985s] -- Installing: /home/parallels/robot_ws/install/ired_msgs/include/ired_msgs/ired_msgs/srv/detail/pid_tuning__type_support.hpp
[8.985s] -- Installing: /home/parallels/robot_ws/install/ired_msgs/include/ired_msgs/ired_msgs/srv/detail/pid_tuning__builder.hpp
[8.985s] -- Up-to-date: /home/parallels/robot_ws/install/ired_msgs/include/ired_msgs/ired_msgs
[8.985s] -- Up-to-date: /home/parallels/robot_ws/install/ired_msgs/include/ired_msgs/ired_msgs/msg
[8.985s] -- Installing: /home/parallels/robot_ws/install/ired_msgs/include/ired_msgs/ired_msgs/msg/rosidl_typesupport_fastrtps_cpp__visibility_control.h
[8.985s] -- Up-to-date: /home/parallels/robot_ws/install/ired_msgs/include/ired_msgs/ired_msgs/msg/detail
[8.985s] -- Installing: /home/parallels/robot_ws/install/ired_msgs/include/ired_msgs/ired_msgs/msg/detail/dds_fastrtps
[8.985s] -- Installing: /home/parallels/robot_ws/install/ired_msgs/include/ired_msgs/ired_msgs/msg/detail/motor_speed__rosidl_typesupport_fastrtps_cpp.hpp
[8.985s] -- Installing: /home/parallels/robot_ws/install/ired_msgs/include/ired_msgs/ired_msgs/msg/detail/motor_control__rosidl_typesupport_fastrtps_cpp.hpp
[8.985s] -- Installing: /home/parallels/robot_ws/install/ired_msgs/include/ired_msgs/ired_msgs/msg/detail/motor_data__rosidl_typesupport_fastrtps_cpp.hpp
[8.985s] -- Installing: /home/parallels/robot_ws/install/ired_msgs/include/ired_msgs/ired_msgs/msg/detail/imu_data__rosidl_typesupport_fastrtps_cpp.hpp
[8.985s] -- Up-to-date: /home/parallels/robot_ws/install/ired_msgs/include/ired_msgs/ired_msgs/srv
[8.985s] -- Up-to-date: /home/parallels/robot_ws/install/ired_msgs/include/ired_msgs/ired_msgs/srv/detail
[8.986s] -- Installing: /home/parallels/robot_ws/install/ired_msgs/include/ired_msgs/ired_msgs/srv/detail/dds_fastrtps
[8.986s] -- Installing: /home/parallels/robot_ws/install/ired_msgs/include/ired_msgs/ired_msgs/srv/detail/pid_tuning__rosidl_typesupport_fastrtps_cpp.hpp
[8.986s] -- Installing: /home/parallels/robot_ws/install/ired_msgs/lib/libired_msgs__rosidl_typesupport_fastrtps_cpp.so
[8.986s] -- Set non-toolchain portion of runtime path of "/home/parallels/robot_ws/install/ired_msgs/lib/libired_msgs__rosidl_typesupport_fastrtps_cpp.so" to ""
[8.986s] -- Up-to-date: /home/parallels/robot_ws/install/ired_msgs/include/ired_msgs/ired_msgs
[8.986s] -- Up-to-date: /home/parallels/robot_ws/install/ired_msgs/include/ired_msgs/ired_msgs/msg
[8.986s] -- Up-to-date: /home/parallels/robot_ws/install/ired_msgs/include/ired_msgs/ired_msgs/msg/detail
[8.986s] -- Installing: /home/parallels/robot_ws/install/ired_msgs/include/ired_msgs/ired_msgs/msg/detail/motor_control__rosidl_typesupport_introspection_c.h
[8.986s] -- Installing: /home/parallels/robot_ws/install/ired_msgs/include/ired_msgs/ired_msgs/msg/detail/motor_control__type_support.c
[8.986s] -- Installing: /home/parallels/robot_ws/install/ired_msgs/include/ired_msgs/ired_msgs/msg/detail/motor_data__rosidl_typesupport_introspection_c.h
[8.986s] -- Installing: /home/parallels/robot_ws/install/ired_msgs/include/ired_msgs/ired_msgs/msg/detail/motor_speed__type_support.c
[8.986s] -- Installing: /home/parallels/robot_ws/install/ired_msgs/include/ired_msgs/ired_msgs/msg/detail/motor_speed__rosidl_typesupport_introspection_c.h
[8.986s] -- Installing: /home/parallels/robot_ws/install/ired_msgs/include/ired_msgs/ired_msgs/msg/detail/imu_data__type_support.c
[8.986s] -- Installing: /home/parallels/robot_ws/install/ired_msgs/include/ired_msgs/ired_msgs/msg/detail/motor_data__type_support.c
[8.986s] -- Installing: /home/parallels/robot_ws/install/ired_msgs/include/ired_msgs/ired_msgs/msg/detail/imu_data__rosidl_typesupport_introspection_c.h
[8.986s] -- Installing: /home/parallels/robot_ws/install/ired_msgs/include/ired_msgs/ired_msgs/msg/rosidl_typesupport_introspection_c__visibility_control.h
[8.986s] -- Up-to-date: /home/parallels/robot_ws/install/ired_msgs/include/ired_msgs/ired_msgs/srv
[8.986s] -- Up-to-date: /home/parallels/robot_ws/install/ired_msgs/include/ired_msgs/ired_msgs/srv/detail
[8.987s] -- Installing: /home/parallels/robot_ws/install/ired_msgs/include/ired_msgs/ired_msgs/srv/detail/pid_tuning__rosidl_typesupport_introspection_c.h
[8.987s] -- Installing: /home/parallels/robot_ws/install/ired_msgs/include/ired_msgs/ired_msgs/srv/detail/pid_tuning__type_support.c
[8.987s] -- Installing: /home/parallels/robot_ws/install/ired_msgs/lib/libired_msgs__rosidl_typesupport_introspection_c.so
[8.987s] -- Set non-toolchain portion of runtime path of "/home/parallels/robot_ws/install/ired_msgs/lib/libired_msgs__rosidl_typesupport_introspection_c.so" to ""
[8.987s] -- Installing: /home/parallels/robot_ws/install/ired_msgs/lib/libired_msgs__rosidl_typesupport_c.so
[8.987s] -- Set non-toolchain portion of runtime path of "/home/parallels/robot_ws/install/ired_msgs/lib/libired_msgs__rosidl_typesupport_c.so" to ""
[8.987s] -- Up-to-date: /home/parallels/robot_ws/install/ired_msgs/include/ired_msgs/ired_msgs
[8.987s] -- Up-to-date: /home/parallels/robot_ws/install/ired_msgs/include/ired_msgs/ired_msgs/msg
[8.987s] -- Up-to-date: /home/parallels/robot_ws/install/ired_msgs/include/ired_msgs/ired_msgs/msg/detail
[8.987s] -- Installing: /home/parallels/robot_ws/install/ired_msgs/include/ired_msgs/ired_msgs/msg/detail/motor_data__rosidl_typesupport_introspection_cpp.hpp
[8.987s] -- Installing: /home/parallels/robot_ws/install/ired_msgs/include/ired_msgs/ired_msgs/msg/detail/motor_control__type_support.cpp
[8.987s] -- Installing: /home/parallels/robot_ws/install/ired_msgs/include/ired_msgs/ired_msgs/msg/detail/motor_control__rosidl_typesupport_introspection_cpp.hpp
[8.988s] -- Installing: /home/parallels/robot_ws/install/ired_msgs/include/ired_msgs/ired_msgs/msg/detail/imu_data__rosidl_typesupport_introspection_cpp.hpp
[8.988s] -- Installing: /home/parallels/robot_ws/install/ired_msgs/include/ired_msgs/ired_msgs/msg/detail/imu_data__type_support.cpp
[8.988s] -- Installing: /home/parallels/robot_ws/install/ired_msgs/include/ired_msgs/ired_msgs/msg/detail/motor_speed__rosidl_typesupport_introspection_cpp.hpp
[8.988s] -- Installing: /home/parallels/robot_ws/install/ired_msgs/include/ired_msgs/ired_msgs/msg/detail/motor_data__type_support.cpp
[8.988s] -- Installing: /home/parallels/robot_ws/install/ired_msgs/include/ired_msgs/ired_msgs/msg/detail/motor_speed__type_support.cpp
[8.988s] -- Up-to-date: /home/parallels/robot_ws/install/ired_msgs/include/ired_msgs/ired_msgs/srv
[8.988s] -- Up-to-date: /home/parallels/robot_ws/install/ired_msgs/include/ired_msgs/ired_msgs/srv/detail
[8.988s] -- Installing: /home/parallels/robot_ws/install/ired_msgs/include/ired_msgs/ired_msgs/srv/detail/pid_tuning__type_support.cpp
[8.988s] -- Installing: /home/parallels/robot_ws/install/ired_msgs/include/ired_msgs/ired_msgs/srv/detail/pid_tuning__rosidl_typesupport_introspection_cpp.hpp
[8.988s] -- Installing: /home/parallels/robot_ws/install/ired_msgs/lib/libired_msgs__rosidl_typesupport_introspection_cpp.so
[8.988s] -- Set non-toolchain portion of runtime path of "/home/parallels/robot_ws/install/ired_msgs/lib/libired_msgs__rosidl_typesupport_introspection_cpp.so" to ""
[8.988s] -- Installing: /home/parallels/robot_ws/install/ired_msgs/lib/libired_msgs__rosidl_typesupport_cpp.so
[8.988s] -- Set non-toolchain portion of runtime path of "/home/parallels/robot_ws/install/ired_msgs/lib/libired_msgs__rosidl_typesupport_cpp.so" to ""
[8.988s] -- Installing: /home/parallels/robot_ws/install/ired_msgs/share/ired_msgs/environment/pythonpath.sh
[8.989s] -- Installing: /home/parallels/robot_ws/install/ired_msgs/share/ired_msgs/environment/pythonpath.dsv
[8.989s] -- Installing: /home/parallels/robot_ws/install/ired_msgs/lib/python3.12/site-packages/ired_msgs-2.0.1-py3.12.egg-info
[8.989s] -- Installing: /home/parallels/robot_ws/install/ired_msgs/lib/python3.12/site-packages/ired_msgs-2.0.1-py3.12.egg-info/PKG-INFO
[8.989s] -- Installing: /home/parallels/robot_ws/install/ired_msgs/lib/python3.12/site-packages/ired_msgs-2.0.1-py3.12.egg-info/top_level.txt
[8.989s] -- Installing: /home/parallels/robot_ws/install/ired_msgs/lib/python3.12/site-packages/ired_msgs-2.0.1-py3.12.egg-info/dependency_links.txt
[8.989s] -- Installing: /home/parallels/robot_ws/install/ired_msgs/lib/python3.12/site-packages/ired_msgs-2.0.1-py3.12.egg-info/SOURCES.txt
[8.989s] -- Installing: /home/parallels/robot_ws/install/ired_msgs/lib/python3.12/site-packages/ired_msgs
[8.989s] -- Installing: /home/parallels/robot_ws/install/ired_msgs/lib/python3.12/site-packages/ired_msgs/ired_msgs_s__rosidl_typesupport_c.so
[8.990s] -- Installing: /home/parallels/robot_ws/install/ired_msgs/lib/python3.12/site-packages/ired_msgs/_ired_msgs_s.ep.rosidl_typesupport_c.c
[8.990s] -- Installing: /home/parallels/robot_ws/install/ired_msgs/lib/python3.12/site-packages/ired_msgs/_ired_msgs_s.ep.rosidl_typesupport_fastrtps_c.c
[8.990s] -- Installing: /home/parallels/robot_ws/install/ired_msgs/lib/python3.12/site-packages/ired_msgs/ired_msgs_s__rosidl_typesupport_fastrtps_c.so
[8.990s] -- Installing: /home/parallels/robot_ws/install/ired_msgs/lib/python3.12/site-packages/ired_msgs/_ired_msgs_s.ep.rosidl_typesupport_introspection_c.c
[8.990s] -- Installing: /home/parallels/robot_ws/install/ired_msgs/lib/python3.12/site-packages/ired_msgs/msg
[8.990s] -- Installing: /home/parallels/robot_ws/install/ired_msgs/lib/python3.12/site-packages/ired_msgs/msg/_motor_data.py
[8.990s] -- Installing: /home/parallels/robot_ws/install/ired_msgs/lib/python3.12/site-packages/ired_msgs/msg/_imu_data.py
[8.990s] -- Installing: /home/parallels/robot_ws/install/ired_msgs/lib/python3.12/site-packages/ired_msgs/msg/_motor_control.py
[8.990s] -- Installing: /home/parallels/robot_ws/install/ired_msgs/lib/python3.12/site-packages/ired_msgs/msg/_imu_data_s.c
[8.990s] -- Installing: /home/parallels/robot_ws/install/ired_msgs/lib/python3.12/site-packages/ired_msgs/msg/_motor_control_s.c
[8.990s] -- Installing: /home/parallels/robot_ws/install/ired_msgs/lib/python3.12/site-packages/ired_msgs/msg/_motor_data_s.c
[8.990s] -- Installing: /home/parallels/robot_ws/install/ired_msgs/lib/python3.12/site-packages/ired_msgs/msg/_motor_speed.py
[8.990s] -- Installing: /home/parallels/robot_ws/install/ired_msgs/lib/python3.12/site-packages/ired_msgs/msg/__init__.py
[8.990s] -- Installing: /home/parallels/robot_ws/install/ired_msgs/lib/python3.12/site-packages/ired_msgs/msg/_motor_speed_s.c
[8.990s] -- Installing: /home/parallels/robot_ws/install/ired_msgs/lib/python3.12/site-packages/ired_msgs/srv
[8.990s] -- Installing: /home/parallels/robot_ws/install/ired_msgs/lib/python3.12/site-packages/ired_msgs/srv/_pid_tuning_s.c
[8.990s] -- Installing: /home/parallels/robot_ws/install/ired_msgs/lib/python3.12/site-packages/ired_msgs/srv/_pid_tuning.py
[8.990s] -- Installing: /home/parallels/robot_ws/install/ired_msgs/lib/python3.12/site-packages/ired_msgs/srv/__init__.py
[8.990s] -- Installing: /home/parallels/robot_ws/install/ired_msgs/lib/python3.12/site-packages/ired_msgs/__init__.py
[8.990s] -- Installing: /home/parallels/robot_ws/install/ired_msgs/lib/python3.12/site-packages/ired_msgs/ired_msgs_s__rosidl_typesupport_introspection_c.so
[9.035s] Listing '/home/parallels/robot_ws/install/ired_msgs/lib/python3.12/site-packages/ired_msgs'...
[9.035s] Compiling '/home/parallels/robot_ws/install/ired_msgs/lib/python3.12/site-packages/ired_msgs/__init__.py'...
[9.035s] Listing '/home/parallels/robot_ws/install/ired_msgs/lib/python3.12/site-packages/ired_msgs/msg'...
[9.035s] Compiling '/home/parallels/robot_ws/install/ired_msgs/lib/python3.12/site-packages/ired_msgs/msg/__init__.py'...
[9.035s] Compiling '/home/parallels/robot_ws/install/ired_msgs/lib/python3.12/site-packages/ired_msgs/msg/_imu_data.py'...
[9.035s] Compiling '/home/parallels/robot_ws/install/ired_msgs/lib/python3.12/site-packages/ired_msgs/msg/_motor_control.py'...
[9.035s] Compiling '/home/parallels/robot_ws/install/ired_msgs/lib/python3.12/site-packages/ired_msgs/msg/_motor_data.py'...
[9.035s] Compiling '/home/parallels/robot_ws/install/ired_msgs/lib/python3.12/site-packages/ired_msgs/msg/_motor_speed.py'...
[9.035s] Listing '/home/parallels/robot_ws/install/ired_msgs/lib/python3.12/site-packages/ired_msgs/srv'...
[9.036s] Compiling '/home/parallels/robot_ws/install/ired_msgs/lib/python3.12/site-packages/ired_msgs/srv/__init__.py'...
[9.036s] Compiling '/home/parallels/robot_ws/install/ired_msgs/lib/python3.12/site-packages/ired_msgs/srv/_pid_tuning.py'...
[9.040s] -- Installing: /home/parallels/robot_ws/install/ired_msgs/lib/python3.12/site-packages/ired_msgs/ired_msgs_s__rosidl_typesupport_fastrtps_c.so
[9.040s] -- Set non-toolchain portion of runtime path of "/home/parallels/robot_ws/install/ired_msgs/lib/python3.12/site-packages/ired_msgs/ired_msgs_s__rosidl_typesupport_fastrtps_c.so" to ""
[9.041s] -- Installing: /home/parallels/robot_ws/install/ired_msgs/lib/python3.12/site-packages/ired_msgs/ired_msgs_s__rosidl_typesupport_introspection_c.so
[9.041s] -- Set non-toolchain portion of runtime path of "/home/parallels/robot_ws/install/ired_msgs/lib/python3.12/site-packages/ired_msgs/ired_msgs_s__rosidl_typesupport_introspection_c.so" to ""
[9.041s] -- Installing: /home/parallels/robot_ws/install/ired_msgs/lib/python3.12/site-packages/ired_msgs/ired_msgs_s__rosidl_typesupport_c.so
[9.041s] -- Set non-toolchain portion of runtime path of "/home/parallels/robot_ws/install/ired_msgs/lib/python3.12/site-packages/ired_msgs/ired_msgs_s__rosidl_typesupport_c.so" to ""
[9.041s] -- Installing: /home/parallels/robot_ws/install/ired_msgs/lib/libired_msgs__rosidl_generator_py.so
[9.042s] -- Set non-toolchain portion of runtime path of "/home/parallels/robot_ws/install/ired_msgs/lib/libired_msgs__rosidl_generator_py.so" to ""
[9.042s] -- Installing: /home/parallels/robot_ws/install/ired_msgs/share/ired_msgs/msg/IMUData.idl
[9.042s] -- Installing: /home/parallels/robot_ws/install/ired_msgs/share/ired_msgs/msg/MotorControl.idl
[9.042s] -- Installing: /home/parallels/robot_ws/install/ired_msgs/share/ired_msgs/msg/MotorData.idl
[9.042s] -- Installing: /home/parallels/robot_ws/install/ired_msgs/share/ired_msgs/msg/MotorSpeed.idl
[9.042s] -- Installing: /home/parallels/robot_ws/install/ired_msgs/share/ired_msgs/srv/PIDTuning.idl
[9.043s] -- Installing: /home/parallels/robot_ws/install/ired_msgs/share/ired_msgs/msg/IMUData.msg
[9.043s] -- Installing: /home/parallels/robot_ws/install/ired_msgs/share/ired_msgs/msg/MotorControl.msg
[9.043s] -- Installing: /home/parallels/robot_ws/install/ired_msgs/share/ired_msgs/msg/MotorData.msg
[9.043s] -- Installing: /home/parallels/robot_ws/install/ired_msgs/share/ired_msgs/msg/MotorSpeed.msg
[9.043s] -- Installing: /home/parallels/robot_ws/install/ired_msgs/share/ired_msgs/srv/PIDTuning.srv
[9.043s] -- Installing: /home/parallels/robot_ws/install/ired_msgs/share/ament_index/resource_index/package_run_dependencies/ired_msgs
[9.043s] -- Installing: /home/parallels/robot_ws/install/ired_msgs/share/ament_index/resource_index/parent_prefix_path/ired_msgs
[9.043s] -- Installing: /home/parallels/robot_ws/install/ired_msgs/share/ired_msgs/environment/ament_prefix_path.sh
[9.043s] -- Installing: /home/parallels/robot_ws/install/ired_msgs/share/ired_msgs/environment/ament_prefix_path.dsv
[9.043s] -- Installing: /home/parallels/robot_ws/install/ired_msgs/share/ired_msgs/environment/path.sh
[9.043s] -- Installing: /home/parallels/robot_ws/install/ired_msgs/share/ired_msgs/environment/path.dsv
[9.043s] -- Installing: /home/parallels/robot_ws/install/ired_msgs/share/ired_msgs/local_setup.bash
[9.043s] -- Installing: /home/parallels/robot_ws/install/ired_msgs/share/ired_msgs/local_setup.sh
[9.043s] -- Installing: /home/parallels/robot_ws/install/ired_msgs/share/ired_msgs/local_setup.zsh
[9.043s] -- Installing: /home/parallels/robot_ws/install/ired_msgs/share/ired_msgs/local_setup.dsv
[9.043s] -- Installing: /home/parallels/robot_ws/install/ired_msgs/share/ired_msgs/package.dsv
[9.043s] -- Installing: /home/parallels/robot_ws/install/ired_msgs/share/ament_index/resource_index/packages/ired_msgs
[9.043s] -- Installing: /home/parallels/robot_ws/install/ired_msgs/share/ired_msgs/cmake/export_ired_msgs__rosidl_generator_cExport.cmake
[9.043s] -- Installing: /home/parallels/robot_ws/install/ired_msgs/share/ired_msgs/cmake/export_ired_msgs__rosidl_generator_cExport-noconfig.cmake
[9.044s] -- Installing: /home/parallels/robot_ws/install/ired_msgs/share/ired_msgs/cmake/export_ired_msgs__rosidl_typesupport_fastrtps_cExport.cmake
[9.044s] -- Installing: /home/parallels/robot_ws/install/ired_msgs/share/ired_msgs/cmake/export_ired_msgs__rosidl_typesupport_fastrtps_cExport-noconfig.cmake
[9.044s] -- Installing: /home/parallels/robot_ws/install/ired_msgs/share/ired_msgs/cmake/export_ired_msgs__rosidl_generator_cppExport.cmake
[9.044s] -- Installing: /home/parallels/robot_ws/install/ired_msgs/share/ired_msgs/cmake/export_ired_msgs__rosidl_typesupport_fastrtps_cppExport.cmake
[9.044s] -- Installing: /home/parallels/robot_ws/install/ired_msgs/share/ired_msgs/cmake/export_ired_msgs__rosidl_typesupport_fastrtps_cppExport-noconfig.cmake
[9.045s] -- Installing: /home/parallels/robot_ws/install/ired_msgs/share/ired_msgs/cmake/ired_msgs__rosidl_typesupport_introspection_cExport.cmake
[9.045s] -- Installing: /home/parallels/robot_ws/install/ired_msgs/share/ired_msgs/cmake/ired_msgs__rosidl_typesupport_introspection_cExport-noconfig.cmake
[9.045s] -- Installing: /home/parallels/robot_ws/install/ired_msgs/share/ired_msgs/cmake/ired_msgs__rosidl_typesupport_cExport.cmake
[9.045s] -- Installing: /home/parallels/robot_ws/install/ired_msgs/share/ired_msgs/cmake/ired_msgs__rosidl_typesupport_cExport-noconfig.cmake
[9.045s] -- Installing: /home/parallels/robot_ws/install/ired_msgs/share/ired_msgs/cmake/ired_msgs__rosidl_typesupport_introspection_cppExport.cmake
[9.045s] -- Installing: /home/parallels/robot_ws/install/ired_msgs/share/ired_msgs/cmake/ired_msgs__rosidl_typesupport_introspection_cppExport-noconfig.cmake
[9.046s] -- Installing: /home/parallels/robot_ws/install/ired_msgs/share/ired_msgs/cmake/ired_msgs__rosidl_typesupport_cppExport.cmake
[9.046s] -- Installing: /home/parallels/robot_ws/install/ired_msgs/share/ired_msgs/cmake/ired_msgs__rosidl_typesupport_cppExport-noconfig.cmake
[9.046s] -- Installing: /home/parallels/robot_ws/install/ired_msgs/share/ired_msgs/cmake/export_ired_msgs__rosidl_generator_pyExport.cmake
[9.046s] -- Installing: /home/parallels/robot_ws/install/ired_msgs/share/ired_msgs/cmake/export_ired_msgs__rosidl_generator_pyExport-noconfig.cmake
[9.046s] -- Installing: /home/parallels/robot_ws/install/ired_msgs/share/ired_msgs/cmake/rosidl_cmake-extras.cmake
[9.046s] -- Installing: /home/parallels/robot_ws/install/ired_msgs/share/ired_msgs/cmake/ament_cmake_export_dependencies-extras.cmake
[9.046s] -- Installing: /home/parallels/robot_ws/install/ired_msgs/share/ired_msgs/cmake/ament_cmake_export_include_directories-extras.cmake
[9.046s] -- Installing: /home/parallels/robot_ws/install/ired_msgs/share/ired_msgs/cmake/ament_cmake_export_libraries-extras.cmake
[9.046s] -- Installing: /home/parallels/robot_ws/install/ired_msgs/share/ired_msgs/cmake/ament_cmake_export_targets-extras.cmake
[9.046s] -- Installing: /home/parallels/robot_ws/install/ired_msgs/share/ired_msgs/cmake/rosidl_cmake_export_typesupport_targets-extras.cmake
[9.046s] -- Installing: /home/parallels/robot_ws/install/ired_msgs/share/ired_msgs/cmake/rosidl_cmake_export_typesupport_libraries-extras.cmake
[9.046s] -- Installing: /home/parallels/robot_ws/install/ired_msgs/share/ired_msgs/cmake/ired_msgsConfig.cmake
[9.046s] -- Installing: /home/parallels/robot_ws/install/ired_msgs/share/ired_msgs/cmake/ired_msgsConfig-version.cmake
[9.046s] -- Installing: /home/parallels/robot_ws/install/ired_msgs/share/ired_msgs/package.xml
[9.047s] Invoked command in '/home/parallels/robot_ws/build/ired_msgs' returned '0': CMAKE_PREFIX_PATH=${CMAKE_PREFIX_PATH}:/home/parallels/robot_ws/install/kim_kardashian:/home/parallels/robot_ws/install/ired_teleop:/opt/ros/jazzy DEBUGINFOD_URLS=https://debuginfod.ubuntu.com /usr/bin/cmake --install /home/parallels/robot_ws/build/ired_msgs
