[0.287s] Invoking command in '/home/parallels/robot_ws/build/kim_kardashian': DEBUGINFOD_URLS=https://debuginfod.ubuntu.com PYTHONPATH=/home/parallels/robot_ws/build/kim_kardashian/prefix_override:/usr/lib/python3/dist-packages/colcon_core/task/python/colcon_distutils_commands:/home/parallels/robot_ws/install/kim_kardashian/lib/python3.12/site-packages:${PYTHONPATH} /usr/bin/python3 -W ignore:setup.py install is deprecated -W ignore:easy_install command is deprecated setup.py develop --editable --build-directory /home/parallels/robot_ws/build/kim_kardashian/build --no-deps symlink_data
[0.398s] running develop
[0.462s] running egg_info
[0.462s] creating kim_kardashian.egg-info
[0.468s] writing kim_kardashian.egg-info/PKG-INFO
[0.468s] writing dependency_links to kim_kardashian.egg-info/dependency_links.txt
[0.468s] writing requirements to kim_kardashian.egg-info/requires.txt
[0.468s] writing top-level names to kim_kardashian.egg-info/top_level.txt
[0.468s] writing manifest file 'kim_kardashian.egg-info/SOURCES.txt'
[0.480s] reading manifest file 'kim_kardashian.egg-info/SOURCES.txt'
[0.480s] writing manifest file 'kim_kardashian.egg-info/SOURCES.txt'
[0.487s] running build_ext
[0.487s] Creating /home/parallels/robot_ws/install/kim_kardashian/lib/python3.12/site-packages/kim-kardashian.egg-link (link to .)
[0.487s] 
[0.487s] Installed /home/parallels/robot_ws/build/kim_kardashian
[0.487s] running symlink_data
[0.487s] creating /home/parallels/robot_ws/install/kim_kardashian/share/ament_index
[0.487s] creating /home/parallels/robot_ws/install/kim_kardashian/share/ament_index/resource_index
[0.487s] creating /home/parallels/robot_ws/install/kim_kardashian/share/ament_index/resource_index/packages
[0.487s] symbolically linking /home/parallels/robot_ws/build/kim_kardashian/resource/kim_kardashian -> /home/parallels/robot_ws/install/kim_kardashian/share/ament_index/resource_index/packages
[0.487s] symbolically linking /home/parallels/robot_ws/build/kim_kardashian/package.xml -> /home/parallels/robot_ws/install/kim_kardashian/share/kim_kardashian
[0.487s] creating /home/parallels/robot_ws/install/kim_kardashian/share/kim_kardashian/launch
[0.487s] symbolically linking /home/parallels/robot_ws/build/kim_kardashian/launch/view_robot.launch.py -> /home/parallels/robot_ws/install/kim_kardashian/share/kim_kardashian/launch
[0.487s] creating /home/parallels/robot_ws/install/kim_kardashian/share/kim_kardashian/urdf
[0.487s] symbolically linking /home/parallels/robot_ws/build/kim_kardashian/urdf/kardashian.urdf.xaxcro -> /home/parallels/robot_ws/install/kim_kardashian/share/kim_kardashian/urdf
[0.501s] Invoked command in '/home/parallels/robot_ws/build/kim_kardashian' returned '0': DEBUGINFOD_URLS=https://debuginfod.ubuntu.com PYTHONPATH=/home/parallels/robot_ws/build/kim_kardashian/prefix_override:/usr/lib/python3/dist-packages/colcon_core/task/python/colcon_distutils_commands:/home/parallels/robot_ws/install/kim_kardashian/lib/python3.12/site-packages:${PYTHONPATH} /usr/bin/python3 -W ignore:setup.py install is deprecated -W ignore:easy_install command is deprecated setup.py develop --editable --build-directory /home/parallels/robot_ws/build/kim_kardashian/build --no-deps symlink_data
